Copyright 1986-2022 Xilinx, Inc. All Rights Reserved.
------------------------------------------------------------------------------------
| Tool Version : Vivado v.2022.2 (lin64) Build 3671981 Fri Oct 14 04:59:54 MDT 2022
| Date         : Sun Aug 27 12:10:11 2023
| Host         : binhkieudo-hotswap running 64-bit Ubuntu 20.04.6 LTS
| Command      : report_control_sets -verbose -file top_control_sets_placed.rpt
| Design       : top
| Device       : xc7z020
------------------------------------------------------------------------------------

Control Set Information

Table of Contents
-----------------
1. Summary
2. Histogram
3. Flip-Flop Distribution
4. Detailed Control Set Information

1. Summary
----------

+----------------------------------------------------------+-------+
|                          Status                          | Count |
+----------------------------------------------------------+-------+
| Total control sets                                       |    40 |
|    Minimum number of control sets                        |    40 |
|    Addition due to synthesis replication                 |     0 |
|    Addition due to physical synthesis replication        |     0 |
| Unused register locations in slices containing registers |   121 |
+----------------------------------------------------------+-------+
* Control sets can be merged at opt_design using control_set_merge or merge_equivalent_drivers
** Run report_qor_suggestions for automated merging and remapping suggestions


2. Histogram
------------

+--------------------+-------+
|       Fanout       | Count |
+--------------------+-------+
| Total control sets |    40 |
| >= 0 to < 4        |     3 |
| >= 4 to < 6        |    12 |
| >= 6 to < 8        |     3 |
| >= 8 to < 10       |     3 |
| >= 10 to < 12      |     0 |
| >= 12 to < 14      |     0 |
| >= 14 to < 16      |     1 |
| >= 16              |    18 |
+--------------------+-------+
* Control sets can be remapped at either synth_design or opt_design


3. Flip-Flop Distribution
-------------------------

+--------------+-----------------------+------------------------+-----------------+--------------+
| Clock Enable | Synchronous Set/Reset | Asynchronous Set/Reset | Total Registers | Total Slices |
+--------------+-----------------------+------------------------+-----------------+--------------+
| No           | No                    | No                     |              75 |           32 |
| No           | No                    | Yes                    |               0 |            0 |
| No           | Yes                   | No                     |             173 |           63 |
| Yes          | No                    | No                     |              71 |           27 |
| Yes          | No                    | Yes                    |               0 |            0 |
| Yes          | Yes                   | No                     |             448 |          114 |
+--------------+-----------------------+------------------------+-----------------+--------------+


4. Detailed Control Set Information
-----------------------------------

+-------------------------------------------------------------+------------------------------------------------+------------------------------------------------------+------------------+----------------+--------------+
|                         Clock Signal                        |                  Enable Signal                 |                   Set/Reset Signal                   | Slice Load Count | Bel Load Count | Bels / Slice |
+-------------------------------------------------------------+------------------------------------------------+------------------------------------------------------+------------------+----------------+--------------+
|  clock_gen/zynq_top_i/processing_system7_0/inst/FCLK_CLK0   | u0/u0/serv_dtm/tap_sync_tck_falling            | u0/u0/serv_dm/wb_rst                                 |                1 |              1 |         1.00 |
|  clock_gen/zynq_top_i/processing_system7_0/inst/FCLK_CLK0   | u0/u0/cpu/cpu/bufreg/data_reg[2]_0             | u0/u0/serv_dm/wb_rst                                 |                1 |              1 |         1.00 |
|  u0/u0/spi_inst0/FSM_sequential_spi_seq_next_reg[1]_i_2_n_0 |                                                |                                                      |                1 |              2 |         2.00 |
|  clock_gen/zynq_top_i/processing_system7_0/inst/FCLK_CLK0   | u0/u0/serv_dtm/tap_reg_ireg                    | u0/u0/serv_dtm/tap_reg_ireg[4]_i_1_n_0               |                1 |              4 |         4.00 |
|  clock_gen/zynq_top_i/processing_system7_0/inst/FCLK_CLK0   | u0/u0/serv_dtm/tap_reg_idcode[31]_i_2_n_0      |                                                      |                1 |              4 |         4.00 |
|  clock_gen/zynq_top_i/processing_system7_0/inst/FCLK_CLK0   | u0/u0/cpu/cpu/ctrl/rden                        | u0/u0/cpu/cpu/ctrl/o_ibus_adr_reg[2]_0               |                1 |              4 |         4.00 |
|  clock_gen/zynq_top_i/processing_system7_0/inst/FCLK_CLK0   | u0/u0/serv_dm/dm_ctrl_ldsw_progbuf[27]_i_1_n_0 |                                                      |                2 |              4 |         2.00 |
|  clock_gen/zynq_top_i/processing_system7_0/inst/FCLK_CLK0   | u0/u0/cpu/cpu/state/E[0]                       |                                                      |                2 |              4 |         2.00 |
|  clock_gen/zynq_top_i/processing_system7_0/inst/FCLK_CLK0   |                                                | u0/u0/cpu/cpu/state/SR[0]                            |                2 |              4 |         2.00 |
|  clock_gen/zynq_top_i/processing_system7_0/inst/FCLK_CLK0   |                                                | clock_gen/SR[0]                                      |                2 |              4 |         2.00 |
|  clock_gen/zynq_top_i/processing_system7_0/inst/FCLK_CLK0   | u0/u0/cpu/cpu/decode/opcode_reg[2]_2[0]        |                                                      |                1 |              5 |         5.00 |
|  clock_gen/zynq_top_i/processing_system7_0/inst/FCLK_CLK0   | u0/u0/serv_dm/dm_ctrl_ldsw_progbuf[27]_i_1_n_0 | u0/u0/serv_dm/dm_ctrl_ldsw_progbuf[11]_i_1_n_0       |                1 |              5 |         5.00 |
|  clock_gen/zynq_top_i/processing_system7_0/inst/FCLK_CLK0   | u0/u0/serv_dm/dm_ctrl_ldsw_progbuf[27]_i_1_n_0 | u0/u0/serv_dm/dm_ctrl_ldsw_progbuf[24]_i_1_n_0       |                1 |              5 |         5.00 |
|  clock_gen/zynq_top_i/processing_system7_0/inst/FCLK_CLK0   | u0/u0/cpu/cpu/decode/E[0]                      |                                                      |                2 |              5 |         2.50 |
|  clock_gen/zynq_top_i/processing_system7_0/inst/FCLK_CLK0   | u0/u0/serv_dtm/p_36_in                         | u0/u0/serv_dm/wb_rst                                 |                3 |              5 |         1.67 |
|  clock_gen/zynq_top_i/processing_system7_0/inst/FCLK_CLK0   | u0/u0/cpu/cpu/decode/opcode_reg[3]_1[0]        |                                                      |                1 |              6 |         6.00 |
|  clock_gen/zynq_top_i/processing_system7_0/inst/FCLK_CLK0   |                                                | u0/u0/serv_dm/dm_ctrl_hart_resume_ack                |                1 |              6 |         6.00 |
|  clock_gen/zynq_top_i/processing_system7_0/inst/FCLK_CLK0   | u0/u0/serv_dm/dm_ctrl_cmderr                   | u0/u0/serv_dm/wb_rst                                 |                2 |              6 |         3.00 |
|  clock_gen/zynq_top_i/processing_system7_0/inst/FCLK_CLK0   | u0/u0/spi_inst0/sr8[7]_i_1_n_0                 |                                                      |                2 |              8 |         4.00 |
|  clock_gen/zynq_top_i/processing_system7_0/inst/FCLK_CLK0   | u0/u0/serv_dtm/tap_reg_idcode[28]_i_1_n_0      | u0/u0/serv_dm/wb_rst                                 |                2 |              9 |         4.50 |
|  clock_gen/zynq_top_i/processing_system7_0/inst/FCLK_CLK0   | u0/u0/cpu/cpu/decode/opcode_reg[1]_0[0]        |                                                      |                3 |              9 |         3.00 |
|  clock_gen/zynq_top_i/processing_system7_0/inst/FCLK_CLK0   | u0/u0/serv_dm/wb_ibus_ack                      | u0/u0/serv_dm/dm_reg_dmcontrol_ndmreset_reg_1        |                5 |             14 |         2.80 |
|  clock_gen/zynq_top_i/processing_system7_0/inst/FCLK_CLK0   | u0/u0/serv_dtm/tap_sync_tck_rising             | u0/u0/serv_dtm/FSM_onehot_tap_ctrl_state[15]_i_1_n_0 |                3 |             16 |         5.33 |
|  clock_gen/zynq_top_i/processing_system7_0/inst/FCLK_CLK0   | u0/u0/serv_dtm/tap_reg_idcode[31]_i_2_n_0      | u0/u0/serv_dtm/tap_reg_idcode[31]_i_1_n_0            |                5 |             20 |         4.00 |
|  clock_gen/zynq_top_i/processing_system7_0/inst/FCLK_CLK0   | u0/u0/serv_dtm/tap_reg_dtmcs[31]_i_2_n_0       | u0/u0/serv_dtm/tap_reg_dtmcs[31]_i_1_n_0             |                4 |             27 |         6.75 |
|  clock_gen/zynq_top_i/processing_system7_0/inst/FCLK_CLK0   | u0/u0/cpu/cpu/ctrl/rden                        |                                                      |               13 |             28 |         2.15 |
|  clock_gen/zynq_top_i/processing_system7_0/inst/FCLK_CLK0   | u0/u0/cpu/cpu/decode/bufreg_en                 | u0/u0/serv_dm/dm_reg_dmcontrol_ndmreset_reg_1        |                8 |             30 |         3.75 |
|  clock_gen/zynq_top_i/processing_system7_0/inst/FCLK_CLK0   | u0/u0/cpu/cpu/state/o_cnt_r_reg[3]_1           | u0/u0/serv_dm/dm_reg_dmcontrol_ndmreset_reg_1        |                8 |             31 |         3.88 |
|  clock_gen/zynq_top_i/processing_system7_0/inst/FCLK_CLK0   | u0/u0/serv_dtm/dmi_rdata                       | u0/u0/serv_dm/wb_rst                                 |                6 |             32 |         5.33 |
|  clock_gen/zynq_top_i/processing_system7_0/inst/FCLK_CLK0   |                                                | u0/u0/serv_dtm/dmi_addr_reg[5]_0[1]                  |               10 |             32 |         3.20 |
|  clock_gen/zynq_top_i/processing_system7_0/inst/FCLK_CLK0   | u0/u0/cpu/cpu/decode/opcode_reg[2]_3[0]        | u0/u0/serv_dm/dm_reg_dmcontrol_ndmreset_reg_1        |               19 |             32 |         1.68 |
|  clock_gen/zynq_top_i/processing_system7_0/inst/FCLK_CLK0   | u0/u0/cpu/cpu/bufreg/E[0]                      | u0/u0/serv_dm/wb_rst                                 |                6 |             32 |         5.33 |
|  clock_gen/zynq_top_i/processing_system7_0/inst/FCLK_CLK0   | u0/u0/serv_dm/dm_reg_command[31]_i_1_n_0       | u0/u0/serv_dm/wb_rst                                 |                7 |             32 |         4.57 |
|  clock_gen/zynq_top_i/processing_system7_0/inst/FCLK_CLK0   | u0/u0/serv_dm/dm_reg_progbuf0                  | u0/u0/serv_dm/wb_rst                                 |                8 |             32 |         4.00 |
|  clock_gen/zynq_top_i/processing_system7_0/inst/FCLK_CLK0   | u0/u0/serv_dm/dm_reg_progbuf1                  | u0/u0/serv_dm/wb_rst                                 |                6 |             32 |         5.33 |
|  clock_gen/zynq_top_i/processing_system7_0/inst/FCLK_CLK0   | u0/u0/serv_dtm/dmi_wdata0                      | u0/u0/serv_dm/wb_rst                                 |                7 |             38 |         5.43 |
|  clock_gen/zynq_top_i/processing_system7_0/inst/FCLK_CLK0   | u0/u0/serv_dtm/tap_reg_dmi[39]_i_1_n_0         | u0/u0/serv_dm/wb_rst                                 |                9 |             40 |         4.44 |
|  clock_gen/zynq_top_i/processing_system7_0/inst/FCLK_CLK0   |                                                | u0/u0/serv_dm/dm_reg_dmcontrol_ndmreset_reg_1        |               23 |             50 |         2.17 |
|  clock_gen/zynq_top_i/processing_system7_0/inst/FCLK_CLK0   |                                                |                                                      |               31 |             73 |         2.35 |
|  clock_gen/zynq_top_i/processing_system7_0/inst/FCLK_CLK0   |                                                | u0/u0/serv_dm/wb_rst                                 |               25 |             77 |         3.08 |
+-------------------------------------------------------------+------------------------------------------------+------------------------------------------------------+------------------+----------------+--------------+


