Copyright 1986-2022 Xilinx, Inc. All Rights Reserved.
------------------------------------------------------------------------------------
| Tool Version : Vivado v.2022.2 (lin64) Build 3671981 Fri Oct 14 04:59:54 MDT 2022
| Date         : Sat Aug 19 00:43:11 2023
| Host         : binhkieudo-hotswap running 64-bit Ubuntu 20.04.6 LTS
| Command      : report_control_sets -verbose -file top_control_sets_placed.rpt
| Design       : top
| Device       : xc7vx485t
------------------------------------------------------------------------------------

Control Set Information

Table of Contents
-----------------
1. Summary
2. Histogram
3. Flip-Flop Distribution
4. Detailed Control Set Information

1. Summary
----------

+----------------------------------------------------------+-------+
|                          Status                          | Count |
+----------------------------------------------------------+-------+
| Total control sets                                       |    41 |
|    Minimum number of control sets                        |    41 |
|    Addition due to synthesis replication                 |     0 |
|    Addition due to physical synthesis replication        |     0 |
| Unused register locations in slices containing registers |   130 |
+----------------------------------------------------------+-------+
* Control sets can be merged at opt_design using control_set_merge or merge_equivalent_drivers
** Run report_qor_suggestions for automated merging and remapping suggestions


2. Histogram
------------

+--------------------+-------+
|       Fanout       | Count |
+--------------------+-------+
| Total control sets |    41 |
| >= 0 to < 4        |     3 |
| >= 4 to < 6        |    11 |
| >= 6 to < 8        |     3 |
| >= 8 to < 10       |     3 |
| >= 10 to < 12      |     0 |
| >= 12 to < 14      |     2 |
| >= 14 to < 16      |     1 |
| >= 16              |    18 |
+--------------------+-------+
* Control sets can be remapped at either synth_design or opt_design


3. Flip-Flop Distribution
-------------------------

+--------------+-----------------------+------------------------+-----------------+--------------+
| Clock Enable | Synchronous Set/Reset | Asynchronous Set/Reset | Total Registers | Total Slices |
+--------------+-----------------------+------------------------+-----------------+--------------+
| No           | No                    | No                     |              44 |           19 |
| No           | No                    | Yes                    |               0 |            0 |
| No           | Yes                   | No                     |             166 |           56 |
| Yes          | No                    | No                     |             119 |           42 |
| Yes          | No                    | Yes                    |               0 |            0 |
| Yes          | Yes                   | No                     |             421 |          110 |
+--------------+-----------------------+------------------------+-----------------+--------------+


4. Detailed Control Set Information
-----------------------------------

+--------------+---------------------------------------------+---------------------------------------------------+------------------+----------------+--------------+
| Clock Signal |                Enable Signal                |                  Set/Reset Signal                 | Slice Load Count | Bel Load Count | Bels / Slice |
+--------------+---------------------------------------------+---------------------------------------------------+------------------+----------------+--------------+
|  wb_clk_BUFG | u0/serv_dtm/tap_reg_dmi[70]_i_2_n_0         | u0/serv_dtm/tap_reg_dmi[71]_i_1_n_0               |                1 |              1 |         1.00 |
|  wb_clk_BUFG | u0/serv_dtm/tap_sync_tck_falling            | u0/serv_dm/wb_rst                                 |                1 |              1 |         1.00 |
|  wb_clk_BUFG | u0/serv_dtm/tap_reg_dmi[70]_i_2_n_0         | u0/serv_dtm/tap_reg_dmi[1]_i_1_n_0                |                1 |              2 |         2.00 |
|  wb_clk_BUFG | u0/serv_dtm/tap_reg_ireg[4]_i_2_n_0         | u0/serv_dtm/tap_reg_ireg[4]_i_1_n_0               |                1 |              4 |         4.00 |
|  wb_clk_BUFG |                                             | u0/cpu/cpu/state/SR[0]                            |                2 |              4 |         2.00 |
|  wb_clk_BUFG | u0/serv_dm/dm_ctrl_ldsw_progbuf[31]_i_1_n_0 |                                                   |                2 |              4 |         2.00 |
|  wb_clk_BUFG | u0/cpu/cpu/state/E[0]                       |                                                   |                1 |              4 |         4.00 |
|  wb_clk_BUFG | u0/serv_dtm/tap_reg_idcode[31]_i_2_n_0      |                                                   |                1 |              4 |         4.00 |
|  wb_clk_BUFG | u0/serv_dtm/p_30_in                         | u0/serv_dm/wb_rst                                 |                3 |              5 |         1.67 |
|  wb_clk_BUFG | u0/cpu/cpu/decode/E[0]                      |                                                   |                2 |              5 |         2.50 |
|  wb_clk_BUFG | u0/cpu/cpu/decode/opcode_reg[2]_2[0]        |                                                   |                2 |              5 |         2.50 |
|  wb_clk_BUFG | u0/cpu/cpu/ctrl/rden                        | u0/cpu/cpu/ctrl/opcode_reg[3]                     |                4 |              5 |         1.25 |
|  wb_clk_BUFG | u0/serv_dm/dm_ctrl_ldsw_progbuf[31]_i_1_n_0 | u0/serv_dm/dm_ctrl_ldsw_progbuf[11]_i_1_n_0       |                1 |              5 |         5.00 |
|  wb_clk_BUFG | u0/serv_dm/dm_ctrl_ldsw_progbuf[31]_i_1_n_0 | u0/serv_dm/dm_ctrl_ldsw_progbuf[24]_i_1_n_0       |                1 |              5 |         5.00 |
|  wb_clk_BUFG |                                             | u0/serv_dm/dm_ctrl_hart_resume_ack                |                1 |              6 |         6.00 |
|  wb_clk_BUFG | u0/cpu/cpu/decode/opcode_reg[3]_1[0]        |                                                   |                2 |              6 |         3.00 |
|  wb_clk_BUFG | u0/serv_dm/dm_ctrl_cmderr                   | u0/serv_dm/wb_rst                                 |                2 |              6 |         3.00 |
|  wb_clk_BUFG | u0/cpu/cpu/decode/opcode_reg[2]_1[0]        |                                                   |                2 |              9 |         4.50 |
|  wb_clk_BUFG | u0/serv_dtm/tap_reg_idcode[28]_i_1_n_0      | u0/serv_dm/wb_rst                                 |                2 |              9 |         4.50 |
|  wb_clk_BUFG | u0/serv_dtm/tap_reg_dmi[70]_i_2_n_0         | u0/serv_dtm/tap_reg_dmi[70]_i_1_n_0               |                2 |              9 |         4.50 |
|  wb_clk_BUFG | u0/cpu/rf_ram_if/wen1_r_reg_0               |                                                   |                3 |             12 |         4.00 |
|  wb_clk_BUFG | u0/cpu/rf_ram_if/rtrig1_reg_0               |                                                   |                3 |             12 |         4.00 |
|  wb_clk_BUFG | u0/serv_dm/wb_ibus_ack                      | u0/serv_dm/dm_reg_dmcontrol_ndmreset_reg_1        |                6 |             14 |         2.33 |
|  wb_clk_BUFG | u0/serv_dtm/tap_sync_tck_rising             | u0/serv_dtm/FSM_onehot_tap_ctrl_state[15]_i_1_n_0 |                3 |             16 |         5.33 |
|  wb_clk_BUFG | u0/serv_dtm/tap_reg_idcode[31]_i_2_n_0      | u0/serv_dtm/tap_reg_idcode[31]_i_1_n_0            |                3 |             20 |         6.67 |
|  wb_clk_BUFG | u0/cpu/cpu/ctrl/rden                        |                                                   |               13 |             27 |         2.08 |
|  wb_clk_BUFG | u0/serv_dtm/tap_reg_dtmcs[31]_i_2_n_0       | u0/serv_dtm/tap_reg_dtmcs[31]_i_1_n_0             |                5 |             27 |         5.40 |
|  wb_clk_BUFG | u0/cpu/cpu/decode/bufreg_en                 | u0/serv_dm/dm_reg_dmcontrol_ndmreset_reg_1        |                6 |             30 |         5.00 |
|  wb_clk_BUFG | u0/serv_dm/dm_reg_progbuf0                  | u0/serv_dm/wb_rst                                 |               10 |             32 |         3.20 |
|  wb_clk_BUFG | u0/cpu/cpu/bufreg/E[0]                      | u0/serv_dm/wb_rst                                 |                8 |             32 |         4.00 |
|  wb_clk_BUFG | u0/serv_dm/dm_reg_progbuf1                  | u0/serv_dm/wb_rst                                 |                7 |             32 |         4.57 |
|  wb_clk_BUFG | u0/serv_dtm/dmi_rdata                       | u0/serv_dm/wb_rst                                 |                5 |             32 |         6.40 |
|  wb_clk_BUFG | u0/cpu/cpu/state/o_cnt_r_reg[2]_0           | u0/serv_dm/dm_reg_dmcontrol_ndmreset_reg_1        |                6 |             32 |         5.33 |
|  wb_clk_BUFG | u0/cpu/cpu/decode/opcode_reg[2]_3[0]        | u0/serv_dm/dm_reg_dmcontrol_ndmreset_reg_1        |               14 |             32 |         2.29 |
|  wb_clk_BUFG |                                             | u0/serv_dtm/dmi_addr_reg[5]_0[1]                  |                9 |             32 |         3.56 |
|  wb_clk_BUFG | u0/serv_dm/dm_reg_command[31]_i_1_n_0       | u0/serv_dm/wb_rst                                 |                9 |             32 |         3.56 |
|  wb_clk_BUFG | u0/serv_dtm/dmi_wdata0                      | u0/serv_dm/wb_rst                                 |                9 |             38 |         4.22 |
|  wb_clk_BUFG |                                             |                                                   |               19 |             45 |         2.37 |
|  wb_clk_BUFG |                                             | u0/serv_dm/dm_reg_dmcontrol_ndmreset_reg_1        |               21 |             50 |         2.38 |
|  wb_clk_BUFG | u0/serv_dtm/tap_reg_dmi[70]_i_2_n_0         |                                                   |               17 |             60 |         3.53 |
|  wb_clk_BUFG |                                             | u0/serv_dm/wb_rst                                 |               23 |             74 |         3.22 |
+--------------+---------------------------------------------+---------------------------------------------------+------------------+----------------+--------------+


