
*** Running vivado
    with args -log zynq_top_processing_system7_0_1.vds -m64 -product Vivado -mode batch -messageDb vivado.pb -notrace -source zynq_top_processing_system7_0_1.tcl


****** Vivado v2022.2 (64-bit)
  **** SW Build 3671981 on Fri Oct 14 04:59:54 MDT 2022
  **** IP Build 3669848 on Fri Oct 14 08:30:02 MDT 2022
    ** Copyright 1986-2022 Xilinx, Inc. All Rights Reserved.

source zynq_top_processing_system7_0_1.tcl -notrace
Command: synth_design -top zynq_top_processing_system7_0_1 -part xc7z020clg400-1 -incremental_mode off -mode out_of_context
Starting synth_design
Attempting to get a license for feature 'Synthesis' and/or device 'xc7z020'
INFO: [Common 17-349] Got license for feature 'Synthesis' and/or device 'xc7z020'
INFO: [Device 21-403] Loading part xc7z020clg400-1
INFO: [Synth 8-7079] Multithreading enabled for synth_design using a maximum of 4 processes.
INFO: [Synth 8-7078] Launching helper process for spawning children vivado processes
INFO: [Synth 8-7075] Helper process launched with PID 49691
INFO: [Synth 8-11241] undeclared symbol 'REGCCE', assumed default net type 'wire' [/opt/Xilinx/Vivado/2022.2/data/verilog/src/unimacro/BRAM_SINGLE_MACRO.v:2170]
---------------------------------------------------------------------------------
Starting RTL Elaboration : Time (s): cpu = 00:00:04 ; elapsed = 00:00:04 . Memory (MB): peak = 2780.988 ; gain = 390.645 ; free physical = 2563 ; free virtual = 79764
Synthesis current peak Physical Memory [PSS] (MB): peak = 2200.050; parent = 1989.282; children = 210.768
Synthesis current peak Virtual Memory [VSS] (MB): peak = 3809.113; parent = 2780.992; children = 1028.121
---------------------------------------------------------------------------------
INFO: [Synth 8-6157] synthesizing module 'zynq_top_processing_system7_0_1' [/home/binhkieudo/Workspace/XRPIX/serial_riscv/deploy/Pynq-Z2/pynq/pynq.gen/sources_1/bd/zynq_top/ip/zynq_top_processing_system7_0_1/synth/zynq_top_processing_system7_0_1.v:53]
INFO: [Synth 8-6157] synthesizing module 'processing_system7_v5_5_processing_system7' [/home/binhkieudo/Workspace/XRPIX/serial_riscv/deploy/Pynq-Z2/pynq/pynq.gen/sources_1/bd/zynq_top/ip/zynq_top_processing_system7_0_1/hdl/verilog/processing_system7_v5_5_processing_system7.v:152]
INFO: [Synth 8-6157] synthesizing module 'BUFG' [/opt/Xilinx/Vivado/2022.2/scripts/rt/data/unisim_comp.v:1082]
INFO: [Synth 8-6155] done synthesizing module 'BUFG' (0#1) [/opt/Xilinx/Vivado/2022.2/scripts/rt/data/unisim_comp.v:1082]
INFO: [Synth 8-6157] synthesizing module 'BIBUF' [/opt/Xilinx/Vivado/2022.2/scripts/rt/data/unisim_comp.v:729]
INFO: [Synth 8-6155] done synthesizing module 'BIBUF' (0#1) [/opt/Xilinx/Vivado/2022.2/scripts/rt/data/unisim_comp.v:729]
INFO: [Synth 8-6157] synthesizing module 'PS7' [/opt/Xilinx/Vivado/2022.2/scripts/rt/data/unisim_comp.v:109424]
INFO: [Synth 8-6155] done synthesizing module 'PS7' (0#1) [/opt/Xilinx/Vivado/2022.2/scripts/rt/data/unisim_comp.v:109424]
INFO: [Synth 8-6155] done synthesizing module 'processing_system7_v5_5_processing_system7' (0#1) [/home/binhkieudo/Workspace/XRPIX/serial_riscv/deploy/Pynq-Z2/pynq/pynq.gen/sources_1/bd/zynq_top/ip/zynq_top_processing_system7_0_1/hdl/verilog/processing_system7_v5_5_processing_system7.v:152]
WARNING: [Synth 8-7071] port 'M_AXI_GP0_ARESETN' of module 'processing_system7_v5_5_processing_system7' is unconnected for instance 'inst' [/home/binhkieudo/Workspace/XRPIX/serial_riscv/deploy/Pynq-Z2/pynq/pynq.gen/sources_1/bd/zynq_top/ip/zynq_top_processing_system7_0_1/synth/zynq_top_processing_system7_0_1.v:323]
WARNING: [Synth 8-7071] port 'M_AXI_GP1_ARESETN' of module 'processing_system7_v5_5_processing_system7' is unconnected for instance 'inst' [/home/binhkieudo/Workspace/XRPIX/serial_riscv/deploy/Pynq-Z2/pynq/pynq.gen/sources_1/bd/zynq_top/ip/zynq_top_processing_system7_0_1/synth/zynq_top_processing_system7_0_1.v:323]
WARNING: [Synth 8-7071] port 'S_AXI_GP0_ARESETN' of module 'processing_system7_v5_5_processing_system7' is unconnected for instance 'inst' [/home/binhkieudo/Workspace/XRPIX/serial_riscv/deploy/Pynq-Z2/pynq/pynq.gen/sources_1/bd/zynq_top/ip/zynq_top_processing_system7_0_1/synth/zynq_top_processing_system7_0_1.v:323]
WARNING: [Synth 8-7071] port 'S_AXI_GP1_ARESETN' of module 'processing_system7_v5_5_processing_system7' is unconnected for instance 'inst' [/home/binhkieudo/Workspace/XRPIX/serial_riscv/deploy/Pynq-Z2/pynq/pynq.gen/sources_1/bd/zynq_top/ip/zynq_top_processing_system7_0_1/synth/zynq_top_processing_system7_0_1.v:323]
WARNING: [Synth 8-7071] port 'S_AXI_ACP_ARESETN' of module 'processing_system7_v5_5_processing_system7' is unconnected for instance 'inst' [/home/binhkieudo/Workspace/XRPIX/serial_riscv/deploy/Pynq-Z2/pynq/pynq.gen/sources_1/bd/zynq_top/ip/zynq_top_processing_system7_0_1/synth/zynq_top_processing_system7_0_1.v:323]
WARNING: [Synth 8-7071] port 'S_AXI_HP0_ARESETN' of module 'processing_system7_v5_5_processing_system7' is unconnected for instance 'inst' [/home/binhkieudo/Workspace/XRPIX/serial_riscv/deploy/Pynq-Z2/pynq/pynq.gen/sources_1/bd/zynq_top/ip/zynq_top_processing_system7_0_1/synth/zynq_top_processing_system7_0_1.v:323]
WARNING: [Synth 8-7071] port 'S_AXI_HP1_ARESETN' of module 'processing_system7_v5_5_processing_system7' is unconnected for instance 'inst' [/home/binhkieudo/Workspace/XRPIX/serial_riscv/deploy/Pynq-Z2/pynq/pynq.gen/sources_1/bd/zynq_top/ip/zynq_top_processing_system7_0_1/synth/zynq_top_processing_system7_0_1.v:323]
WARNING: [Synth 8-7071] port 'S_AXI_HP2_ARESETN' of module 'processing_system7_v5_5_processing_system7' is unconnected for instance 'inst' [/home/binhkieudo/Workspace/XRPIX/serial_riscv/deploy/Pynq-Z2/pynq/pynq.gen/sources_1/bd/zynq_top/ip/zynq_top_processing_system7_0_1/synth/zynq_top_processing_system7_0_1.v:323]
WARNING: [Synth 8-7071] port 'S_AXI_HP3_ARESETN' of module 'processing_system7_v5_5_processing_system7' is unconnected for instance 'inst' [/home/binhkieudo/Workspace/XRPIX/serial_riscv/deploy/Pynq-Z2/pynq/pynq.gen/sources_1/bd/zynq_top/ip/zynq_top_processing_system7_0_1/synth/zynq_top_processing_system7_0_1.v:323]
WARNING: [Synth 8-7071] port 'DMA0_RSTN' of module 'processing_system7_v5_5_processing_system7' is unconnected for instance 'inst' [/home/binhkieudo/Workspace/XRPIX/serial_riscv/deploy/Pynq-Z2/pynq/pynq.gen/sources_1/bd/zynq_top/ip/zynq_top_processing_system7_0_1/synth/zynq_top_processing_system7_0_1.v:323]
WARNING: [Synth 8-7071] port 'DMA1_RSTN' of module 'processing_system7_v5_5_processing_system7' is unconnected for instance 'inst' [/home/binhkieudo/Workspace/XRPIX/serial_riscv/deploy/Pynq-Z2/pynq/pynq.gen/sources_1/bd/zynq_top/ip/zynq_top_processing_system7_0_1/synth/zynq_top_processing_system7_0_1.v:323]
WARNING: [Synth 8-7071] port 'DMA2_RSTN' of module 'processing_system7_v5_5_processing_system7' is unconnected for instance 'inst' [/home/binhkieudo/Workspace/XRPIX/serial_riscv/deploy/Pynq-Z2/pynq/pynq.gen/sources_1/bd/zynq_top/ip/zynq_top_processing_system7_0_1/synth/zynq_top_processing_system7_0_1.v:323]
WARNING: [Synth 8-7071] port 'DMA3_RSTN' of module 'processing_system7_v5_5_processing_system7' is unconnected for instance 'inst' [/home/binhkieudo/Workspace/XRPIX/serial_riscv/deploy/Pynq-Z2/pynq/pynq.gen/sources_1/bd/zynq_top/ip/zynq_top_processing_system7_0_1/synth/zynq_top_processing_system7_0_1.v:323]
WARNING: [Synth 8-7023] instance 'inst' of module 'processing_system7_v5_5_processing_system7' has 685 connections declared, but only 672 given [/home/binhkieudo/Workspace/XRPIX/serial_riscv/deploy/Pynq-Z2/pynq/pynq.gen/sources_1/bd/zynq_top/ip/zynq_top_processing_system7_0_1/synth/zynq_top_processing_system7_0_1.v:323]
INFO: [Synth 8-6155] done synthesizing module 'zynq_top_processing_system7_0_1' (0#1) [/home/binhkieudo/Workspace/XRPIX/serial_riscv/deploy/Pynq-Z2/pynq/pynq.gen/sources_1/bd/zynq_top/ip/zynq_top_processing_system7_0_1/synth/zynq_top_processing_system7_0_1.v:53]
WARNING: [Synth 8-7129] Port ENET0_GMII_COL in module processing_system7_v5_5_processing_system7 is either unconnected or has no load
WARNING: [Synth 8-7129] Port ENET0_GMII_CRS in module processing_system7_v5_5_processing_system7 is either unconnected or has no load
WARNING: [Synth 8-7129] Port ENET0_GMII_RX_DV in module processing_system7_v5_5_processing_system7 is either unconnected or has no load
WARNING: [Synth 8-7129] Port ENET0_GMII_RX_ER in module processing_system7_v5_5_processing_system7 is either unconnected or has no load
WARNING: [Synth 8-7129] Port ENET0_GMII_RXD[7] in module processing_system7_v5_5_processing_system7 is either unconnected or has no load
WARNING: [Synth 8-7129] Port ENET0_GMII_RXD[6] in module processing_system7_v5_5_processing_system7 is either unconnected or has no load
WARNING: [Synth 8-7129] Port ENET0_GMII_RXD[5] in module processing_system7_v5_5_processing_system7 is either unconnected or has no load
WARNING: [Synth 8-7129] Port ENET0_GMII_RXD[4] in module processing_system7_v5_5_processing_system7 is either unconnected or has no load
WARNING: [Synth 8-7129] Port ENET0_GMII_RXD[3] in module processing_system7_v5_5_processing_system7 is either unconnected or has no load
WARNING: [Synth 8-7129] Port ENET0_GMII_RXD[2] in module processing_system7_v5_5_processing_system7 is either unconnected or has no load
WARNING: [Synth 8-7129] Port ENET0_GMII_RXD[1] in module processing_system7_v5_5_processing_system7 is either unconnected or has no load
WARNING: [Synth 8-7129] Port ENET0_GMII_RXD[0] in module processing_system7_v5_5_processing_system7 is either unconnected or has no load
WARNING: [Synth 8-7129] Port ENET1_GMII_COL in module processing_system7_v5_5_processing_system7 is either unconnected or has no load
WARNING: [Synth 8-7129] Port ENET1_GMII_CRS in module processing_system7_v5_5_processing_system7 is either unconnected or has no load
WARNING: [Synth 8-7129] Port ENET1_GMII_RX_DV in module processing_system7_v5_5_processing_system7 is either unconnected or has no load
WARNING: [Synth 8-7129] Port ENET1_GMII_RX_ER in module processing_system7_v5_5_processing_system7 is either unconnected or has no load
WARNING: [Synth 8-7129] Port ENET1_GMII_RXD[7] in module processing_system7_v5_5_processing_system7 is either unconnected or has no load
WARNING: [Synth 8-7129] Port ENET1_GMII_RXD[6] in module processing_system7_v5_5_processing_system7 is either unconnected or has no load
WARNING: [Synth 8-7129] Port ENET1_GMII_RXD[5] in module processing_system7_v5_5_processing_system7 is either unconnected or has no load
WARNING: [Synth 8-7129] Port ENET1_GMII_RXD[4] in module processing_system7_v5_5_processing_system7 is either unconnected or has no load
WARNING: [Synth 8-7129] Port ENET1_GMII_RXD[3] in module processing_system7_v5_5_processing_system7 is either unconnected or has no load
WARNING: [Synth 8-7129] Port ENET1_GMII_RXD[2] in module processing_system7_v5_5_processing_system7 is either unconnected or has no load
WARNING: [Synth 8-7129] Port ENET1_GMII_RXD[1] in module processing_system7_v5_5_processing_system7 is either unconnected or has no load
WARNING: [Synth 8-7129] Port ENET1_GMII_RXD[0] in module processing_system7_v5_5_processing_system7 is either unconnected or has no load
WARNING: [Synth 8-7129] Port S_AXI_GP0_ARSIZE[2] in module processing_system7_v5_5_processing_system7 is either unconnected or has no load
WARNING: [Synth 8-7129] Port S_AXI_GP0_AWSIZE[2] in module processing_system7_v5_5_processing_system7 is either unconnected or has no load
WARNING: [Synth 8-7129] Port S_AXI_GP1_ARSIZE[2] in module processing_system7_v5_5_processing_system7 is either unconnected or has no load
WARNING: [Synth 8-7129] Port S_AXI_GP1_AWSIZE[2] in module processing_system7_v5_5_processing_system7 is either unconnected or has no load
WARNING: [Synth 8-7129] Port S_AXI_ACP_ARSIZE[2] in module processing_system7_v5_5_processing_system7 is either unconnected or has no load
WARNING: [Synth 8-7129] Port S_AXI_ACP_AWSIZE[2] in module processing_system7_v5_5_processing_system7 is either unconnected or has no load
WARNING: [Synth 8-7129] Port S_AXI_HP0_ARSIZE[2] in module processing_system7_v5_5_processing_system7 is either unconnected or has no load
WARNING: [Synth 8-7129] Port S_AXI_HP0_AWSIZE[2] in module processing_system7_v5_5_processing_system7 is either unconnected or has no load
WARNING: [Synth 8-7129] Port S_AXI_HP1_ARSIZE[2] in module processing_system7_v5_5_processing_system7 is either unconnected or has no load
WARNING: [Synth 8-7129] Port S_AXI_HP1_AWSIZE[2] in module processing_system7_v5_5_processing_system7 is either unconnected or has no load
WARNING: [Synth 8-7129] Port S_AXI_HP2_ARSIZE[2] in module processing_system7_v5_5_processing_system7 is either unconnected or has no load
WARNING: [Synth 8-7129] Port S_AXI_HP2_AWSIZE[2] in module processing_system7_v5_5_processing_system7 is either unconnected or has no load
WARNING: [Synth 8-7129] Port S_AXI_HP3_ARSIZE[2] in module processing_system7_v5_5_processing_system7 is either unconnected or has no load
WARNING: [Synth 8-7129] Port S_AXI_HP3_AWSIZE[2] in module processing_system7_v5_5_processing_system7 is either unconnected or has no load
WARNING: [Synth 8-7129] Port FCLK_CLKTRIG3_N in module processing_system7_v5_5_processing_system7 is either unconnected or has no load
WARNING: [Synth 8-7129] Port FCLK_CLKTRIG2_N in module processing_system7_v5_5_processing_system7 is either unconnected or has no load
WARNING: [Synth 8-7129] Port FCLK_CLKTRIG1_N in module processing_system7_v5_5_processing_system7 is either unconnected or has no load
WARNING: [Synth 8-7129] Port FCLK_CLKTRIG0_N in module processing_system7_v5_5_processing_system7 is either unconnected or has no load
WARNING: [Synth 8-7129] Port FTMD_TRACEIN_DATA[31] in module processing_system7_v5_5_processing_system7 is either unconnected or has no load
WARNING: [Synth 8-7129] Port FTMD_TRACEIN_DATA[30] in module processing_system7_v5_5_processing_system7 is either unconnected or has no load
WARNING: [Synth 8-7129] Port FTMD_TRACEIN_DATA[29] in module processing_system7_v5_5_processing_system7 is either unconnected or has no load
WARNING: [Synth 8-7129] Port FTMD_TRACEIN_DATA[28] in module processing_system7_v5_5_processing_system7 is either unconnected or has no load
WARNING: [Synth 8-7129] Port FTMD_TRACEIN_DATA[27] in module processing_system7_v5_5_processing_system7 is either unconnected or has no load
WARNING: [Synth 8-7129] Port FTMD_TRACEIN_DATA[26] in module processing_system7_v5_5_processing_system7 is either unconnected or has no load
WARNING: [Synth 8-7129] Port FTMD_TRACEIN_DATA[25] in module processing_system7_v5_5_processing_system7 is either unconnected or has no load
WARNING: [Synth 8-7129] Port FTMD_TRACEIN_DATA[24] in module processing_system7_v5_5_processing_system7 is either unconnected or has no load
WARNING: [Synth 8-7129] Port FTMD_TRACEIN_DATA[23] in module processing_system7_v5_5_processing_system7 is either unconnected or has no load
WARNING: [Synth 8-7129] Port FTMD_TRACEIN_DATA[22] in module processing_system7_v5_5_processing_system7 is either unconnected or has no load
WARNING: [Synth 8-7129] Port FTMD_TRACEIN_DATA[21] in module processing_system7_v5_5_processing_system7 is either unconnected or has no load
WARNING: [Synth 8-7129] Port FTMD_TRACEIN_DATA[20] in module processing_system7_v5_5_processing_system7 is either unconnected or has no load
WARNING: [Synth 8-7129] Port FTMD_TRACEIN_DATA[19] in module processing_system7_v5_5_processing_system7 is either unconnected or has no load
WARNING: [Synth 8-7129] Port FTMD_TRACEIN_DATA[18] in module processing_system7_v5_5_processing_system7 is either unconnected or has no load
WARNING: [Synth 8-7129] Port FTMD_TRACEIN_DATA[17] in module processing_system7_v5_5_processing_system7 is either unconnected or has no load
WARNING: [Synth 8-7129] Port FTMD_TRACEIN_DATA[16] in module processing_system7_v5_5_processing_system7 is either unconnected or has no load
WARNING: [Synth 8-7129] Port FTMD_TRACEIN_DATA[15] in module processing_system7_v5_5_processing_system7 is either unconnected or has no load
WARNING: [Synth 8-7129] Port FTMD_TRACEIN_DATA[14] in module processing_system7_v5_5_processing_system7 is either unconnected or has no load
WARNING: [Synth 8-7129] Port FTMD_TRACEIN_DATA[13] in module processing_system7_v5_5_processing_system7 is either unconnected or has no load
WARNING: [Synth 8-7129] Port FTMD_TRACEIN_DATA[12] in module processing_system7_v5_5_processing_system7 is either unconnected or has no load
WARNING: [Synth 8-7129] Port FTMD_TRACEIN_DATA[11] in module processing_system7_v5_5_processing_system7 is either unconnected or has no load
WARNING: [Synth 8-7129] Port FTMD_TRACEIN_DATA[10] in module processing_system7_v5_5_processing_system7 is either unconnected or has no load
WARNING: [Synth 8-7129] Port FTMD_TRACEIN_DATA[9] in module processing_system7_v5_5_processing_system7 is either unconnected or has no load
WARNING: [Synth 8-7129] Port FTMD_TRACEIN_DATA[8] in module processing_system7_v5_5_processing_system7 is either unconnected or has no load
WARNING: [Synth 8-7129] Port FTMD_TRACEIN_DATA[7] in module processing_system7_v5_5_processing_system7 is either unconnected or has no load
WARNING: [Synth 8-7129] Port FTMD_TRACEIN_DATA[6] in module processing_system7_v5_5_processing_system7 is either unconnected or has no load
WARNING: [Synth 8-7129] Port FTMD_TRACEIN_DATA[5] in module processing_system7_v5_5_processing_system7 is either unconnected or has no load
WARNING: [Synth 8-7129] Port FTMD_TRACEIN_DATA[4] in module processing_system7_v5_5_processing_system7 is either unconnected or has no load
WARNING: [Synth 8-7129] Port FTMD_TRACEIN_DATA[3] in module processing_system7_v5_5_processing_system7 is either unconnected or has no load
WARNING: [Synth 8-7129] Port FTMD_TRACEIN_DATA[2] in module processing_system7_v5_5_processing_system7 is either unconnected or has no load
WARNING: [Synth 8-7129] Port FTMD_TRACEIN_DATA[1] in module processing_system7_v5_5_processing_system7 is either unconnected or has no load
WARNING: [Synth 8-7129] Port FTMD_TRACEIN_DATA[0] in module processing_system7_v5_5_processing_system7 is either unconnected or has no load
WARNING: [Synth 8-7129] Port FTMD_TRACEIN_VALID in module processing_system7_v5_5_processing_system7 is either unconnected or has no load
WARNING: [Synth 8-7129] Port FTMD_TRACEIN_ATID[3] in module processing_system7_v5_5_processing_system7 is either unconnected or has no load
WARNING: [Synth 8-7129] Port FTMD_TRACEIN_ATID[2] in module processing_system7_v5_5_processing_system7 is either unconnected or has no load
WARNING: [Synth 8-7129] Port FTMD_TRACEIN_ATID[1] in module processing_system7_v5_5_processing_system7 is either unconnected or has no load
WARNING: [Synth 8-7129] Port FTMD_TRACEIN_ATID[0] in module processing_system7_v5_5_processing_system7 is either unconnected or has no load
---------------------------------------------------------------------------------
Finished RTL Elaboration : Time (s): cpu = 00:00:05 ; elapsed = 00:00:06 . Memory (MB): peak = 2852.957 ; gain = 462.613 ; free physical = 2620 ; free virtual = 79825
Synthesis current peak Physical Memory [PSS] (MB): peak = 2200.050; parent = 1989.282; children = 210.768
Synthesis current peak Virtual Memory [VSS] (MB): peak = 3881.082; parent = 2852.961; children = 1028.121
---------------------------------------------------------------------------------
---------------------------------------------------------------------------------
Start Handling Custom Attributes
---------------------------------------------------------------------------------
---------------------------------------------------------------------------------
Finished Handling Custom Attributes : Time (s): cpu = 00:00:05 ; elapsed = 00:00:06 . Memory (MB): peak = 2870.770 ; gain = 480.426 ; free physical = 2618 ; free virtual = 79823
Synthesis current peak Physical Memory [PSS] (MB): peak = 2200.050; parent = 1989.282; children = 210.768
Synthesis current peak Virtual Memory [VSS] (MB): peak = 3898.895; parent = 2870.773; children = 1028.121
---------------------------------------------------------------------------------
---------------------------------------------------------------------------------
Finished RTL Optimization Phase 1 : Time (s): cpu = 00:00:05 ; elapsed = 00:00:06 . Memory (MB): peak = 2870.770 ; gain = 480.426 ; free physical = 2635 ; free virtual = 79840
Synthesis current peak Physical Memory [PSS] (MB): peak = 2200.050; parent = 1989.282; children = 210.768
Synthesis current peak Virtual Memory [VSS] (MB): peak = 3898.895; parent = 2870.773; children = 1028.121
---------------------------------------------------------------------------------
Netlist sorting complete. Time (s): cpu = 00:00:00.01 ; elapsed = 00:00:00 . Memory (MB): peak = 2876.707 ; gain = 0.000 ; free physical = 2619 ; free virtual = 79824
INFO: [Project 1-570] Preparing netlist for logic optimization

Processing XDC Constraints
Initializing timing engine
Parsing XDC File [/home/binhkieudo/Workspace/XRPIX/serial_riscv/deploy/Pynq-Z2/pynq/pynq.gen/sources_1/bd/zynq_top/ip/zynq_top_processing_system7_0_1/zynq_top_processing_system7_0_1.xdc] for cell 'inst'
Finished Parsing XDC File [/home/binhkieudo/Workspace/XRPIX/serial_riscv/deploy/Pynq-Z2/pynq/pynq.gen/sources_1/bd/zynq_top/ip/zynq_top_processing_system7_0_1/zynq_top_processing_system7_0_1.xdc] for cell 'inst'
INFO: [Project 1-236] Implementation specific constraints were found while reading constraint file [/home/binhkieudo/Workspace/XRPIX/serial_riscv/deploy/Pynq-Z2/pynq/pynq.gen/sources_1/bd/zynq_top/ip/zynq_top_processing_system7_0_1/zynq_top_processing_system7_0_1.xdc]. These constraints will be ignored for synthesis but will be used in implementation. Impacted constraints are listed in the file [.Xil/zynq_top_processing_system7_0_1_propImpl.xdc].
Resolution: To avoid this warning, move constraints listed in [.Xil/zynq_top_processing_system7_0_1_propImpl.xdc] to another XDC file and exclude this new file from synthesis with the used_in_synthesis property (File Properties dialog in GUI) and re-run elaboration/synthesis.
Parsing XDC File [/home/binhkieudo/Workspace/XRPIX/serial_riscv/deploy/Pynq-Z2/pynq/pynq.runs/zynq_top_processing_system7_0_1_synth_1/dont_touch.xdc]
Finished Parsing XDC File [/home/binhkieudo/Workspace/XRPIX/serial_riscv/deploy/Pynq-Z2/pynq/pynq.runs/zynq_top_processing_system7_0_1_synth_1/dont_touch.xdc]
Completed Processing XDC Constraints

Netlist sorting complete. Time (s): cpu = 00:00:00 ; elapsed = 00:00:00 . Memory (MB): peak = 2949.645 ; gain = 0.000 ; free physical = 2595 ; free virtual = 79804
INFO: [Project 1-111] Unisim Transformation Summary:
No Unisim elements were transformed.

Constraint Validation Runtime : Time (s): cpu = 00:00:00.02 ; elapsed = 00:00:00.02 . Memory (MB): peak = 2949.645 ; gain = 0.000 ; free physical = 2595 ; free virtual = 79804
INFO: [Designutils 20-5008] Incremental synthesis strategy off
INFO: [Synth 8-11241] undeclared symbol 'REGCCE', assumed default net type 'wire' [/opt/Xilinx/Vivado/2022.2/data/verilog/src/unimacro/BRAM_SINGLE_MACRO.v:2170]
---------------------------------------------------------------------------------
Finished Constraint Validation : Time (s): cpu = 00:00:12 ; elapsed = 00:00:13 . Memory (MB): peak = 2949.645 ; gain = 559.301 ; free physical = 2626 ; free virtual = 79843
Synthesis current peak Physical Memory [PSS] (MB): peak = 2201.669; parent = 1990.624; children = 211.045
Synthesis current peak Virtual Memory [VSS] (MB): peak = 3945.754; parent = 2917.633; children = 1028.121
---------------------------------------------------------------------------------
---------------------------------------------------------------------------------
Start Loading Part and Timing Information
---------------------------------------------------------------------------------
Loading part: xc7z020clg400-1
---------------------------------------------------------------------------------
Finished Loading Part and Timing Information : Time (s): cpu = 00:00:12 ; elapsed = 00:00:13 . Memory (MB): peak = 2949.645 ; gain = 559.301 ; free physical = 2624 ; free virtual = 79841
Synthesis current peak Physical Memory [PSS] (MB): peak = 2201.669; parent = 1990.624; children = 211.045
Synthesis current peak Virtual Memory [VSS] (MB): peak = 3945.754; parent = 2917.633; children = 1028.121
---------------------------------------------------------------------------------
---------------------------------------------------------------------------------
Start Applying 'set_property' XDC Constraints
---------------------------------------------------------------------------------
Applied set_property KEEP_HIERARCHY = SOFT for inst. (constraint file  /home/binhkieudo/Workspace/XRPIX/serial_riscv/deploy/Pynq-Z2/pynq/pynq.runs/zynq_top_processing_system7_0_1_synth_1/dont_touch.xdc, line 9).
---------------------------------------------------------------------------------
Finished applying 'set_property' XDC Constraints : Time (s): cpu = 00:00:12 ; elapsed = 00:00:13 . Memory (MB): peak = 2949.645 ; gain = 559.301 ; free physical = 2615 ; free virtual = 79833
Synthesis current peak Physical Memory [PSS] (MB): peak = 2201.669; parent = 1990.624; children = 211.045
Synthesis current peak Virtual Memory [VSS] (MB): peak = 3945.754; parent = 2917.633; children = 1028.121
---------------------------------------------------------------------------------
---------------------------------------------------------------------------------
Finished RTL Optimization Phase 2 : Time (s): cpu = 00:00:13 ; elapsed = 00:00:14 . Memory (MB): peak = 2949.645 ; gain = 559.301 ; free physical = 2647 ; free virtual = 79866
Synthesis current peak Physical Memory [PSS] (MB): peak = 2201.669; parent = 1990.624; children = 211.045
Synthesis current peak Virtual Memory [VSS] (MB): peak = 3945.754; parent = 2917.633; children = 1028.121
---------------------------------------------------------------------------------
---------------------------------------------------------------------------------
Start RTL Component Statistics 
---------------------------------------------------------------------------------
Detailed RTL Component Info : 
---------------------------------------------------------------------------------
Finished RTL Component Statistics 
---------------------------------------------------------------------------------
---------------------------------------------------------------------------------
Start Part Resource Summary
---------------------------------------------------------------------------------
Part Resources:
DSPs: 220 (col length:60)
BRAMs: 280 (col length: RAMB18 60 RAMB36 30)
---------------------------------------------------------------------------------
Finished Part Resource Summary
---------------------------------------------------------------------------------
---------------------------------------------------------------------------------
Start Cross Boundary and Area Optimization
---------------------------------------------------------------------------------
WARNING: [Synth 8-7080] Parallel synthesis criteria is not met
WARNING: [Synth 8-7129] Port ENET0_GMII_COL in module processing_system7_v5_5_processing_system7 is either unconnected or has no load
WARNING: [Synth 8-7129] Port ENET0_GMII_CRS in module processing_system7_v5_5_processing_system7 is either unconnected or has no load
WARNING: [Synth 8-7129] Port ENET0_GMII_RX_DV in module processing_system7_v5_5_processing_system7 is either unconnected or has no load
WARNING: [Synth 8-7129] Port ENET0_GMII_RX_ER in module processing_system7_v5_5_processing_system7 is either unconnected or has no load
WARNING: [Synth 8-7129] Port ENET0_GMII_RXD[7] in module processing_system7_v5_5_processing_system7 is either unconnected or has no load
WARNING: [Synth 8-7129] Port ENET0_GMII_RXD[6] in module processing_system7_v5_5_processing_system7 is either unconnected or has no load
WARNING: [Synth 8-7129] Port ENET0_GMII_RXD[5] in module processing_system7_v5_5_processing_system7 is either unconnected or has no load
WARNING: [Synth 8-7129] Port ENET0_GMII_RXD[4] in module processing_system7_v5_5_processing_system7 is either unconnected or has no load
WARNING: [Synth 8-7129] Port ENET0_GMII_RXD[3] in module processing_system7_v5_5_processing_system7 is either unconnected or has no load
WARNING: [Synth 8-7129] Port ENET0_GMII_RXD[2] in module processing_system7_v5_5_processing_system7 is either unconnected or has no load
WARNING: [Synth 8-7129] Port ENET0_GMII_RXD[1] in module processing_system7_v5_5_processing_system7 is either unconnected or has no load
WARNING: [Synth 8-7129] Port ENET0_GMII_RXD[0] in module processing_system7_v5_5_processing_system7 is either unconnected or has no load
WARNING: [Synth 8-7129] Port ENET1_GMII_COL in module processing_system7_v5_5_processing_system7 is either unconnected or has no load
WARNING: [Synth 8-7129] Port ENET1_GMII_CRS in module processing_system7_v5_5_processing_system7 is either unconnected or has no load
WARNING: [Synth 8-7129] Port ENET1_GMII_RX_DV in module processing_system7_v5_5_processing_system7 is either unconnected or has no load
WARNING: [Synth 8-7129] Port ENET1_GMII_RX_ER in module processing_system7_v5_5_processing_system7 is either unconnected or has no load
WARNING: [Synth 8-7129] Port ENET1_GMII_RXD[7] in module processing_system7_v5_5_processing_system7 is either unconnected or has no load
WARNING: [Synth 8-7129] Port ENET1_GMII_RXD[6] in module processing_system7_v5_5_processing_system7 is either unconnected or has no load
WARNING: [Synth 8-7129] Port ENET1_GMII_RXD[5] in module processing_system7_v5_5_processing_system7 is either unconnected or has no load
WARNING: [Synth 8-7129] Port ENET1_GMII_RXD[4] in module processing_system7_v5_5_processing_system7 is either unconnected or has no load
WARNING: [Synth 8-7129] Port ENET1_GMII_RXD[3] in module processing_system7_v5_5_processing_system7 is either unconnected or has no load
INFO: [Common 17-14] Message 'Synth 8-7129' appears 100 times and further instances of the messages will be disabled. Use the Tcl command set_msg_config to change the current settings.
---------------------------------------------------------------------------------
Finished Cross Boundary and Area Optimization : Time (s): cpu = 00:00:14 ; elapsed = 00:00:15 . Memory (MB): peak = 2949.645 ; gain = 559.301 ; free physical = 2633 ; free virtual = 79858
Synthesis current peak Physical Memory [PSS] (MB): peak = 2201.669; parent = 1990.624; children = 211.045
Synthesis current peak Virtual Memory [VSS] (MB): peak = 3945.754; parent = 2917.633; children = 1028.121
---------------------------------------------------------------------------------
---------------------------------------------------------------------------------
Start Applying XDC Timing Constraints
---------------------------------------------------------------------------------
---------------------------------------------------------------------------------
Finished Applying XDC Timing Constraints : Time (s): cpu = 00:00:19 ; elapsed = 00:00:20 . Memory (MB): peak = 3003.629 ; gain = 613.285 ; free physical = 2367 ; free virtual = 79598
Synthesis current peak Physical Memory [PSS] (MB): peak = 2426.403; parent = 2215.503; children = 211.045
Synthesis current peak Virtual Memory [VSS] (MB): peak = 4031.754; parent = 3003.633; children = 1028.121
---------------------------------------------------------------------------------
---------------------------------------------------------------------------------
Start Timing Optimization
---------------------------------------------------------------------------------
---------------------------------------------------------------------------------
Finished Timing Optimization : Time (s): cpu = 00:00:19 ; elapsed = 00:00:20 . Memory (MB): peak = 3023.637 ; gain = 633.293 ; free physical = 2357 ; free virtual = 79590
Synthesis current peak Physical Memory [PSS] (MB): peak = 2438.259; parent = 2227.362; children = 211.045
Synthesis current peak Virtual Memory [VSS] (MB): peak = 4051.762; parent = 3023.641; children = 1028.121
---------------------------------------------------------------------------------
---------------------------------------------------------------------------------
Start Technology Mapping
---------------------------------------------------------------------------------
---------------------------------------------------------------------------------
Finished Technology Mapping : Time (s): cpu = 00:00:19 ; elapsed = 00:00:20 . Memory (MB): peak = 3042.668 ; gain = 652.324 ; free physical = 2352 ; free virtual = 79586
Synthesis current peak Physical Memory [PSS] (MB): peak = 2438.747; parent = 2227.851; children = 211.045
Synthesis current peak Virtual Memory [VSS] (MB): peak = 4070.793; parent = 3042.672; children = 1028.121
---------------------------------------------------------------------------------
---------------------------------------------------------------------------------
Start IO Insertion
---------------------------------------------------------------------------------
---------------------------------------------------------------------------------
Start Flattening Before IO Insertion
---------------------------------------------------------------------------------
---------------------------------------------------------------------------------
Finished Flattening Before IO Insertion
---------------------------------------------------------------------------------
---------------------------------------------------------------------------------
Start Final Netlist Cleanup
---------------------------------------------------------------------------------
---------------------------------------------------------------------------------
Finished Final Netlist Cleanup
---------------------------------------------------------------------------------
---------------------------------------------------------------------------------
Finished IO Insertion : Time (s): cpu = 00:00:22 ; elapsed = 00:00:23 . Memory (MB): peak = 3042.668 ; gain = 652.324 ; free physical = 2344 ; free virtual = 79582
Synthesis current peak Physical Memory [PSS] (MB): peak = 2438.935; parent = 2228.038; children = 211.045
Synthesis current peak Virtual Memory [VSS] (MB): peak = 4070.793; parent = 3042.672; children = 1028.121
---------------------------------------------------------------------------------
---------------------------------------------------------------------------------
Start Renaming Generated Instances
---------------------------------------------------------------------------------
---------------------------------------------------------------------------------
Finished Renaming Generated Instances : Time (s): cpu = 00:00:22 ; elapsed = 00:00:23 . Memory (MB): peak = 3042.668 ; gain = 652.324 ; free physical = 2344 ; free virtual = 79582
Synthesis current peak Physical Memory [PSS] (MB): peak = 2438.950; parent = 2228.054; children = 211.045
Synthesis current peak Virtual Memory [VSS] (MB): peak = 4070.793; parent = 3042.672; children = 1028.121
---------------------------------------------------------------------------------
---------------------------------------------------------------------------------
Start Rebuilding User Hierarchy
---------------------------------------------------------------------------------
---------------------------------------------------------------------------------
Finished Rebuilding User Hierarchy : Time (s): cpu = 00:00:22 ; elapsed = 00:00:23 . Memory (MB): peak = 3042.668 ; gain = 652.324 ; free physical = 2344 ; free virtual = 79583
Synthesis current peak Physical Memory [PSS] (MB): peak = 2438.966; parent = 2228.069; children = 211.045
Synthesis current peak Virtual Memory [VSS] (MB): peak = 4070.793; parent = 3042.672; children = 1028.121
---------------------------------------------------------------------------------
---------------------------------------------------------------------------------
Start Renaming Generated Ports
---------------------------------------------------------------------------------
---------------------------------------------------------------------------------
Finished Renaming Generated Ports : Time (s): cpu = 00:00:22 ; elapsed = 00:00:23 . Memory (MB): peak = 3042.668 ; gain = 652.324 ; free physical = 2344 ; free virtual = 79583
Synthesis current peak Physical Memory [PSS] (MB): peak = 2438.966; parent = 2228.069; children = 211.045
Synthesis current peak Virtual Memory [VSS] (MB): peak = 4070.793; parent = 3042.672; children = 1028.121
---------------------------------------------------------------------------------
---------------------------------------------------------------------------------
Start Handling Custom Attributes
---------------------------------------------------------------------------------
---------------------------------------------------------------------------------
Finished Handling Custom Attributes : Time (s): cpu = 00:00:22 ; elapsed = 00:00:23 . Memory (MB): peak = 3042.668 ; gain = 652.324 ; free physical = 2344 ; free virtual = 79583
Synthesis current peak Physical Memory [PSS] (MB): peak = 2438.966; parent = 2228.069; children = 211.045
Synthesis current peak Virtual Memory [VSS] (MB): peak = 4070.793; parent = 3042.672; children = 1028.121
---------------------------------------------------------------------------------
---------------------------------------------------------------------------------
Start Renaming Generated Nets
---------------------------------------------------------------------------------
---------------------------------------------------------------------------------
Finished Renaming Generated Nets : Time (s): cpu = 00:00:22 ; elapsed = 00:00:23 . Memory (MB): peak = 3042.668 ; gain = 652.324 ; free physical = 2343 ; free virtual = 79582
Synthesis current peak Physical Memory [PSS] (MB): peak = 2438.997; parent = 2228.101; children = 211.045
Synthesis current peak Virtual Memory [VSS] (MB): peak = 4070.793; parent = 3042.672; children = 1028.121
---------------------------------------------------------------------------------
---------------------------------------------------------------------------------
Start Writing Synthesis Report
---------------------------------------------------------------------------------

Report BlackBoxes: 
+-+--------------+----------+
| |BlackBox name |Instances |
+-+--------------+----------+
+-+--------------+----------+

Report Cell Usage: 
+------+------+------+
|      |Cell  |Count |
+------+------+------+
|1     |BIBUF |   130|
|2     |BUFG  |     1|
|3     |LUT1  |    24|
|4     |PS7   |     1|
+------+------+------+
---------------------------------------------------------------------------------
Finished Writing Synthesis Report : Time (s): cpu = 00:00:22 ; elapsed = 00:00:23 . Memory (MB): peak = 3042.668 ; gain = 652.324 ; free physical = 2343 ; free virtual = 79582
Synthesis current peak Physical Memory [PSS] (MB): peak = 2439.028; parent = 2228.132; children = 211.045
Synthesis current peak Virtual Memory [VSS] (MB): peak = 4070.793; parent = 3042.672; children = 1028.121
---------------------------------------------------------------------------------
Synthesis finished with 0 errors, 0 critical warnings and 80 warnings.
Synthesis Optimization Runtime : Time (s): cpu = 00:00:20 ; elapsed = 00:00:21 . Memory (MB): peak = 3042.668 ; gain = 573.449 ; free physical = 2386 ; free virtual = 79625
Synthesis Optimization Complete : Time (s): cpu = 00:00:22 ; elapsed = 00:00:24 . Memory (MB): peak = 3042.676 ; gain = 652.324 ; free physical = 2386 ; free virtual = 79625
INFO: [Project 1-571] Translating synthesized netlist
Netlist sorting complete. Time (s): cpu = 00:00:00.01 ; elapsed = 00:00:00.01 . Memory (MB): peak = 3042.676 ; gain = 0.000 ; free physical = 2457 ; free virtual = 79696
INFO: [Project 1-570] Preparing netlist for logic optimization
INFO: [Opt 31-138] Pushed 0 inverter(s) to 0 load pin(s).
Netlist sorting complete. Time (s): cpu = 00:00:00 ; elapsed = 00:00:00 . Memory (MB): peak = 3057.512 ; gain = 0.000 ; free physical = 2436 ; free virtual = 79676
INFO: [Project 1-111] Unisim Transformation Summary:
No Unisim elements were transformed.

Synth Design complete, checksum: 49bc3288
INFO: [Common 17-83] Releasing license: Synthesis
27 Infos, 115 Warnings, 0 Critical Warnings and 0 Errors encountered.
synth_design completed successfully
synth_design: Time (s): cpu = 00:00:29 ; elapsed = 00:00:28 . Memory (MB): peak = 3057.512 ; gain = 1000.699 ; free physical = 2784 ; free virtual = 80024
INFO: [Common 17-1381] The checkpoint '/home/binhkieudo/Workspace/XRPIX/serial_riscv/deploy/Pynq-Z2/pynq/pynq.runs/zynq_top_processing_system7_0_1_synth_1/zynq_top_processing_system7_0_1.dcp' has been generated.
INFO: [runtcl-4] Executing : report_utilization -file zynq_top_processing_system7_0_1_utilization_synth.rpt -pb zynq_top_processing_system7_0_1_utilization_synth.pb
INFO: [Common 17-206] Exiting Vivado at Sun Aug 27 11:43:20 2023...
