#-----------------------------------------------------------
# Vivado v2022.2 (64-bit)
# SW Build 3671981 on Fri Oct 14 04:59:54 MDT 2022
# IP Build 3669848 on Fri Oct 14 08:30:02 MDT 2022
# Start of session at: Thu Aug 17 13:59:48 2023
# Process ID: 1591964
# Current directory: /home/binhkieudo/Workspace/XRPIX/urisc-serv/serial_riscv/deploy
# Command line: vivado ./Arty_A7/Arty_A7.xpr
# Log file: /home/binhkieudo/Workspace/XRPIX/urisc-serv/serial_riscv/deploy/vivado.log
# Journal file: /home/binhkieudo/Workspace/XRPIX/urisc-serv/serial_riscv/deploy/vivado.jou
# Running On: binhkieudo, OS: Linux, CPU Frequency: 3300.000 MHz, CPU Physical cores: 10, Host memory: 134739 MB
#-----------------------------------------------------------
start_gui
open_project ./Arty_A7/Arty_A7.xpr
WARNING: [Board 49-26] cannot add Board Part xilinx.com:vek280_es:part0:1.0 available at /tools/Xilinx/Vivado/2022.2/data/xhub/boards/XilinxBoardStore/boards/Xilinx/vek280/es/1.0/board.xml as part xcve2802-vsvh1760-2lp-e-s-es1 specified in board_part file is either invalid or not available
WARNING: [Board 49-26] cannot add Board Part xilinx.com:vhk158_es:part0:1.0 available at /tools/Xilinx/Vivado/2022.2/data/xhub/boards/XilinxBoardStore/boards/Xilinx/vhk158/es/1.0/board.xml as part xcvh1582-vsva3697-2mp-e-s-es1 specified in board_part file is either invalid or not available
WARNING: [Board 49-26] cannot add Board Part xilinx.com:vpk120_es:part0:1.2 available at /tools/Xilinx/Vivado/2022.2/data/xhub/boards/XilinxBoardStore/boards/Xilinx/vpk120/es/1.2/board.xml as part xcvp1202-vsva2785-2mp-e-s-es1 specified in board_part file is either invalid or not available
WARNING: [Board 49-26] cannot add Board Part xilinx.com:vpk120_es_revb:part0:1.0 available at /tools/Xilinx/Vivado/2022.2/data/xhub/boards/XilinxBoardStore/boards/Xilinx/vpk120_revb/es/1.0/board.xml as part xcvp1202-vsva2785-2mp-e-s-es1 specified in board_part file is either invalid or not available
WARNING: [Board 49-26] cannot add Board Part xilinx.com:vpk180_es:part0:1.0 available at /tools/Xilinx/Vivado/2022.2/data/xhub/boards/XilinxBoardStore/boards/Xilinx/vpk180/es/1.0/board.xml as part xcvp1802-lsvc4072-2mp-e-s-es1 specified in board_part file is either invalid or not available
WARNING: [Board 49-26] cannot add Board Part xilinx.com:zcu208ld:part0:2.0 available at /tools/Xilinx/Vivado/2022.2/data/xhub/boards/XilinxBoardStore/boards/Xilinx/zcu208ld/production/2.0/board.xml as part xczu58dr-fsvg1517-2-i specified in board_part file is either invalid or not available
WARNING: [Board 49-26] cannot add Board Part xilinx.com:zcu216ld:part0:2.0 available at /tools/Xilinx/Vivado/2022.2/data/xhub/boards/XilinxBoardStore/boards/Xilinx/zcu216ld/production/2.0/board.xml as part xczu59dr-ffvf1760-2-i specified in board_part file is either invalid or not available
WARNING: [Board 49-26] cannot add Board Part xilinx.com:zcu670:part0:2.0 available at /tools/Xilinx/Vivado/2022.2/data/xhub/boards/XilinxBoardStore/boards/Xilinx/zcu670/2.0/board.xml as part xczu67dr-fsve1156-2-i specified in board_part file is either invalid or not available
WARNING: [Board 49-26] cannot add Board Part xilinx.com:zcu670ld:part0:1.0 available at /tools/Xilinx/Vivado/2022.2/data/xhub/boards/XilinxBoardStore/boards/Xilinx/zcu670ld/1.0/board.xml as part xczu57dr-fsve1156-2-i specified in board_part file is either invalid or not available
Scanning sources...
Finished scanning sources
WARNING: [Board 49-151] The current board 'digilentinc.com::arty-a7-35:1.1' is from a local repo. The vivado install has a corresponding board with version greater than or equal to the local repo board. Please use boards from vivado install to avoid any upgrade/migrate issues
INFO: [IP_Flow 19-234] Refreshing IP repositories
INFO: [IP_Flow 19-1704] No user IP repositories specified
INFO: [IP_Flow 19-2313] Loaded Vivado IP repository '/tools/Xilinx/Vivado/2022.2/data/ip'.
open_project: Time (s): cpu = 00:00:20 ; elapsed = 00:00:07 . Memory (MB): peak = 7370.074 ; gain = 278.387 ; free physical = 100762 ; free virtual = 121520
open_hw_manager
update_compile_order -fileset sources_1
connect_hw_server -allow_non_jtag
INFO: [Labtools 27-2285] Connecting to hw_server url TCP:localhost:3121
INFO: [Labtools 27-2222] Launching hw_server...
INFO: [Labtools 27-2221] Launch Output:

****** Xilinx hw_server v2022.2
  **** Build date : Oct 14 2022 at 05:10:28
    ** Copyright 1986-2022 Xilinx, Inc. All Rights Reserved.


INFO: [Labtools 27-3415] Connecting to cs_server url TCP:localhost:0
INFO: [Labtools 27-3417] Launching cs_server...
INFO: [Labtools 27-2221] Launch Output:


******** Xilinx cs_server v2022.2.0
  ****** Build date   : Oct 05 2022-08:25:37
    **** Build number : 2022.2.1664925937
      ** Copyright 2017-2023 Xilinx, Inc. All Rights Reserved.



open_hw_target
INFO: [Labtoolstcl 44-466] Opening hw_target localhost:3121/xilinx_tcf/Digilent/210319B4A283A
set_property PROGRAM.FILE {/home/binhkieudo/Workspace/XRPIX/urisc-serv/serial_riscv/deploy/Arty_A7/Arty_A7.runs/impl_1/top_artya7.bit} [get_hw_devices xc7a35t_0]
set_property PROBES.FILE {/home/binhkieudo/Workspace/XRPIX/urisc-serv/serial_riscv/deploy/Arty_A7/Arty_A7.runs/impl_1/top_artya7.ltx} [get_hw_devices xc7a35t_0]
set_property FULL_PROBES.FILE {/home/binhkieudo/Workspace/XRPIX/urisc-serv/serial_riscv/deploy/Arty_A7/Arty_A7.runs/impl_1/top_artya7.ltx} [get_hw_devices xc7a35t_0]
current_hw_device [get_hw_devices xc7a35t_0]
refresh_hw_device [lindex [get_hw_devices xc7a35t_0] 0]
INFO: [Labtools 27-1434] Device xc7a35t (JTAG device index = 0) is programmed with a design that has no supported debug core(s) in it.
WARNING: [Labtools 27-3361] The debug hub core was not detected.
Resolution: 
1. Make sure the clock connected to the debug hub (dbg_hub) core is a free running clock and is active.
2. Make sure the BSCAN_SWITCH_USER_MASK device property in Vivado Hardware Manager reflects the user scan chain setting in the design and refresh the device.  To determine the user scan chain setting in the design, open the implemented design and use 'get_property C_USER_SCAN_CHAIN [get_debug_cores dbg_hub]'.
For more details on setting the scan chain property, consult the Vivado Debug and Programming User Guide (UG908).
WARNING: [Labtools 27-3413] Dropping logic core with cellname:'u0/serv_dm/ila0_inst' at location 'uuid_0812484C646952B7B30E9CA3F0370422' from probes file, since it cannot be found on the programmed device.
refresh_hw_device [lindex [get_hw_devices xc7a35t_0] 0]
INFO: [Labtools 27-1435] Device xc7a35t (JTAG device index = 0) is not programmed (DONE status = 0).
set_property PROBES.FILE {/home/binhkieudo/Workspace/XRPIX/urisc-serv/serial_riscv/deploy/Arty_A7/Arty_A7.runs/impl_1/top_artya7.ltx} [get_hw_devices xc7a35t_0]
set_property FULL_PROBES.FILE {/home/binhkieudo/Workspace/XRPIX/urisc-serv/serial_riscv/deploy/Arty_A7/Arty_A7.runs/impl_1/top_artya7.ltx} [get_hw_devices xc7a35t_0]
set_property PROGRAM.FILE {/home/binhkieudo/Workspace/XRPIX/urisc-serv/serial_riscv/deploy/Arty_A7/Arty_A7.runs/impl_1/top_artya7.bit} [get_hw_devices xc7a35t_0]
program_hw_devices [get_hw_devices xc7a35t_0]
INFO: [Labtools 27-3164] End of startup status: HIGH
refresh_hw_device [lindex [get_hw_devices xc7a35t_0] 0]
INFO: [Labtools 27-2302] Device xc7a35t (JTAG device index = 0) is programmed with a design that has 1 ILA core(s).
display_hw_ila_data [ get_hw_ila_data hw_ila_data_1 -of_objects [get_hw_ilas -of_objects [get_hw_devices xc7a35t_0] -filter {CELL_NAME=~"u0/serv_dm/ila0_inst"}]]
refresh_hw_device [lindex [get_hw_devices xc7a35t_0] 0]
INFO: [Labtools 27-1435] Device xc7a35t (JTAG device index = 0) is not programmed (DONE status = 0).
set_property PROBES.FILE {/home/binhkieudo/Workspace/XRPIX/urisc-serv/serial_riscv/deploy/Arty_A7/Arty_A7.runs/impl_1/top_artya7.ltx} [get_hw_devices xc7a35t_0]
set_property FULL_PROBES.FILE {/home/binhkieudo/Workspace/XRPIX/urisc-serv/serial_riscv/deploy/Arty_A7/Arty_A7.runs/impl_1/top_artya7.ltx} [get_hw_devices xc7a35t_0]
set_property PROGRAM.FILE {/home/binhkieudo/Workspace/XRPIX/urisc-serv/serial_riscv/deploy/Arty_A7/Arty_A7.runs/impl_1/top_artya7.bit} [get_hw_devices xc7a35t_0]
program_hw_devices [get_hw_devices xc7a35t_0]
INFO: [Labtools 27-3164] End of startup status: HIGH
refresh_hw_device [lindex [get_hw_devices xc7a35t_0] 0]
INFO: [Labtools 27-2302] Device xc7a35t (JTAG device index = 0) is programmed with a design that has 1 ILA core(s).
run_hw_ila [get_hw_ilas -of_objects [get_hw_devices xc7a35t_0] -filter {CELL_NAME=~"u0/serv_dm/ila0_inst"}]
INFO: [Labtools 27-1964] The ILA core 'hw_ila_1' trigger was armed at 2023-Aug-17 14:24:45
wait_on_hw_ila -timeout 0 [get_hw_ilas -of_objects [get_hw_devices xc7a35t_0] -filter {CELL_NAME=~"u0/serv_dm/ila0_inst"}]
upload_hw_ila_data [get_hw_ilas -of_objects [get_hw_devices xc7a35t_0] -filter {CELL_NAME=~"u0/serv_dm/ila0_inst"}]
INFO: [Labtools 27-1965] The ILA core 'hw_ila_1' trigger was stopped by user at 2023-Aug-17 14:24:53
WARNING: [Labtools 27-157] hw_ila [hw_ila_1] stopped. No data to upload.
set_property TRIGGER_COMPARE_VALUE eq32'hXX9F_XXXX [get_hw_probes u0/serv_dm/i_dmi_req_data -of_objects [get_hw_ilas -of_objects [get_hw_devices xc7a35t_0] -filter {CELL_NAME=~"u0/serv_dm/ila0_inst"}]]
run_hw_ila [get_hw_ilas -of_objects [get_hw_devices xc7a35t_0] -filter {CELL_NAME=~"u0/serv_dm/ila0_inst"}]
INFO: [Labtools 27-1964] The ILA core 'hw_ila_1' trigger was armed at 2023-Aug-17 14:25:00
wait_on_hw_ila -timeout 0 [get_hw_ilas -of_objects [get_hw_devices xc7a35t_0] -filter {CELL_NAME=~"u0/serv_dm/ila0_inst"}]
upload_hw_ila_data [get_hw_ilas -of_objects [get_hw_devices xc7a35t_0] -filter {CELL_NAME=~"u0/serv_dm/ila0_inst"}]
INFO: [Labtools 27-1965] The ILA core 'hw_ila_1' trigger was stopped by user at 2023-Aug-17 14:25:08
WARNING: [Labtools 27-157] hw_ila [hw_ila_1] stopped. No data to upload.
set_property TRIGGER_COMPARE_VALUE eq32'hXXXX_9FXX [get_hw_probes u0/serv_dm/i_dmi_req_data -of_objects [get_hw_ilas -of_objects [get_hw_devices xc7a35t_0] -filter {CELL_NAME=~"u0/serv_dm/ila0_inst"}]]
run_hw_ila [get_hw_ilas -of_objects [get_hw_devices xc7a35t_0] -filter {CELL_NAME=~"u0/serv_dm/ila0_inst"}]
INFO: [Labtools 27-1964] The ILA core 'hw_ila_1' trigger was armed at 2023-Aug-17 14:25:14
set_property TRIGGER_COMPARE_VALUE eq32'hXXXX_XX9F [get_hw_probes u0/serv_dm/i_dmi_req_data -of_objects [get_hw_ilas -of_objects [get_hw_devices xc7a35t_0] -filter {CELL_NAME=~"u0/serv_dm/ila0_inst"}]]
wait_on_hw_ila -timeout 0 [get_hw_ilas -of_objects [get_hw_devices xc7a35t_0] -filter {CELL_NAME=~"u0/serv_dm/ila0_inst"}]
upload_hw_ila_data [get_hw_ilas -of_objects [get_hw_devices xc7a35t_0] -filter {CELL_NAME=~"u0/serv_dm/ila0_inst"}]
INFO: [Labtools 27-1965] The ILA core 'hw_ila_1' trigger was stopped by user at 2023-Aug-17 14:25:26
WARNING: [Labtools 27-157] hw_ila [hw_ila_1] stopped. No data to upload.
run_hw_ila [get_hw_ilas -of_objects [get_hw_devices xc7a35t_0] -filter {CELL_NAME=~"u0/serv_dm/ila0_inst"}]
INFO: [Labtools 27-1964] The ILA core 'hw_ila_1' trigger was armed at 2023-Aug-17 14:25:27
set_property TRIGGER_COMPARE_VALUE eq32'hF9XX_XXXX [get_hw_probes u0/serv_dm/i_dmi_req_data -of_objects [get_hw_ilas -of_objects [get_hw_devices xc7a35t_0] -filter {CELL_NAME=~"u0/serv_dm/ila0_inst"}]]
wait_on_hw_ila -timeout 0 [get_hw_ilas -of_objects [get_hw_devices xc7a35t_0] -filter {CELL_NAME=~"u0/serv_dm/ila0_inst"}]
upload_hw_ila_data [get_hw_ilas -of_objects [get_hw_devices xc7a35t_0] -filter {CELL_NAME=~"u0/serv_dm/ila0_inst"}]
INFO: [Labtools 27-1965] The ILA core 'hw_ila_1' trigger was stopped by user at 2023-Aug-17 14:25:44
WARNING: [Labtools 27-157] hw_ila [hw_ila_1] stopped. No data to upload.
run_hw_ila [get_hw_ilas -of_objects [get_hw_devices xc7a35t_0] -filter {CELL_NAME=~"u0/serv_dm/ila0_inst"}]
INFO: [Labtools 27-1964] The ILA core 'hw_ila_1' trigger was armed at 2023-Aug-17 14:25:45
set_property TRIGGER_COMPARE_VALUE eq32'hXXXX_XXF9 [get_hw_probes u0/serv_dm/i_dmi_req_data -of_objects [get_hw_ilas -of_objects [get_hw_devices xc7a35t_0] -filter {CELL_NAME=~"u0/serv_dm/ila0_inst"}]]
wait_on_hw_ila -timeout 0 [get_hw_ilas -of_objects [get_hw_devices xc7a35t_0] -filter {CELL_NAME=~"u0/serv_dm/ila0_inst"}]
upload_hw_ila_data [get_hw_ilas -of_objects [get_hw_devices xc7a35t_0] -filter {CELL_NAME=~"u0/serv_dm/ila0_inst"}]
INFO: [Labtools 27-1965] The ILA core 'hw_ila_1' trigger was stopped by user at 2023-Aug-17 14:26:00
WARNING: [Labtools 27-157] hw_ila [hw_ila_1] stopped. No data to upload.
run_hw_ila [get_hw_ilas -of_objects [get_hw_devices xc7a35t_0] -filter {CELL_NAME=~"u0/serv_dm/ila0_inst"}]
INFO: [Labtools 27-1964] The ILA core 'hw_ila_1' trigger was armed at 2023-Aug-17 14:26:01
wait_on_hw_ila -timeout 0 [get_hw_ilas -of_objects [get_hw_devices xc7a35t_0] -filter {CELL_NAME=~"u0/serv_dm/ila0_inst"}]
upload_hw_ila_data [get_hw_ilas -of_objects [get_hw_devices xc7a35t_0] -filter {CELL_NAME=~"u0/serv_dm/ila0_inst"}]
INFO: [Labtools 27-1965] The ILA core 'hw_ila_1' trigger was stopped by user at 2023-Aug-17 14:26:11
WARNING: [Labtools 27-157] hw_ila [hw_ila_1] stopped. No data to upload.
save_wave_config {/home/binhkieudo/Workspace/XRPIX/urisc-serv/serial_riscv/deploy/Arty_A7/Arty_A7.hw/hw_1/wave/hw_ila_data_1/hw_ila_data_1.wcfg}
close_hw_manager
WARNING: [IP_Flow 19-4067] Ignoring invalid widget type specified checkbox.Providing a default widget
WARNING: [IP_Flow 19-4067] Ignoring invalid widget type specified checkbox.Providing a default widget
create_ip -name ila -vendor xilinx.com -library ip -version 6.2 -module_name ila_1
set_property -dict [list \
  CONFIG.C_NUM_OF_PROBES {10} \
  CONFIG.C_PROBE0_WIDTH {4} \
  CONFIG.C_PROBE1_WIDTH {5} \
] [get_ips ila_1]
generate_target {instantiation_template} [get_files /home/binhkieudo/Workspace/XRPIX/urisc-serv/serial_riscv/deploy/Arty_A7/Arty_A7.srcs/sources_1/ip/ila_1/ila_1.xci]
INFO: [IP_Flow 19-1686] Generating 'Instantiation Template' target for IP 'ila_1'...
update_compile_order -fileset sources_1
WARNING: [IP_Flow 19-4067] Ignoring invalid widget type specified checkbox.Providing a default widget
WARNING: [IP_Flow 19-4067] Ignoring invalid widget type specified checkbox.Providing a default widget
exit
INFO: [Common 17-206] Exiting Vivado at Thu Aug 17 14:37:45 2023...
