#-----------------------------------------------------------
# Vivado v2022.2 (64-bit)
# SW Build 3671981 on Fri Oct 14 04:59:54 MDT 2022
# IP Build 3669848 on Fri Oct 14 08:30:02 MDT 2022
# Start of session at: Thu Aug 17 14:37:49 2023
# Process ID: 1596807
# Current directory: /home/binhkieudo/Workspace/XRPIX/urisc-serv/serial_riscv/deploy
# Command line: vivado ./Arty_A7/Arty_A7.xpr
# Log file: /home/binhkieudo/Workspace/XRPIX/urisc-serv/serial_riscv/deploy/vivado.log
# Journal file: /home/binhkieudo/Workspace/XRPIX/urisc-serv/serial_riscv/deploy/vivado.jou
# Running On: binhkieudo, OS: Linux, CPU Frequency: 3300.000 MHz, CPU Physical cores: 10, Host memory: 134739 MB
#-----------------------------------------------------------
start_gui
open_project ./Arty_A7/Arty_A7.xpr
WARNING: [Board 49-26] cannot add Board Part xilinx.com:vek280_es:part0:1.0 available at /tools/Xilinx/Vivado/2022.2/data/xhub/boards/XilinxBoardStore/boards/Xilinx/vek280/es/1.0/board.xml as part xcve2802-vsvh1760-2lp-e-s-es1 specified in board_part file is either invalid or not available
WARNING: [Board 49-26] cannot add Board Part xilinx.com:vhk158_es:part0:1.0 available at /tools/Xilinx/Vivado/2022.2/data/xhub/boards/XilinxBoardStore/boards/Xilinx/vhk158/es/1.0/board.xml as part xcvh1582-vsva3697-2mp-e-s-es1 specified in board_part file is either invalid or not available
WARNING: [Board 49-26] cannot add Board Part xilinx.com:vpk120_es:part0:1.2 available at /tools/Xilinx/Vivado/2022.2/data/xhub/boards/XilinxBoardStore/boards/Xilinx/vpk120/es/1.2/board.xml as part xcvp1202-vsva2785-2mp-e-s-es1 specified in board_part file is either invalid or not available
WARNING: [Board 49-26] cannot add Board Part xilinx.com:vpk120_es_revb:part0:1.0 available at /tools/Xilinx/Vivado/2022.2/data/xhub/boards/XilinxBoardStore/boards/Xilinx/vpk120_revb/es/1.0/board.xml as part xcvp1202-vsva2785-2mp-e-s-es1 specified in board_part file is either invalid or not available
WARNING: [Board 49-26] cannot add Board Part xilinx.com:vpk180_es:part0:1.0 available at /tools/Xilinx/Vivado/2022.2/data/xhub/boards/XilinxBoardStore/boards/Xilinx/vpk180/es/1.0/board.xml as part xcvp1802-lsvc4072-2mp-e-s-es1 specified in board_part file is either invalid or not available
WARNING: [Board 49-26] cannot add Board Part xilinx.com:zcu208ld:part0:2.0 available at /tools/Xilinx/Vivado/2022.2/data/xhub/boards/XilinxBoardStore/boards/Xilinx/zcu208ld/production/2.0/board.xml as part xczu58dr-fsvg1517-2-i specified in board_part file is either invalid or not available
WARNING: [Board 49-26] cannot add Board Part xilinx.com:zcu216ld:part0:2.0 available at /tools/Xilinx/Vivado/2022.2/data/xhub/boards/XilinxBoardStore/boards/Xilinx/zcu216ld/production/2.0/board.xml as part xczu59dr-ffvf1760-2-i specified in board_part file is either invalid or not available
WARNING: [Board 49-26] cannot add Board Part xilinx.com:zcu670:part0:2.0 available at /tools/Xilinx/Vivado/2022.2/data/xhub/boards/XilinxBoardStore/boards/Xilinx/zcu670/2.0/board.xml as part xczu67dr-fsve1156-2-i specified in board_part file is either invalid or not available
WARNING: [Board 49-26] cannot add Board Part xilinx.com:zcu670ld:part0:1.0 available at /tools/Xilinx/Vivado/2022.2/data/xhub/boards/XilinxBoardStore/boards/Xilinx/zcu670ld/1.0/board.xml as part xczu57dr-fsve1156-2-i specified in board_part file is either invalid or not available
Scanning sources...
Finished scanning sources
WARNING: [Board 49-151] The current board 'digilentinc.com::arty-a7-35:1.1' is from a local repo. The vivado install has a corresponding board with version greater than or equal to the local repo board. Please use boards from vivado install to avoid any upgrade/migrate issues
INFO: [IP_Flow 19-234] Refreshing IP repositories
INFO: [IP_Flow 19-1704] No user IP repositories specified
INFO: [IP_Flow 19-2313] Loaded Vivado IP repository '/tools/Xilinx/Vivado/2022.2/data/ip'.
open_project: Time (s): cpu = 00:00:24 ; elapsed = 00:00:07 . Memory (MB): peak = 7408.633 ; gain = 311.988 ; free physical = 100550 ; free virtual = 121326
update_compile_order -fileset sources_1
WARNING: [IP_Flow 19-4067] Ignoring invalid widget type specified checkbox.Providing a default widget
set_property -dict [list \
  CONFIG.C_DATA_DEPTH {4096} \
  CONFIG.C_NUM_OF_PROBES {3} \
] [get_ips ila_1]
generate_target all [get_files  /home/binhkieudo/Workspace/XRPIX/urisc-serv/serial_riscv/deploy/Arty_A7/Arty_A7.srcs/sources_1/ip/ila_1/ila_1.xci]
INFO: [IP_Flow 19-1686] Generating 'Instantiation Template' target for IP 'ila_1'...
INFO: [IP_Flow 19-1686] Generating 'Synthesis' target for IP 'ila_1'...
WARNING: [IP_Flow 19-4994] Overwriting existing constraint file '/home/binhkieudo/Workspace/XRPIX/urisc-serv/serial_riscv/deploy/Arty_A7/Arty_A7.gen/sources_1/ip/ila_1/ila_1_ooc.xdc'
INFO: [IP_Flow 19-1686] Generating 'Simulation' target for IP 'ila_1'...
INFO: [IP_Flow 19-1686] Generating 'Implementation' target for IP 'ila_1'...
INFO: [IP_Flow 19-1686] Generating 'Change Log' target for IP 'ila_1'...
catch { config_ip_cache -export [get_ips -all ila_1] }
INFO: [IP_Flow 19-6924] IPCACHE: Running cache check for IP inst: ila_1
export_ip_user_files -of_objects [get_files /home/binhkieudo/Workspace/XRPIX/urisc-serv/serial_riscv/deploy/Arty_A7/Arty_A7.srcs/sources_1/ip/ila_1/ila_1.xci] -no_script -sync -force -quiet
create_ip_run [get_files -of_objects [get_fileset sources_1] /home/binhkieudo/Workspace/XRPIX/urisc-serv/serial_riscv/deploy/Arty_A7/Arty_A7.srcs/sources_1/ip/ila_1/ila_1.xci]
launch_runs ila_1_synth_1 -jobs 20
INFO: [IP_Flow 19-6924] IPCACHE: Running cache check for IP inst: ila_1
[Thu Aug 17 14:44:15 2023] Launched ila_1_synth_1...
Run output will be captured here: /home/binhkieudo/Workspace/XRPIX/urisc-serv/serial_riscv/deploy/Arty_A7/Arty_A7.runs/ila_1_synth_1/runme.log
export_simulation -of_objects [get_files /home/binhkieudo/Workspace/XRPIX/urisc-serv/serial_riscv/deploy/Arty_A7/Arty_A7.srcs/sources_1/ip/ila_1/ila_1.xci] -directory /home/binhkieudo/Workspace/XRPIX/urisc-serv/serial_riscv/deploy/Arty_A7/Arty_A7.ip_user_files/sim_scripts -ip_user_files_dir /home/binhkieudo/Workspace/XRPIX/urisc-serv/serial_riscv/deploy/Arty_A7/Arty_A7.ip_user_files -ipstatic_source_dir /home/binhkieudo/Workspace/XRPIX/urisc-serv/serial_riscv/deploy/Arty_A7/Arty_A7.ip_user_files/ipstatic -lib_map_path [list {modelsim=/home/binhkieudo/Workspace/XRPIX/urisc-serv/serial_riscv/deploy/Arty_A7/Arty_A7.cache/compile_simlib/modelsim} {questa=/home/binhkieudo/Workspace/XRPIX/urisc-serv/serial_riscv/deploy/Arty_A7/Arty_A7.cache/compile_simlib/questa} {xcelium=/home/binhkieudo/Workspace/XRPIX/urisc-serv/serial_riscv/deploy/Arty_A7/Arty_A7.cache/compile_simlib/xcelium} {vcs=/home/binhkieudo/Workspace/XRPIX/urisc-serv/serial_riscv/deploy/Arty_A7/Arty_A7.cache/compile_simlib/vcs} {riviera=/home/binhkieudo/Workspace/XRPIX/urisc-serv/serial_riscv/deploy/Arty_A7/Arty_A7.cache/compile_simlib/riviera}] -use_ip_compiled_libs -force -quiet
reset_run synth_1
INFO: [Project 1-1161] Replacing file /home/binhkieudo/Workspace/XRPIX/urisc-serv/serial_riscv/deploy/Arty_A7/Arty_A7.srcs/utils_1/imports/synth_1/clock_gen.dcp with file /home/binhkieudo/Workspace/XRPIX/urisc-serv/serial_riscv/deploy/Arty_A7/Arty_A7.runs/synth_1/top_artya7.dcp
launch_runs impl_1 -to_step write_bitstream -jobs 20
[Thu Aug 17 14:46:44 2023] Launched synth_1...
Run output will be captured here: /home/binhkieudo/Workspace/XRPIX/urisc-serv/serial_riscv/deploy/Arty_A7/Arty_A7.runs/synth_1/runme.log
[Thu Aug 17 14:46:44 2023] Launched impl_1...
Run output will be captured here: /home/binhkieudo/Workspace/XRPIX/urisc-serv/serial_riscv/deploy/Arty_A7/Arty_A7.runs/impl_1/runme.log
launch_runs: Time (s): cpu = 00:00:21 ; elapsed = 00:00:23 . Memory (MB): peak = 7833.184 ; gain = 16.008 ; free physical = 100329 ; free virtual = 121139
open_hw_manager
connect_hw_server -allow_non_jtag
INFO: [Labtools 27-2285] Connecting to hw_server url TCP:localhost:3121
INFO: [Labtools 27-2222] Launching hw_server...
INFO: [Labtools 27-2221] Launch Output:

****** Xilinx hw_server v2022.2
  **** Build date : Oct 14 2022 at 05:10:28
    ** Copyright 1986-2022 Xilinx, Inc. All Rights Reserved.


INFO: [Labtools 27-3415] Connecting to cs_server url TCP:localhost:0
INFO: [Labtools 27-3417] Launching cs_server...
INFO: [Labtools 27-2221] Launch Output:


******** Xilinx cs_server v2022.2.0
  ****** Build date   : Oct 05 2022-08:25:37
    **** Build number : 2022.2.1664925937
      ** Copyright 2017-2023 Xilinx, Inc. All Rights Reserved.



ERROR: [Labtools 27-3733] Error during cs_server initialization: Failed to connect cs_server at TCP:localhost:60549 to hw_server at TCP:localhost:3121.
ERROR: [Common 17-39] 'connect_hw_server' failed due to earlier errors.
connect_hw_server -allow_non_jtag
INFO: [Labtools 27-2285] Connecting to hw_server url TCP:localhost:3121
INFO: [Labtools 27-3415] Connecting to cs_server url TCP:localhost:0
INFO: [Labtools 27-3417] Launching cs_server...
INFO: [Labtools 27-2221] Launch Output:


******** Xilinx cs_server v2022.2.0
  ****** Build date   : Oct 05 2022-08:25:37
    **** Build number : 2022.2.1664925937
      ** Copyright 2017-2023 Xilinx, Inc. All Rights Reserved.



ERROR: [Labtools 27-3733] Error during cs_server initialization: Failed to connect cs_server at TCP:localhost:44459 to hw_server at TCP:localhost:3121.
ERROR: [Common 17-39] 'connect_hw_server' failed due to earlier errors.
connect_hw_server -allow_non_jtag
INFO: [Labtools 27-2285] Connecting to hw_server url TCP:localhost:3121
INFO: [Labtools 27-3415] Connecting to cs_server url TCP:localhost:0
INFO: [Labtools 27-3417] Launching cs_server...
INFO: [Labtools 27-2221] Launch Output:


******** Xilinx cs_server v2022.2.0
  ****** Build date   : Oct 05 2022-08:25:37
    **** Build number : 2022.2.1664925937
      ** Copyright 2017-2023 Xilinx, Inc. All Rights Reserved.



ERROR: [Labtools 27-3733] Error during cs_server initialization: Failed to connect cs_server at TCP:localhost:58913 to hw_server at TCP:localhost:3121.
ERROR: [Common 17-39] 'connect_hw_server' failed due to earlier errors.
connect_hw_server -allow_non_jtag
INFO: [Labtools 27-2285] Connecting to hw_server url TCP:localhost:3121
INFO: [Labtools 27-3415] Connecting to cs_server url TCP:localhost:0
INFO: [Labtools 27-3417] Launching cs_server...
INFO: [Labtools 27-2221] Launch Output:


******** Xilinx cs_server v2022.2.0
  ****** Build date   : Oct 05 2022-08:25:37
    **** Build number : 2022.2.1664925937
      ** Copyright 2017-2023 Xilinx, Inc. All Rights Reserved.



ERROR: [Labtools 27-3733] Error during cs_server initialization: Failed to connect cs_server at TCP:localhost:51491 to hw_server at TCP:localhost:3121.
ERROR: [Common 17-39] 'connect_hw_server' failed due to earlier errors.
connect_hw_server -allow_non_jtag
INFO: [Labtools 27-2285] Connecting to hw_server url TCP:localhost:3121
INFO: [Labtools 27-2222] Launching hw_server...
INFO: [Labtools 27-2221] Launch Output:

****** Xilinx hw_server v2022.2
  **** Build date : Oct 14 2022 at 05:10:28
    ** Copyright 1986-2022 Xilinx, Inc. All Rights Reserved.


INFO: [Labtools 27-3415] Connecting to cs_server url TCP:localhost:0
INFO: [Labtools 27-3417] Launching cs_server...
INFO: [Labtools 27-2221] Launch Output:


******** Xilinx cs_server v2022.2.0
  ****** Build date   : Oct 05 2022-08:25:37
    **** Build number : 2022.2.1664925937
      ** Copyright 2017-2023 Xilinx, Inc. All Rights Reserved.



ERROR: [Labtools 27-3733] Error during cs_server initialization: Failed to connect cs_server at TCP:localhost:57009 to hw_server at TCP:localhost:3121.
ERROR: [Common 17-39] 'connect_hw_server' failed due to earlier errors.
connect_hw_server -allow_non_jtag
INFO: [Labtools 27-2285] Connecting to hw_server url TCP:localhost:3121
INFO: [Labtools 27-3415] Connecting to cs_server url TCP:localhost:0
INFO: [Labtools 27-3417] Launching cs_server...
INFO: [Labtools 27-2221] Launch Output:


******** Xilinx cs_server v2022.2.0
  ****** Build date   : Oct 05 2022-08:25:37
    **** Build number : 2022.2.1664925937
      ** Copyright 2017-2023 Xilinx, Inc. All Rights Reserved.



ERROR: [Labtools 27-3733] Error during cs_server initialization: Failed to connect cs_server at TCP:localhost:60493 to hw_server at TCP:localhost:3121.
ERROR: [Common 17-39] 'connect_hw_server' failed due to earlier errors.
exit
INFO: [Common 17-206] Exiting Vivado at Thu Aug 17 14:51:11 2023...
