#-----------------------------------------------------------
# Vivado v2022.2 (64-bit)
# SW Build 3671981 on Fri Oct 14 04:59:54 MDT 2022
# IP Build 3669848 on Fri Oct 14 08:30:02 MDT 2022
# Start of session at: Sun Aug 20 17:46:11 2023
# Process ID: 3996
# Current directory: /home/binhkieudo/Workspace/XRPIX/serial_riscv/deploy
# Command line: vivado Arty_A7/Arty_A7.xpr
# Log file: /home/binhkieudo/Workspace/XRPIX/serial_riscv/deploy/vivado.log
# Journal file: /home/binhkieudo/Workspace/XRPIX/serial_riscv/deploy/vivado.jou
# Running On: binhkieudo-hotswap, OS: Linux, CPU Frequency: 1400.000 MHz, CPU Physical cores: 16, Host memory: 33036 MB
#-----------------------------------------------------------
start_gui
open_project Arty_A7/Arty_A7.xpr
WARNING: [Board 49-26] cannot add Board Part xilinx.com:vek280_es:part0:1.0 available at /opt/Xilinx/Vivado/2022.2/data/xhub/boards/XilinxBoardStore/boards/Xilinx/vek280/es/1.0/board.xml as part xcve2802-vsvh1760-2lp-e-s-es1 specified in board_part file is either invalid or not available
WARNING: [Board 49-26] cannot add Board Part xilinx.com:vhk158_es:part0:1.0 available at /opt/Xilinx/Vivado/2022.2/data/xhub/boards/XilinxBoardStore/boards/Xilinx/vhk158/es/1.0/board.xml as part xcvh1582-vsva3697-2mp-e-s-es1 specified in board_part file is either invalid or not available
WARNING: [Board 49-26] cannot add Board Part xilinx.com:vpk120_es:part0:1.2 available at /opt/Xilinx/Vivado/2022.2/data/xhub/boards/XilinxBoardStore/boards/Xilinx/vpk120/es/1.2/board.xml as part xcvp1202-vsva2785-2mp-e-s-es1 specified in board_part file is either invalid or not available
WARNING: [Board 49-26] cannot add Board Part xilinx.com:vpk120_es_revb:part0:1.0 available at /opt/Xilinx/Vivado/2022.2/data/xhub/boards/XilinxBoardStore/boards/Xilinx/vpk120_revb/es/1.0/board.xml as part xcvp1202-vsva2785-2mp-e-s-es1 specified in board_part file is either invalid or not available
WARNING: [Board 49-26] cannot add Board Part xilinx.com:vpk180_es:part0:1.0 available at /opt/Xilinx/Vivado/2022.2/data/xhub/boards/XilinxBoardStore/boards/Xilinx/vpk180/es/1.0/board.xml as part xcvp1802-lsvc4072-2mp-e-s-es1 specified in board_part file is either invalid or not available
WARNING: [Board 49-26] cannot add Board Part xilinx.com:zcu208ld:part0:2.0 available at /opt/Xilinx/Vivado/2022.2/data/xhub/boards/XilinxBoardStore/boards/Xilinx/zcu208ld/production/2.0/board.xml as part xczu58dr-fsvg1517-2-i specified in board_part file is either invalid or not available
WARNING: [Board 49-26] cannot add Board Part xilinx.com:zcu216ld:part0:2.0 available at /opt/Xilinx/Vivado/2022.2/data/xhub/boards/XilinxBoardStore/boards/Xilinx/zcu216ld/production/2.0/board.xml as part xczu59dr-ffvf1760-2-i specified in board_part file is either invalid or not available
WARNING: [Board 49-26] cannot add Board Part xilinx.com:zcu670:part0:2.0 available at /opt/Xilinx/Vivado/2022.2/data/xhub/boards/XilinxBoardStore/boards/Xilinx/zcu670/2.0/board.xml as part xczu67dr-fsve1156-2-i specified in board_part file is either invalid or not available
WARNING: [Board 49-26] cannot add Board Part xilinx.com:zcu670ld:part0:1.0 available at /opt/Xilinx/Vivado/2022.2/data/xhub/boards/XilinxBoardStore/boards/Xilinx/zcu670ld/1.0/board.xml as part xczu57dr-fsve1156-2-i specified in board_part file is either invalid or not available
Scanning sources...
Finished scanning sources
WARNING: [Board 49-151] The current board 'digilentinc.com::arty-a7-35:1.1' is from a local repo. The vivado install has a corresponding board with version greater than or equal to the local repo board. Please use boards from vivado install to avoid any upgrade/migrate issues
INFO: [IP_Flow 19-234] Refreshing IP repositories
INFO: [IP_Flow 19-1704] No user IP repositories specified
INFO: [IP_Flow 19-2313] Loaded Vivado IP repository '/opt/Xilinx/Vivado/2022.2/data/ip'.
open_project: Time (s): cpu = 00:00:23 ; elapsed = 00:00:09 . Memory (MB): peak = 7393.656 ; gain = 319.617 ; free physical = 23529 ; free virtual = 90714
update_compile_order -fileset sources_1
set_property top spi [current_fileset]
update_compile_order -fileset sources_1
reset_run synth_1
INFO: [Project 1-1161] Replacing file /home/binhkieudo/Workspace/XRPIX/serial_riscv/deploy/Arty_A7/Arty_A7.srcs/utils_1/imports/synth_1/clock_gen.dcp with file /home/binhkieudo/Workspace/XRPIX/serial_riscv/deploy/Arty_A7/Arty_A7.runs/synth_1/top_artya7.dcp
launch_runs synth_1 -jobs 16
[Mon Aug 21 00:05:19 2023] Launched synth_1...
Run output will be captured here: /home/binhkieudo/Workspace/XRPIX/serial_riscv/deploy/Arty_A7/Arty_A7.runs/synth_1/runme.log
set_property top top_artya7 [current_fileset]
update_compile_order -fileset sources_1
reset_run synth_1
INFO: [Project 1-1161] Replacing file /home/binhkieudo/Workspace/XRPIX/serial_riscv/deploy/Arty_A7/Arty_A7.srcs/utils_1/imports/synth_1/clock_gen.dcp with file /home/binhkieudo/Workspace/XRPIX/serial_riscv/deploy/Arty_A7/Arty_A7.runs/synth_1/spi.dcp
launch_runs impl_1 -to_step write_bitstream -jobs 16
[Mon Aug 21 00:07:57 2023] Launched synth_1...
Run output will be captured here: /home/binhkieudo/Workspace/XRPIX/serial_riscv/deploy/Arty_A7/Arty_A7.runs/synth_1/runme.log
[Mon Aug 21 00:07:57 2023] Launched impl_1...
Run output will be captured here: /home/binhkieudo/Workspace/XRPIX/serial_riscv/deploy/Arty_A7/Arty_A7.runs/impl_1/runme.log
reset_run synth_1
INFO: [Project 1-1161] Replacing file /home/binhkieudo/Workspace/XRPIX/serial_riscv/deploy/Arty_A7/Arty_A7.srcs/utils_1/imports/synth_1/clock_gen.dcp with file /home/binhkieudo/Workspace/XRPIX/serial_riscv/deploy/Arty_A7/Arty_A7.runs/synth_1/top_artya7.dcp
launch_runs impl_1 -to_step write_bitstream -jobs 16
[Mon Aug 21 00:44:58 2023] Launched synth_1...
Run output will be captured here: /home/binhkieudo/Workspace/XRPIX/serial_riscv/deploy/Arty_A7/Arty_A7.runs/synth_1/runme.log
[Mon Aug 21 00:44:58 2023] Launched impl_1...
Run output will be captured here: /home/binhkieudo/Workspace/XRPIX/serial_riscv/deploy/Arty_A7/Arty_A7.runs/impl_1/runme.log
open_hw_manager
connect_hw_server -allow_non_jtag
INFO: [Labtools 27-2285] Connecting to hw_server url TCP:localhost:3121
INFO: [Labtools 27-2222] Launching hw_server...
INFO: [Labtools 27-2221] Launch Output:

****** Xilinx hw_server v2022.2
  **** Build date : Oct 14 2022 at 05:10:28
    ** Copyright 1986-2022 Xilinx, Inc. All Rights Reserved.


INFO: [Labtools 27-3415] Connecting to cs_server url TCP:localhost:0
INFO: [Labtools 27-3417] Launching cs_server...
INFO: [Labtools 27-2221] Launch Output:


******** Xilinx cs_server v2022.2.0
  ****** Build date   : Oct 05 2022-08:25:37
    **** Build number : 2022.2.1664925937
      ** Copyright 2017-2023 Xilinx, Inc. All Rights Reserved.



open_hw_target
INFO: [Labtoolstcl 44-466] Opening hw_target localhost:3121/xilinx_tcf/Digilent/210319B4A283A
set_property PROGRAM.FILE {/home/binhkieudo/Workspace/XRPIX/serial_riscv/deploy/Arty_A7/Arty_A7.runs/impl_1/top_artya7.bit} [get_hw_devices xc7a35t_0]
current_hw_device [get_hw_devices xc7a35t_0]
refresh_hw_device -update_hw_probes false [lindex [get_hw_devices xc7a35t_0] 0]
INFO: [Labtools 27-1434] Device xc7a35t (JTAG device index = 0) is programmed with a design that has no supported debug core(s) in it.
set_property PROBES.FILE {} [get_hw_devices xc7a35t_0]
set_property FULL_PROBES.FILE {} [get_hw_devices xc7a35t_0]
set_property PROGRAM.FILE {/home/binhkieudo/Workspace/XRPIX/serial_riscv/deploy/Arty_A7/Arty_A7.runs/impl_1/top_artya7.bit} [get_hw_devices xc7a35t_0]
program_hw_devices [get_hw_devices xc7a35t_0]
INFO: [Labtools 27-3164] End of startup status: HIGH
refresh_hw_device [lindex [get_hw_devices xc7a35t_0] 0]
INFO: [Labtools 27-1434] Device xc7a35t (JTAG device index = 0) is programmed with a design that has no supported debug core(s) in it.
close_hw_manager
reset_run synth_1
INFO: [Project 1-1161] Replacing file /home/binhkieudo/Workspace/XRPIX/serial_riscv/deploy/Arty_A7/Arty_A7.srcs/utils_1/imports/synth_1/clock_gen.dcp with file /home/binhkieudo/Workspace/XRPIX/serial_riscv/deploy/Arty_A7/Arty_A7.runs/synth_1/top_artya7.dcp
launch_runs impl_1 -to_step write_bitstream -jobs 16
[Mon Aug 21 00:53:24 2023] Launched synth_1...
Run output will be captured here: /home/binhkieudo/Workspace/XRPIX/serial_riscv/deploy/Arty_A7/Arty_A7.runs/synth_1/runme.log
[Mon Aug 21 00:53:24 2023] Launched impl_1...
Run output will be captured here: /home/binhkieudo/Workspace/XRPIX/serial_riscv/deploy/Arty_A7/Arty_A7.runs/impl_1/runme.log
open_hw_manager
connect_hw_server -allow_non_jtag
INFO: [Labtools 27-2285] Connecting to hw_server url TCP:localhost:3121
INFO: [Labtools 27-2222] Launching hw_server...
INFO: [Labtools 27-2221] Launch Output:

****** Xilinx hw_server v2022.2
  **** Build date : Oct 14 2022 at 05:10:28
    ** Copyright 1986-2022 Xilinx, Inc. All Rights Reserved.


INFO: [Labtools 27-3415] Connecting to cs_server url TCP:localhost:0
INFO: [Labtools 27-3417] Launching cs_server...
INFO: [Labtools 27-2221] Launch Output:


******** Xilinx cs_server v2022.2.0
  ****** Build date   : Oct 05 2022-08:25:37
    **** Build number : 2022.2.1664925937
      ** Copyright 2017-2023 Xilinx, Inc. All Rights Reserved.



open_hw_target
INFO: [Labtoolstcl 44-466] Opening hw_target localhost:3121/xilinx_tcf/Digilent/210319B4A283A
set_property PROGRAM.FILE {/home/binhkieudo/Workspace/XRPIX/serial_riscv/deploy/Arty_A7/Arty_A7.runs/impl_1/top_artya7.bit} [get_hw_devices xc7a35t_0]
current_hw_device [get_hw_devices xc7a35t_0]
refresh_hw_device -update_hw_probes false [lindex [get_hw_devices xc7a35t_0] 0]
INFO: [Labtools 27-1434] Device xc7a35t (JTAG device index = 0) is programmed with a design that has no supported debug core(s) in it.
set_property PROBES.FILE {} [get_hw_devices xc7a35t_0]
set_property FULL_PROBES.FILE {} [get_hw_devices xc7a35t_0]
set_property PROGRAM.FILE {/home/binhkieudo/Workspace/XRPIX/serial_riscv/deploy/Arty_A7/Arty_A7.runs/impl_1/top_artya7.bit} [get_hw_devices xc7a35t_0]
program_hw_devices [get_hw_devices xc7a35t_0]
INFO: [Labtools 27-3164] End of startup status: HIGH
refresh_hw_device [lindex [get_hw_devices xc7a35t_0] 0]
INFO: [Labtools 27-1434] Device xc7a35t (JTAG device index = 0) is programmed with a design that has no supported debug core(s) in it.
export_ip_user_files -of_objects  [get_files /home/binhkieudo/Workspace/XRPIX/serial_riscv/deploy/Arty_A7/Arty_A7.srcs/sources_1/ip/ila_0/ila_0.xci] -no_script -reset -force -quiet
remove_files  -fileset ila_0 /home/binhkieudo/Workspace/XRPIX/serial_riscv/deploy/Arty_A7/Arty_A7.srcs/sources_1/ip/ila_0/ila_0.xci
INFO: [Project 1-386] Moving file '/home/binhkieudo/Workspace/XRPIX/serial_riscv/deploy/Arty_A7/Arty_A7.srcs/sources_1/ip/ila_0/ila_0.xci' from fileset 'ila_0' to fileset 'sources_1'.
export_ip_user_files -of_objects  [get_files /home/binhkieudo/Workspace/XRPIX/serial_riscv/deploy/Arty_A7/Arty_A7.srcs/sources_1/ip/ila_1/ila_1.xci] -no_script -reset -force -quiet
remove_files  -fileset ila_1 /home/binhkieudo/Workspace/XRPIX/serial_riscv/deploy/Arty_A7/Arty_A7.srcs/sources_1/ip/ila_1/ila_1.xci
INFO: [Project 1-386] Moving file '/home/binhkieudo/Workspace/XRPIX/serial_riscv/deploy/Arty_A7/Arty_A7.srcs/sources_1/ip/ila_1/ila_1.xci' from fileset 'ila_1' to fileset 'sources_1'.
WARNING: [IP_Flow 19-4067] Ignoring invalid widget type specified checkbox.Providing a default widget
create_ip -name ila -vendor xilinx.com -library ip -version 6.2 -module_name wb_ila
set_property -dict [list \
  CONFIG.C_NUM_OF_PROBES {6} \
  CONFIG.C_PROBE0_WIDTH {32} \
  CONFIG.C_PROBE1_WIDTH {32} \
  CONFIG.C_PROBE4_WIDTH {32} \
  CONFIG.Component_Name {wb_ila} \
] [get_ips wb_ila]
WARNING: [Vivado 12-3523] Attempt to change 'Component_Name' from 'wb_ila' to 'wb_ila' is not allowed and is ignored.
generate_target {instantiation_template} [get_files /home/binhkieudo/Workspace/XRPIX/serial_riscv/deploy/Arty_A7/Arty_A7.srcs/sources_1/ip/wb_ila/wb_ila.xci]
INFO: [IP_Flow 19-1686] Generating 'Instantiation Template' target for IP 'wb_ila'...
generate_target all [get_files  /home/binhkieudo/Workspace/XRPIX/serial_riscv/deploy/Arty_A7/Arty_A7.srcs/sources_1/ip/wb_ila/wb_ila.xci]
INFO: [IP_Flow 19-1686] Generating 'Synthesis' target for IP 'wb_ila'...
WARNING: [IP_Flow 19-4994] Overwriting existing constraint file '/home/binhkieudo/Workspace/XRPIX/serial_riscv/deploy/Arty_A7/Arty_A7.gen/sources_1/ip/wb_ila/wb_ila_ooc.xdc'
INFO: [IP_Flow 19-1686] Generating 'Simulation' target for IP 'wb_ila'...
INFO: [IP_Flow 19-1686] Generating 'Implementation' target for IP 'wb_ila'...
INFO: [IP_Flow 19-1686] Generating 'Change Log' target for IP 'wb_ila'...
catch { config_ip_cache -export [get_ips -all wb_ila] }
INFO: [IP_Flow 19-6924] IPCACHE: Running cache check for IP inst: wb_ila
export_ip_user_files -of_objects [get_files /home/binhkieudo/Workspace/XRPIX/serial_riscv/deploy/Arty_A7/Arty_A7.srcs/sources_1/ip/wb_ila/wb_ila.xci] -no_script -sync -force -quiet
create_ip_run [get_files -of_objects [get_fileset sources_1] /home/binhkieudo/Workspace/XRPIX/serial_riscv/deploy/Arty_A7/Arty_A7.srcs/sources_1/ip/wb_ila/wb_ila.xci]
launch_runs wb_ila_synth_1 -jobs 16
INFO: [IP_Flow 19-6924] IPCACHE: Running cache check for IP inst: wb_ila
[Mon Aug 21 01:31:14 2023] Launched wb_ila_synth_1...
Run output will be captured here: /home/binhkieudo/Workspace/XRPIX/serial_riscv/deploy/Arty_A7/Arty_A7.runs/wb_ila_synth_1/runme.log
export_simulation -of_objects [get_files /home/binhkieudo/Workspace/XRPIX/serial_riscv/deploy/Arty_A7/Arty_A7.srcs/sources_1/ip/wb_ila/wb_ila.xci] -directory /home/binhkieudo/Workspace/XRPIX/serial_riscv/deploy/Arty_A7/Arty_A7.ip_user_files/sim_scripts -ip_user_files_dir /home/binhkieudo/Workspace/XRPIX/serial_riscv/deploy/Arty_A7/Arty_A7.ip_user_files -ipstatic_source_dir /home/binhkieudo/Workspace/XRPIX/serial_riscv/deploy/Arty_A7/Arty_A7.ip_user_files/ipstatic -lib_map_path [list {modelsim=/home/binhkieudo/Workspace/XRPIX/serial_riscv/deploy/Arty_A7/Arty_A7.cache/compile_simlib/modelsim} {questa=/home/binhkieudo/Workspace/XRPIX/serial_riscv/deploy/Arty_A7/Arty_A7.cache/compile_simlib/questa} {xcelium=/home/binhkieudo/Workspace/XRPIX/serial_riscv/deploy/Arty_A7/Arty_A7.cache/compile_simlib/xcelium} {vcs=/home/binhkieudo/Workspace/XRPIX/serial_riscv/deploy/Arty_A7/Arty_A7.cache/compile_simlib/vcs} {riviera=/home/binhkieudo/Workspace/XRPIX/serial_riscv/deploy/Arty_A7/Arty_A7.cache/compile_simlib/riviera}] -use_ip_compiled_libs -force -quiet
reset_run synth_1
INFO: [Project 1-1161] Replacing file /home/binhkieudo/Workspace/XRPIX/serial_riscv/deploy/Arty_A7/Arty_A7.srcs/utils_1/imports/synth_1/clock_gen.dcp with file /home/binhkieudo/Workspace/XRPIX/serial_riscv/deploy/Arty_A7/Arty_A7.runs/synth_1/top_artya7.dcp
launch_runs impl_1 -to_step write_bitstream -jobs 16
[Mon Aug 21 01:34:10 2023] Launched synth_1...
Run output will be captured here: /home/binhkieudo/Workspace/XRPIX/serial_riscv/deploy/Arty_A7/Arty_A7.runs/synth_1/runme.log
[Mon Aug 21 01:34:10 2023] Launched impl_1...
Run output will be captured here: /home/binhkieudo/Workspace/XRPIX/serial_riscv/deploy/Arty_A7/Arty_A7.runs/impl_1/runme.log
launch_runs: Time (s): cpu = 00:00:23 ; elapsed = 00:00:22 . Memory (MB): peak = 10432.516 ; gain = 25.016 ; free physical = 13293 ; free virtual = 83510
set_property PROBES.FILE {/home/binhkieudo/Workspace/XRPIX/serial_riscv/deploy/Arty_A7/Arty_A7.runs/impl_1/top_artya7.ltx} [get_hw_devices xc7a35t_0]
set_property FULL_PROBES.FILE {/home/binhkieudo/Workspace/XRPIX/serial_riscv/deploy/Arty_A7/Arty_A7.runs/impl_1/top_artya7.ltx} [get_hw_devices xc7a35t_0]
set_property PROGRAM.FILE {/home/binhkieudo/Workspace/XRPIX/serial_riscv/deploy/Arty_A7/Arty_A7.runs/impl_1/top_artya7.bit} [get_hw_devices xc7a35t_0]
program_hw_devices [get_hw_devices xc7a35t_0]
INFO: [Labtools 27-3164] End of startup status: HIGH
refresh_hw_device [lindex [get_hw_devices xc7a35t_0] 0]
INFO: [Labtools 27-2302] Device xc7a35t (JTAG device index = 0) is programmed with a design that has 1 ILA core(s).
display_hw_ila_data [ get_hw_ila_data hw_ila_data_1 -of_objects [get_hw_ilas -of_objects [get_hw_devices xc7a35t_0] -filter {CELL_NAME=~"u0/spi_inst0/wb_ila_0"}]]
WARNING: Simulation object u0/serv_dtm/i_tck was not found in the design.
WARNING: Simulation object u0/serv_dtm/tap_ctrl_state was not found in the design.
WARNING: Simulation object u0/serv_dtm/tap_reg_ireg was not found in the design.
WARNING: Simulation object dmi_addr was not found in the design.
WARNING: Simulation object dmi_wdata was not found in the design.
WARNING: Simulation object dmi_op was not found in the design.
WARNING: Simulation object u0/serv_dtm/tap_reg_dmi was not found in the design.
add_wave -into {hw_ila_data_1.wcfg} -radix hex { {u0/spi_inst0/i_wb_adr} {u0/spi_inst0/i_wb_cyc} {u0/spi_inst0/i_wb_dat} {u0/spi_inst0/i_wb_we} {u0/spi_inst0/o_wb_rdt} }
set_property TRIGGER_COMPARE_VALUE eq1'bR [get_hw_probes u0/spi_inst0/i_wb_cyc -of_objects [get_hw_ilas -of_objects [get_hw_devices xc7a35t_0] -filter {CELL_NAME=~"u0/spi_inst0/wb_ila_0"}]]
run_hw_ila [get_hw_ilas -of_objects [get_hw_devices xc7a35t_0] -filter {CELL_NAME=~"u0/spi_inst0/wb_ila_0"}]
INFO: [Labtools 27-1964] The ILA core 'hw_ila_1' trigger was armed at 2023-Aug-21 01:38:12
wait_on_hw_ila [get_hw_ilas -of_objects [get_hw_devices xc7a35t_0] -filter {CELL_NAME=~"u0/spi_inst0/wb_ila_0"}]
display_hw_ila_data [upload_hw_ila_data [get_hw_ilas -of_objects [get_hw_devices xc7a35t_0] -filter {CELL_NAME=~"u0/spi_inst0/wb_ila_0"}]]
INFO: [Labtools 27-1966] The ILA core 'hw_ila_1' triggered at 2023-Aug-21 01:38:19
INFO: [Labtools 27-3304] ILA Waveform data saved to file /home/binhkieudo/Workspace/XRPIX/serial_riscv/deploy/Arty_A7/Arty_A7.hw/backup/hw_ila_data_1.ila. Use Tcl command 'read_hw_ila_data' or Vivado File->Import->Import ILA Data menu item to import the previously saved data.
create_hw_probe -map {00} user_probe_0[1:0] [get_hw_ilas hw_ila_1]
user_probe_0
add_wave -into {hw_ila_data_1.wcfg} -radix hex { {user_probe_0} }
run_hw_ila [get_hw_ilas -of_objects [get_hw_devices xc7a35t_0] -filter {CELL_NAME=~"u0/spi_inst0/wb_ila_0"}]
INFO: [Labtools 27-1964] The ILA core 'hw_ila_1' trigger was armed at 2023-Aug-21 01:45:49
wait_on_hw_ila [get_hw_ilas -of_objects [get_hw_devices xc7a35t_0] -filter {CELL_NAME=~"u0/spi_inst0/wb_ila_0"}]
display_hw_ila_data [upload_hw_ila_data [get_hw_ilas -of_objects [get_hw_devices xc7a35t_0] -filter {CELL_NAME=~"u0/spi_inst0/wb_ila_0"}]]
INFO: [Labtools 27-1966] The ILA core 'hw_ila_1' triggered at 2023-Aug-21 01:46:24
INFO: [Labtools 27-3304] ILA Waveform data saved to file /home/binhkieudo/Workspace/XRPIX/serial_riscv/deploy/Arty_A7/Arty_A7.hw/backup/hw_ila_data_1.ila. Use Tcl command 'read_hw_ila_data' or Vivado File->Import->Import ILA Data menu item to import the previously saved data.
run_hw_ila [get_hw_ilas -of_objects [get_hw_devices xc7a35t_0] -filter {CELL_NAME=~"u0/spi_inst0/wb_ila_0"}]
INFO: [Labtools 27-1964] The ILA core 'hw_ila_1' trigger was armed at 2023-Aug-21 01:47:08
wait_on_hw_ila [get_hw_ilas -of_objects [get_hw_devices xc7a35t_0] -filter {CELL_NAME=~"u0/spi_inst0/wb_ila_0"}]
display_hw_ila_data [upload_hw_ila_data [get_hw_ilas -of_objects [get_hw_devices xc7a35t_0] -filter {CELL_NAME=~"u0/spi_inst0/wb_ila_0"}]]
INFO: [Labtools 27-1966] The ILA core 'hw_ila_1' triggered at 2023-Aug-21 01:47:15
INFO: [Labtools 27-3304] ILA Waveform data saved to file /home/binhkieudo/Workspace/XRPIX/serial_riscv/deploy/Arty_A7/Arty_A7.hw/backup/hw_ila_data_1.ila. Use Tcl command 'read_hw_ila_data' or Vivado File->Import->Import ILA Data menu item to import the previously saved data.
run_hw_ila [get_hw_ilas -of_objects [get_hw_devices xc7a35t_0] -filter {CELL_NAME=~"u0/spi_inst0/wb_ila_0"}]
INFO: [Labtools 27-1964] The ILA core 'hw_ila_1' trigger was armed at 2023-Aug-21 01:48:00
wait_on_hw_ila [get_hw_ilas -of_objects [get_hw_devices xc7a35t_0] -filter {CELL_NAME=~"u0/spi_inst0/wb_ila_0"}]
display_hw_ila_data [upload_hw_ila_data [get_hw_ilas -of_objects [get_hw_devices xc7a35t_0] -filter {CELL_NAME=~"u0/spi_inst0/wb_ila_0"}]]
INFO: [Labtools 27-1966] The ILA core 'hw_ila_1' triggered at 2023-Aug-21 01:48:06
INFO: [Labtools 27-3304] ILA Waveform data saved to file /home/binhkieudo/Workspace/XRPIX/serial_riscv/deploy/Arty_A7/Arty_A7.hw/backup/hw_ila_data_1.ila. Use Tcl command 'read_hw_ila_data' or Vivado File->Import->Import ILA Data menu item to import the previously saved data.
set_property TRIGGER_COMPARE_VALUE eq30'h3000_0001 [get_hw_probes u0/spi_inst0/i_wb_adr -of_objects [get_hw_ilas -of_objects [get_hw_devices xc7a35t_0] -filter {CELL_NAME=~"u0/spi_inst0/wb_ila_0"}]]
run_hw_ila [get_hw_ilas -of_objects [get_hw_devices xc7a35t_0] -filter {CELL_NAME=~"u0/spi_inst0/wb_ila_0"}]
INFO: [Labtools 27-1964] The ILA core 'hw_ila_1' trigger was armed at 2023-Aug-21 01:49:25
wait_on_hw_ila -timeout 0 [get_hw_ilas -of_objects [get_hw_devices xc7a35t_0] -filter {CELL_NAME=~"u0/spi_inst0/wb_ila_0"}]
upload_hw_ila_data [get_hw_ilas -of_objects [get_hw_devices xc7a35t_0] -filter {CELL_NAME=~"u0/spi_inst0/wb_ila_0"}]
INFO: [Labtools 27-1965] The ILA core 'hw_ila_1' trigger was stopped by user at 2023-Aug-21 01:49:41
WARNING: [Labtools 27-157] hw_ila [hw_ila_1] stopped. No data to upload.
run_hw_ila [get_hw_ilas -of_objects [get_hw_devices xc7a35t_0] -filter {CELL_NAME=~"u0/spi_inst0/wb_ila_0"}]
INFO: [Labtools 27-1964] The ILA core 'hw_ila_1' trigger was armed at 2023-Aug-21 01:50:00
wait_on_hw_ila [get_hw_ilas -of_objects [get_hw_devices xc7a35t_0] -filter {CELL_NAME=~"u0/spi_inst0/wb_ila_0"}]
display_hw_ila_data [upload_hw_ila_data [get_hw_ilas -of_objects [get_hw_devices xc7a35t_0] -filter {CELL_NAME=~"u0/spi_inst0/wb_ila_0"}]]
INFO: [Labtools 27-1966] The ILA core 'hw_ila_1' triggered at 2023-Aug-21 01:50:04
INFO: [Labtools 27-3304] ILA Waveform data saved to file /home/binhkieudo/Workspace/XRPIX/serial_riscv/deploy/Arty_A7/Arty_A7.hw/backup/hw_ila_data_1.ila. Use Tcl command 'read_hw_ila_data' or Vivado File->Import->Import ILA Data menu item to import the previously saved data.
run_hw_ila [get_hw_ilas -of_objects [get_hw_devices xc7a35t_0] -filter {CELL_NAME=~"u0/spi_inst0/wb_ila_0"}]
INFO: [Labtools 27-1964] The ILA core 'hw_ila_1' trigger was armed at 2023-Aug-21 01:50:21
wait_on_hw_ila [get_hw_ilas -of_objects [get_hw_devices xc7a35t_0] -filter {CELL_NAME=~"u0/spi_inst0/wb_ila_0"}]
display_hw_ila_data [upload_hw_ila_data [get_hw_ilas -of_objects [get_hw_devices xc7a35t_0] -filter {CELL_NAME=~"u0/spi_inst0/wb_ila_0"}]]
INFO: [Labtools 27-1966] The ILA core 'hw_ila_1' triggered at 2023-Aug-21 01:50:25
INFO: [Labtools 27-3304] ILA Waveform data saved to file /home/binhkieudo/Workspace/XRPIX/serial_riscv/deploy/Arty_A7/Arty_A7.hw/backup/hw_ila_data_1.ila. Use Tcl command 'read_hw_ila_data' or Vivado File->Import->Import ILA Data menu item to import the previously saved data.
reset_run synth_1
INFO: [Project 1-1161] Replacing file /home/binhkieudo/Workspace/XRPIX/serial_riscv/deploy/Arty_A7/Arty_A7.srcs/utils_1/imports/synth_1/clock_gen.dcp with file /home/binhkieudo/Workspace/XRPIX/serial_riscv/deploy/Arty_A7/Arty_A7.runs/synth_1/top_artya7.dcp
launch_runs impl_1 -to_step write_bitstream -jobs 16
[Mon Aug 21 01:54:04 2023] Launched synth_1...
Run output will be captured here: /home/binhkieudo/Workspace/XRPIX/serial_riscv/deploy/Arty_A7/Arty_A7.runs/synth_1/runme.log
[Mon Aug 21 01:54:04 2023] Launched impl_1...
Run output will be captured here: /home/binhkieudo/Workspace/XRPIX/serial_riscv/deploy/Arty_A7/Arty_A7.runs/impl_1/runme.log
save_wave_config {/home/binhkieudo/Workspace/XRPIX/serial_riscv/deploy/Arty_A7/Arty_A7.hw/hw_1/wave/hw_ila_data_1/hw_ila_data_1.wcfg}
close_hw_manager
open_hw_manager
connect_hw_server -allow_non_jtag
INFO: [Labtools 27-2285] Connecting to hw_server url TCP:localhost:3121
INFO: [Labtools 27-3415] Connecting to cs_server url TCP:localhost:0
INFO: [Labtools 27-3417] Launching cs_server...
INFO: [Labtools 27-2221] Launch Output:


******** Xilinx cs_server v2022.2.0
  ****** Build date   : Oct 05 2022-08:25:37
    **** Build number : 2022.2.1664925937
      ** Copyright 2017-2023 Xilinx, Inc. All Rights Reserved.



open_hw_target
INFO: [Labtoolstcl 44-466] Opening hw_target localhost:3121/xilinx_tcf/Digilent/210319B4A283A
set_property PROGRAM.FILE {/home/binhkieudo/Workspace/XRPIX/serial_riscv/deploy/Arty_A7/Arty_A7.runs/impl_1/top_artya7.bit} [get_hw_devices xc7a35t_0]
set_property PROBES.FILE {/home/binhkieudo/Workspace/XRPIX/serial_riscv/deploy/Arty_A7/Arty_A7.runs/impl_1/top_artya7.ltx} [get_hw_devices xc7a35t_0]
set_property FULL_PROBES.FILE {/home/binhkieudo/Workspace/XRPIX/serial_riscv/deploy/Arty_A7/Arty_A7.runs/impl_1/top_artya7.ltx} [get_hw_devices xc7a35t_0]
current_hw_device [get_hw_devices xc7a35t_0]
refresh_hw_device [lindex [get_hw_devices xc7a35t_0] 0]
INFO: [Labtools 27-2302] Device xc7a35t (JTAG device index = 0) is programmed with a design that has 1 ILA core(s).
display_hw_ila_data [ get_hw_ila_data hw_ila_data_1 -of_objects [get_hw_ilas -of_objects [get_hw_devices xc7a35t_0] -filter {CELL_NAME=~"u0/spi_inst0/wb_ila_0"}]]
set_property PROBES.FILE {/home/binhkieudo/Workspace/XRPIX/serial_riscv/deploy/Arty_A7/Arty_A7.runs/impl_1/top_artya7.ltx} [get_hw_devices xc7a35t_0]
set_property FULL_PROBES.FILE {/home/binhkieudo/Workspace/XRPIX/serial_riscv/deploy/Arty_A7/Arty_A7.runs/impl_1/top_artya7.ltx} [get_hw_devices xc7a35t_0]
set_property PROGRAM.FILE {/home/binhkieudo/Workspace/XRPIX/serial_riscv/deploy/Arty_A7/Arty_A7.runs/impl_1/top_artya7.bit} [get_hw_devices xc7a35t_0]
program_hw_devices [get_hw_devices xc7a35t_0]
INFO: [Labtools 27-3164] End of startup status: HIGH
refresh_hw_device [lindex [get_hw_devices xc7a35t_0] 0]
INFO: [Labtools 27-2302] Device xc7a35t (JTAG device index = 0) is programmed with a design that has 1 ILA core(s).
set_property TRIGGER_COMPARE_VALUE eq1'bR [get_hw_probes u0/spi_inst0/i_wb_cyc -of_objects [get_hw_ilas -of_objects [get_hw_devices xc7a35t_0] -filter {CELL_NAME=~"u0/spi_inst0/wb_ila_0"}]]
set_property TRIGGER_COMPARE_VALUE eq30'h3000_0004 [get_hw_probes u0/spi_inst0/i_wb_adr -of_objects [get_hw_ilas -of_objects [get_hw_devices xc7a35t_0] -filter {CELL_NAME=~"u0/spi_inst0/wb_ila_0"}]]
run_hw_ila [get_hw_ilas -of_objects [get_hw_devices xc7a35t_0] -filter {CELL_NAME=~"u0/spi_inst0/wb_ila_0"}]
INFO: [Labtools 27-1964] The ILA core 'hw_ila_1' trigger was armed at 2023-Aug-21 01:58:30
wait_on_hw_ila [get_hw_ilas -of_objects [get_hw_devices xc7a35t_0] -filter {CELL_NAME=~"u0/spi_inst0/wb_ila_0"}]
display_hw_ila_data [upload_hw_ila_data [get_hw_ilas -of_objects [get_hw_devices xc7a35t_0] -filter {CELL_NAME=~"u0/spi_inst0/wb_ila_0"}]]
INFO: [Labtools 27-1966] The ILA core 'hw_ila_1' triggered at 2023-Aug-21 01:58:36
INFO: [Labtools 27-3304] ILA Waveform data saved to file /home/binhkieudo/Workspace/XRPIX/serial_riscv/deploy/Arty_A7/Arty_A7.hw/backup/hw_ila_data_1.ila. Use Tcl command 'read_hw_ila_data' or Vivado File->Import->Import ILA Data menu item to import the previously saved data.
run_hw_ila [get_hw_ilas -of_objects [get_hw_devices xc7a35t_0] -filter {CELL_NAME=~"u0/spi_inst0/wb_ila_0"}]
INFO: [Labtools 27-1964] The ILA core 'hw_ila_1' trigger was armed at 2023-Aug-21 01:59:10
wait_on_hw_ila [get_hw_ilas -of_objects [get_hw_devices xc7a35t_0] -filter {CELL_NAME=~"u0/spi_inst0/wb_ila_0"}]
display_hw_ila_data [upload_hw_ila_data [get_hw_ilas -of_objects [get_hw_devices xc7a35t_0] -filter {CELL_NAME=~"u0/spi_inst0/wb_ila_0"}]]
INFO: [Labtools 27-1966] The ILA core 'hw_ila_1' triggered at 2023-Aug-21 01:59:14
INFO: [Labtools 27-3304] ILA Waveform data saved to file /home/binhkieudo/Workspace/XRPIX/serial_riscv/deploy/Arty_A7/Arty_A7.hw/backup/hw_ila_data_1.ila. Use Tcl command 'read_hw_ila_data' or Vivado File->Import->Import ILA Data menu item to import the previously saved data.
set_property PROBES.FILE {/home/binhkieudo/Workspace/XRPIX/serial_riscv/deploy/Arty_A7/Arty_A7.runs/impl_1/top_artya7.ltx} [get_hw_devices xc7a35t_0]
set_property FULL_PROBES.FILE {/home/binhkieudo/Workspace/XRPIX/serial_riscv/deploy/Arty_A7/Arty_A7.runs/impl_1/top_artya7.ltx} [get_hw_devices xc7a35t_0]
set_property PROGRAM.FILE {/home/binhkieudo/Workspace/XRPIX/serial_riscv/deploy/Arty_A7/Arty_A7.runs/impl_1/top_artya7.bit} [get_hw_devices xc7a35t_0]
program_hw_devices [get_hw_devices xc7a35t_0]
INFO: [Labtools 27-3164] End of startup status: HIGH
refresh_hw_device [lindex [get_hw_devices xc7a35t_0] 0]
INFO: [Labtools 27-2302] Device xc7a35t (JTAG device index = 0) is programmed with a design that has 1 ILA core(s).
set_property TRIGGER_COMPARE_VALUE eq30'h3000_0003 [get_hw_probes u0/spi_inst0/i_wb_adr -of_objects [get_hw_ilas -of_objects [get_hw_devices xc7a35t_0] -filter {CELL_NAME=~"u0/spi_inst0/wb_ila_0"}]]
run_hw_ila [get_hw_ilas -of_objects [get_hw_devices xc7a35t_0] -filter {CELL_NAME=~"u0/spi_inst0/wb_ila_0"}]
INFO: [Labtools 27-1964] The ILA core 'hw_ila_1' trigger was armed at 2023-Aug-21 02:01:57
wait_on_hw_ila -timeout 0 [get_hw_ilas -of_objects [get_hw_devices xc7a35t_0] -filter {CELL_NAME=~"u0/spi_inst0/wb_ila_0"}]
upload_hw_ila_data [get_hw_ilas -of_objects [get_hw_devices xc7a35t_0] -filter {CELL_NAME=~"u0/spi_inst0/wb_ila_0"}]
INFO: [Labtools 27-1965] The ILA core 'hw_ila_1' trigger was stopped by user at 2023-Aug-21 02:03:22
WARNING: [Labtools 27-157] hw_ila [hw_ila_1] stopped. No data to upload.
run_hw_ila [get_hw_ilas -of_objects [get_hw_devices xc7a35t_0] -filter {CELL_NAME=~"u0/spi_inst0/wb_ila_0"}]
INFO: [Labtools 27-1964] The ILA core 'hw_ila_1' trigger was armed at 2023-Aug-21 02:03:54
wait_on_hw_ila [get_hw_ilas -of_objects [get_hw_devices xc7a35t_0] -filter {CELL_NAME=~"u0/spi_inst0/wb_ila_0"}]
display_hw_ila_data [upload_hw_ila_data [get_hw_ilas -of_objects [get_hw_devices xc7a35t_0] -filter {CELL_NAME=~"u0/spi_inst0/wb_ila_0"}]]
INFO: [Labtools 27-1966] The ILA core 'hw_ila_1' triggered at 2023-Aug-21 02:03:58
INFO: [Labtools 27-3304] ILA Waveform data saved to file /home/binhkieudo/Workspace/XRPIX/serial_riscv/deploy/Arty_A7/Arty_A7.hw/backup/hw_ila_data_1.ila. Use Tcl command 'read_hw_ila_data' or Vivado File->Import->Import ILA Data menu item to import the previously saved data.
set_property TRIGGER_COMPARE_VALUE eq30'h3000_0004 [get_hw_probes u0/spi_inst0/i_wb_adr -of_objects [get_hw_ilas -of_objects [get_hw_devices xc7a35t_0] -filter {CELL_NAME=~"u0/spi_inst0/wb_ila_0"}]]
run_hw_ila [get_hw_ilas -of_objects [get_hw_devices xc7a35t_0] -filter {CELL_NAME=~"u0/spi_inst0/wb_ila_0"}]
INFO: [Labtools 27-1964] The ILA core 'hw_ila_1' trigger was armed at 2023-Aug-21 02:04:11
wait_on_hw_ila [get_hw_ilas -of_objects [get_hw_devices xc7a35t_0] -filter {CELL_NAME=~"u0/spi_inst0/wb_ila_0"}]
display_hw_ila_data [upload_hw_ila_data [get_hw_ilas -of_objects [get_hw_devices xc7a35t_0] -filter {CELL_NAME=~"u0/spi_inst0/wb_ila_0"}]]
INFO: [Labtools 27-1966] The ILA core 'hw_ila_1' triggered at 2023-Aug-21 02:04:16
INFO: [Labtools 27-3304] ILA Waveform data saved to file /home/binhkieudo/Workspace/XRPIX/serial_riscv/deploy/Arty_A7/Arty_A7.hw/backup/hw_ila_data_1.ila. Use Tcl command 'read_hw_ila_data' or Vivado File->Import->Import ILA Data menu item to import the previously saved data.
save_wave_config {/home/binhkieudo/Workspace/XRPIX/serial_riscv/deploy/Arty_A7/Arty_A7.hw/hw_1/wave/hw_ila_data_1/hw_ila_data_1.wcfg}
close_hw_manager
reset_run synth_1
INFO: [Project 1-1161] Replacing file /home/binhkieudo/Workspace/XRPIX/serial_riscv/deploy/Arty_A7/Arty_A7.srcs/utils_1/imports/synth_1/clock_gen.dcp with file /home/binhkieudo/Workspace/XRPIX/serial_riscv/deploy/Arty_A7/Arty_A7.runs/synth_1/top_artya7.dcp
launch_runs impl_1 -to_step write_bitstream -jobs 16
[Mon Aug 21 02:20:11 2023] Launched synth_1...
Run output will be captured here: /home/binhkieudo/Workspace/XRPIX/serial_riscv/deploy/Arty_A7/Arty_A7.runs/synth_1/runme.log
[Mon Aug 21 02:20:11 2023] Launched impl_1...
Run output will be captured here: /home/binhkieudo/Workspace/XRPIX/serial_riscv/deploy/Arty_A7/Arty_A7.runs/impl_1/runme.log
open_hw_manager
connect_hw_server -allow_non_jtag
INFO: [Labtools 27-2285] Connecting to hw_server url TCP:localhost:3121
INFO: [Labtools 27-2222] Launching hw_server...
INFO: [Labtools 27-2221] Launch Output:

****** Xilinx hw_server v2022.2
  **** Build date : Oct 14 2022 at 05:10:28
    ** Copyright 1986-2022 Xilinx, Inc. All Rights Reserved.


INFO: [Labtools 27-3415] Connecting to cs_server url TCP:localhost:0
INFO: [Labtools 27-3417] Launching cs_server...
INFO: [Labtools 27-2221] Launch Output:


******** Xilinx cs_server v2022.2.0
  ****** Build date   : Oct 05 2022-08:25:37
    **** Build number : 2022.2.1664925937
      ** Copyright 2017-2023 Xilinx, Inc. All Rights Reserved.



open_hw_target
INFO: [Labtoolstcl 44-466] Opening hw_target localhost:3121/xilinx_tcf/Digilent/210319B4A283A
set_property PROGRAM.FILE {/home/binhkieudo/Workspace/XRPIX/serial_riscv/deploy/Arty_A7/Arty_A7.runs/impl_1/top_artya7.bit} [get_hw_devices xc7a35t_0]
set_property PROBES.FILE {/home/binhkieudo/Workspace/XRPIX/serial_riscv/deploy/Arty_A7/Arty_A7.runs/impl_1/top_artya7.ltx} [get_hw_devices xc7a35t_0]
set_property FULL_PROBES.FILE {/home/binhkieudo/Workspace/XRPIX/serial_riscv/deploy/Arty_A7/Arty_A7.runs/impl_1/top_artya7.ltx} [get_hw_devices xc7a35t_0]
current_hw_device [get_hw_devices xc7a35t_0]
refresh_hw_device [lindex [get_hw_devices xc7a35t_0] 0]
INFO: [Labtools 27-2302] Device xc7a35t (JTAG device index = 0) is programmed with a design that has 1 ILA core(s).
display_hw_ila_data [ get_hw_ila_data hw_ila_data_1 -of_objects [get_hw_ilas -of_objects [get_hw_devices xc7a35t_0] -filter {CELL_NAME=~"u0/spi_inst0/wb_ila_0"}]]
set_property PROBES.FILE {/home/binhkieudo/Workspace/XRPIX/serial_riscv/deploy/Arty_A7/Arty_A7.runs/impl_1/top_artya7.ltx} [get_hw_devices xc7a35t_0]
set_property FULL_PROBES.FILE {/home/binhkieudo/Workspace/XRPIX/serial_riscv/deploy/Arty_A7/Arty_A7.runs/impl_1/top_artya7.ltx} [get_hw_devices xc7a35t_0]
set_property PROGRAM.FILE {/home/binhkieudo/Workspace/XRPIX/serial_riscv/deploy/Arty_A7/Arty_A7.runs/impl_1/top_artya7.bit} [get_hw_devices xc7a35t_0]
program_hw_devices [get_hw_devices xc7a35t_0]
INFO: [Labtools 27-3164] End of startup status: HIGH
refresh_hw_device [lindex [get_hw_devices xc7a35t_0] 0]
INFO: [Labtools 27-2302] Device xc7a35t (JTAG device index = 0) is programmed with a design that has 1 ILA core(s).
set_property PROBES.FILE {/home/binhkieudo/Workspace/XRPIX/serial_riscv/deploy/Arty_A7/Arty_A7.runs/impl_1/top_artya7.ltx} [get_hw_devices xc7a35t_0]
set_property FULL_PROBES.FILE {/home/binhkieudo/Workspace/XRPIX/serial_riscv/deploy/Arty_A7/Arty_A7.runs/impl_1/top_artya7.ltx} [get_hw_devices xc7a35t_0]
set_property PROGRAM.FILE {/home/binhkieudo/Workspace/XRPIX/serial_riscv/deploy/Arty_A7/Arty_A7.runs/impl_1/top_artya7.bit} [get_hw_devices xc7a35t_0]
program_hw_devices [get_hw_devices xc7a35t_0]
INFO: [Labtools 27-3164] End of startup status: HIGH
refresh_hw_device [lindex [get_hw_devices xc7a35t_0] 0]
INFO: [Labtools 27-2302] Device xc7a35t (JTAG device index = 0) is programmed with a design that has 1 ILA core(s).
set_property PROBES.FILE {/home/binhkieudo/Workspace/XRPIX/serial_riscv/deploy/Arty_A7/Arty_A7.runs/impl_1/top_artya7.ltx} [get_hw_devices xc7a35t_0]
set_property FULL_PROBES.FILE {/home/binhkieudo/Workspace/XRPIX/serial_riscv/deploy/Arty_A7/Arty_A7.runs/impl_1/top_artya7.ltx} [get_hw_devices xc7a35t_0]
set_property PROGRAM.FILE {/home/binhkieudo/Workspace/XRPIX/serial_riscv/deploy/Arty_A7/Arty_A7.runs/impl_1/top_artya7.bit} [get_hw_devices xc7a35t_0]
program_hw_devices [get_hw_devices xc7a35t_0]
INFO: [Labtools 27-3164] End of startup status: HIGH
refresh_hw_device [lindex [get_hw_devices xc7a35t_0] 0]
INFO: [Labtools 27-2302] Device xc7a35t (JTAG device index = 0) is programmed with a design that has 1 ILA core(s).
set_property TRIGGER_COMPARE_VALUE eq1'bR [get_hw_probes u0/spi_inst0/i_wb_cyc -of_objects [get_hw_ilas -of_objects [get_hw_devices xc7a35t_0] -filter {CELL_NAME=~"u0/spi_inst0/wb_ila_0"}]]
set_property TRIGGER_COMPARE_VALUE eq30'h3000_0001 [get_hw_probes u0/spi_inst0/i_wb_adr -of_objects [get_hw_ilas -of_objects [get_hw_devices xc7a35t_0] -filter {CELL_NAME=~"u0/spi_inst0/wb_ila_0"}]]
run_hw_ila [get_hw_ilas -of_objects [get_hw_devices xc7a35t_0] -filter {CELL_NAME=~"u0/spi_inst0/wb_ila_0"}]
INFO: [Labtools 27-1964] The ILA core 'hw_ila_1' trigger was armed at 2023-Aug-21 02:49:21
wait_on_hw_ila -timeout 0 [get_hw_ilas -of_objects [get_hw_devices xc7a35t_0] -filter {CELL_NAME=~"u0/spi_inst0/wb_ila_0"}]
upload_hw_ila_data [get_hw_ilas -of_objects [get_hw_devices xc7a35t_0] -filter {CELL_NAME=~"u0/spi_inst0/wb_ila_0"}]
INFO: [Labtools 27-1965] The ILA core 'hw_ila_1' trigger was stopped by user at 2023-Aug-21 02:49:33
WARNING: [Labtools 27-157] hw_ila [hw_ila_1] stopped. No data to upload.
run_hw_ila [get_hw_ilas -of_objects [get_hw_devices xc7a35t_0] -filter {CELL_NAME=~"u0/spi_inst0/wb_ila_0"}]
INFO: [Labtools 27-1964] The ILA core 'hw_ila_1' trigger was armed at 2023-Aug-21 02:49:40
wait_on_hw_ila [get_hw_ilas -of_objects [get_hw_devices xc7a35t_0] -filter {CELL_NAME=~"u0/spi_inst0/wb_ila_0"}]
display_hw_ila_data [upload_hw_ila_data [get_hw_ilas -of_objects [get_hw_devices xc7a35t_0] -filter {CELL_NAME=~"u0/spi_inst0/wb_ila_0"}]]
INFO: [Labtools 27-1966] The ILA core 'hw_ila_1' triggered at 2023-Aug-21 02:49:46
INFO: [Labtools 27-3304] ILA Waveform data saved to file /home/binhkieudo/Workspace/XRPIX/serial_riscv/deploy/Arty_A7/Arty_A7.hw/backup/hw_ila_data_1.ila. Use Tcl command 'read_hw_ila_data' or Vivado File->Import->Import ILA Data menu item to import the previously saved data.
save_wave_config {/home/binhkieudo/Workspace/XRPIX/serial_riscv/deploy/Arty_A7/Arty_A7.hw/hw_1/wave/hw_ila_data_1/hw_ila_data_1.wcfg}
close_hw_manager
WARNING: [IP_Flow 19-4067] Ignoring invalid widget type specified checkbox.Providing a default widget
set_property -dict [list \
  CONFIG.C_NUM_OF_PROBES {7} \
  CONFIG.C_PROBE6_WIDTH {3} \
] [get_ips wb_ila]
generate_target all [get_files  /home/binhkieudo/Workspace/XRPIX/serial_riscv/deploy/Arty_A7/Arty_A7.srcs/sources_1/ip/wb_ila/wb_ila.xci]
INFO: [IP_Flow 19-1686] Generating 'Instantiation Template' target for IP 'wb_ila'...
INFO: [IP_Flow 19-1686] Generating 'Synthesis' target for IP 'wb_ila'...
WARNING: [IP_Flow 19-4994] Overwriting existing constraint file '/home/binhkieudo/Workspace/XRPIX/serial_riscv/deploy/Arty_A7/Arty_A7.gen/sources_1/ip/wb_ila/wb_ila_ooc.xdc'
INFO: [IP_Flow 19-1686] Generating 'Simulation' target for IP 'wb_ila'...
INFO: [IP_Flow 19-1686] Generating 'Implementation' target for IP 'wb_ila'...
INFO: [IP_Flow 19-1686] Generating 'Change Log' target for IP 'wb_ila'...
catch { config_ip_cache -export [get_ips -all wb_ila] }
INFO: [IP_Flow 19-6924] IPCACHE: Running cache check for IP inst: wb_ila
export_ip_user_files -of_objects [get_files /home/binhkieudo/Workspace/XRPIX/serial_riscv/deploy/Arty_A7/Arty_A7.srcs/sources_1/ip/wb_ila/wb_ila.xci] -no_script -sync -force -quiet
reset_run wb_ila_synth_1
launch_runs wb_ila_synth_1 -jobs 16
INFO: [IP_Flow 19-6924] IPCACHE: Running cache check for IP inst: wb_ila
[Mon Aug 21 02:51:27 2023] Launched wb_ila_synth_1...
Run output will be captured here: /home/binhkieudo/Workspace/XRPIX/serial_riscv/deploy/Arty_A7/Arty_A7.runs/wb_ila_synth_1/runme.log
launch_runs: Time (s): cpu = 00:00:20 ; elapsed = 00:00:20 . Memory (MB): peak = 10639.285 ; gain = 0.000 ; free physical = 12916 ; free virtual = 83144
export_simulation -of_objects [get_files /home/binhkieudo/Workspace/XRPIX/serial_riscv/deploy/Arty_A7/Arty_A7.srcs/sources_1/ip/wb_ila/wb_ila.xci] -directory /home/binhkieudo/Workspace/XRPIX/serial_riscv/deploy/Arty_A7/Arty_A7.ip_user_files/sim_scripts -ip_user_files_dir /home/binhkieudo/Workspace/XRPIX/serial_riscv/deploy/Arty_A7/Arty_A7.ip_user_files -ipstatic_source_dir /home/binhkieudo/Workspace/XRPIX/serial_riscv/deploy/Arty_A7/Arty_A7.ip_user_files/ipstatic -lib_map_path [list {modelsim=/home/binhkieudo/Workspace/XRPIX/serial_riscv/deploy/Arty_A7/Arty_A7.cache/compile_simlib/modelsim} {questa=/home/binhkieudo/Workspace/XRPIX/serial_riscv/deploy/Arty_A7/Arty_A7.cache/compile_simlib/questa} {xcelium=/home/binhkieudo/Workspace/XRPIX/serial_riscv/deploy/Arty_A7/Arty_A7.cache/compile_simlib/xcelium} {vcs=/home/binhkieudo/Workspace/XRPIX/serial_riscv/deploy/Arty_A7/Arty_A7.cache/compile_simlib/vcs} {riviera=/home/binhkieudo/Workspace/XRPIX/serial_riscv/deploy/Arty_A7/Arty_A7.cache/compile_simlib/riviera}] -use_ip_compiled_libs -force -quiet
WARNING: [IP_Flow 19-4067] Ignoring invalid widget type specified checkbox.Providing a default widget
WARNING: [IP_Flow 19-4067] Ignoring invalid widget type specified checkbox.Providing a default widget
set_property CONFIG.C_PROBE6_WIDTH {2} [get_ips wb_ila]
generate_target all [get_files  /home/binhkieudo/Workspace/XRPIX/serial_riscv/deploy/Arty_A7/Arty_A7.srcs/sources_1/ip/wb_ila/wb_ila.xci]
INFO: [IP_Flow 19-1686] Generating 'Instantiation Template' target for IP 'wb_ila'...
INFO: [IP_Flow 19-1686] Generating 'Synthesis' target for IP 'wb_ila'...
WARNING: [IP_Flow 19-4994] Overwriting existing constraint file '/home/binhkieudo/Workspace/XRPIX/serial_riscv/deploy/Arty_A7/Arty_A7.gen/sources_1/ip/wb_ila/wb_ila_ooc.xdc'
INFO: [IP_Flow 19-1686] Generating 'Simulation' target for IP 'wb_ila'...
INFO: [IP_Flow 19-1686] Generating 'Implementation' target for IP 'wb_ila'...
INFO: [IP_Flow 19-1686] Generating 'Change Log' target for IP 'wb_ila'...
catch { config_ip_cache -export [get_ips -all wb_ila] }
INFO: [IP_Flow 19-6924] IPCACHE: Running cache check for IP inst: wb_ila
export_ip_user_files -of_objects [get_files /home/binhkieudo/Workspace/XRPIX/serial_riscv/deploy/Arty_A7/Arty_A7.srcs/sources_1/ip/wb_ila/wb_ila.xci] -no_script -sync -force -quiet
reset_run wb_ila_synth_1
launch_runs wb_ila_synth_1 -jobs 16
INFO: [IP_Flow 19-6924] IPCACHE: Running cache check for IP inst: wb_ila
[Mon Aug 21 02:53:26 2023] Launched wb_ila_synth_1...
Run output will be captured here: /home/binhkieudo/Workspace/XRPIX/serial_riscv/deploy/Arty_A7/Arty_A7.runs/wb_ila_synth_1/runme.log
launch_runs: Time (s): cpu = 00:00:10 ; elapsed = 00:00:12 . Memory (MB): peak = 10639.285 ; gain = 0.000 ; free physical = 12868 ; free virtual = 83110
export_simulation -of_objects [get_files /home/binhkieudo/Workspace/XRPIX/serial_riscv/deploy/Arty_A7/Arty_A7.srcs/sources_1/ip/wb_ila/wb_ila.xci] -directory /home/binhkieudo/Workspace/XRPIX/serial_riscv/deploy/Arty_A7/Arty_A7.ip_user_files/sim_scripts -ip_user_files_dir /home/binhkieudo/Workspace/XRPIX/serial_riscv/deploy/Arty_A7/Arty_A7.ip_user_files -ipstatic_source_dir /home/binhkieudo/Workspace/XRPIX/serial_riscv/deploy/Arty_A7/Arty_A7.ip_user_files/ipstatic -lib_map_path [list {modelsim=/home/binhkieudo/Workspace/XRPIX/serial_riscv/deploy/Arty_A7/Arty_A7.cache/compile_simlib/modelsim} {questa=/home/binhkieudo/Workspace/XRPIX/serial_riscv/deploy/Arty_A7/Arty_A7.cache/compile_simlib/questa} {xcelium=/home/binhkieudo/Workspace/XRPIX/serial_riscv/deploy/Arty_A7/Arty_A7.cache/compile_simlib/xcelium} {vcs=/home/binhkieudo/Workspace/XRPIX/serial_riscv/deploy/Arty_A7/Arty_A7.cache/compile_simlib/vcs} {riviera=/home/binhkieudo/Workspace/XRPIX/serial_riscv/deploy/Arty_A7/Arty_A7.cache/compile_simlib/riviera}] -use_ip_compiled_libs -force -quiet
reset_run synth_1
INFO: [Project 1-1161] Replacing file /home/binhkieudo/Workspace/XRPIX/serial_riscv/deploy/Arty_A7/Arty_A7.srcs/utils_1/imports/synth_1/clock_gen.dcp with file /home/binhkieudo/Workspace/XRPIX/serial_riscv/deploy/Arty_A7/Arty_A7.runs/synth_1/top_artya7.dcp
launch_runs impl_1 -to_step write_bitstream -jobs 16
[Mon Aug 21 02:54:47 2023] Launched wb_ila_synth_1, synth_1...
Run output will be captured here:
wb_ila_synth_1: /home/binhkieudo/Workspace/XRPIX/serial_riscv/deploy/Arty_A7/Arty_A7.runs/wb_ila_synth_1/runme.log
synth_1: /home/binhkieudo/Workspace/XRPIX/serial_riscv/deploy/Arty_A7/Arty_A7.runs/synth_1/runme.log
[Mon Aug 21 02:54:47 2023] Launched impl_1...
Run output will be captured here: /home/binhkieudo/Workspace/XRPIX/serial_riscv/deploy/Arty_A7/Arty_A7.runs/impl_1/runme.log
launch_runs: Time (s): cpu = 00:00:21 ; elapsed = 00:00:15 . Memory (MB): peak = 10650.285 ; gain = 11.000 ; free physical = 11106 ; free virtual = 81345
reset_run synth_1
launch_runs impl_1 -to_step write_bitstream -jobs 16
[Mon Aug 21 02:56:24 2023] Launched synth_1...
Run output will be captured here: /home/binhkieudo/Workspace/XRPIX/serial_riscv/deploy/Arty_A7/Arty_A7.runs/synth_1/runme.log
[Mon Aug 21 02:56:24 2023] Launched impl_1...
Run output will be captured here: /home/binhkieudo/Workspace/XRPIX/serial_riscv/deploy/Arty_A7/Arty_A7.runs/impl_1/runme.log
launch_runs: Time (s): cpu = 00:00:11 ; elapsed = 00:00:09 . Memory (MB): peak = 10685.297 ; gain = 29.016 ; free physical = 12855 ; free virtual = 83096
open_hw_manager
connect_hw_server -allow_non_jtag
INFO: [Labtools 27-2285] Connecting to hw_server url TCP:localhost:3121
INFO: [Labtools 27-2222] Launching hw_server...
INFO: [Labtools 27-2221] Launch Output:

****** Xilinx hw_server v2022.2
  **** Build date : Oct 14 2022 at 05:10:28
    ** Copyright 1986-2022 Xilinx, Inc. All Rights Reserved.


INFO: [Labtools 27-3415] Connecting to cs_server url TCP:localhost:0
INFO: [Labtools 27-3417] Launching cs_server...
INFO: [Labtools 27-2221] Launch Output:


******** Xilinx cs_server v2022.2.0
  ****** Build date   : Oct 05 2022-08:25:37
    **** Build number : 2022.2.1664925937
      ** Copyright 2017-2023 Xilinx, Inc. All Rights Reserved.



open_hw_target
INFO: [Labtoolstcl 44-466] Opening hw_target localhost:3121/xilinx_tcf/Digilent/210319B4A283A
set_property PROGRAM.FILE {/home/binhkieudo/Workspace/XRPIX/serial_riscv/deploy/Arty_A7/Arty_A7.runs/impl_1/top_artya7.bit} [get_hw_devices xc7a35t_0]
set_property PROBES.FILE {/home/binhkieudo/Workspace/XRPIX/serial_riscv/deploy/Arty_A7/Arty_A7.runs/impl_1/top_artya7.ltx} [get_hw_devices xc7a35t_0]
set_property FULL_PROBES.FILE {/home/binhkieudo/Workspace/XRPIX/serial_riscv/deploy/Arty_A7/Arty_A7.runs/impl_1/top_artya7.ltx} [get_hw_devices xc7a35t_0]
current_hw_device [get_hw_devices xc7a35t_0]
refresh_hw_device [lindex [get_hw_devices xc7a35t_0] 0]
INFO: [Labtools 27-2302] Device xc7a35t (JTAG device index = 0) is programmed with a design that has 1 ILA core(s).
WARNING: [Labtools 27-3222] Mismatch between the design programmed into the device xc7a35t (JTAG device index = 0) and the probes file(s) /home/binhkieudo/Workspace/XRPIX/serial_riscv/deploy/Arty_A7/Arty_A7.runs/impl_1/top_artya7.ltx.
 The hw_probe  in the probes file has port index 6. This port does not exist in the ILA core at location (uuid_3D2C9B23D8CE54FCBBBFDCCF3E967892).
set_property PROBES.FILE {/home/binhkieudo/Workspace/XRPIX/serial_riscv/deploy/Arty_A7/Arty_A7.runs/impl_1/top_artya7.ltx} [get_hw_devices xc7a35t_0]
set_property FULL_PROBES.FILE {/home/binhkieudo/Workspace/XRPIX/serial_riscv/deploy/Arty_A7/Arty_A7.runs/impl_1/top_artya7.ltx} [get_hw_devices xc7a35t_0]
set_property PROGRAM.FILE {/home/binhkieudo/Workspace/XRPIX/serial_riscv/deploy/Arty_A7/Arty_A7.runs/impl_1/top_artya7.bit} [get_hw_devices xc7a35t_0]
program_hw_devices [get_hw_devices xc7a35t_0]
INFO: [Labtools 27-3164] End of startup status: HIGH
refresh_hw_device [lindex [get_hw_devices xc7a35t_0] 0]
INFO: [Labtools 27-2302] Device xc7a35t (JTAG device index = 0) is programmed with a design that has 1 ILA core(s).
display_hw_ila_data [ get_hw_ila_data hw_ila_data_1 -of_objects [get_hw_ilas -of_objects [get_hw_devices xc7a35t_0] -filter {CELL_NAME=~"u0/spi_inst0/wb_ila_0"}]]
set_property TRIGGER_COMPARE_VALUE eq1'bR [get_hw_probes u0/spi_inst0/i_wb_cyc -of_objects [get_hw_ilas -of_objects [get_hw_devices xc7a35t_0] -filter {CELL_NAME=~"u0/spi_inst0/wb_ila_0"}]]
set_property TRIGGER_COMPARE_VALUE eq30'h3000_0001 [get_hw_probes u0/spi_inst0/i_wb_adr -of_objects [get_hw_ilas -of_objects [get_hw_devices xc7a35t_0] -filter {CELL_NAME=~"u0/spi_inst0/wb_ila_0"}]]
run_hw_ila [get_hw_ilas -of_objects [get_hw_devices xc7a35t_0] -filter {CELL_NAME=~"u0/spi_inst0/wb_ila_0"}]
INFO: [Labtools 27-1964] The ILA core 'hw_ila_1' trigger was armed at 2023-Aug-21 03:06:54
wait_on_hw_ila [get_hw_ilas -of_objects [get_hw_devices xc7a35t_0] -filter {CELL_NAME=~"u0/spi_inst0/wb_ila_0"}]
display_hw_ila_data [upload_hw_ila_data [get_hw_ilas -of_objects [get_hw_devices xc7a35t_0] -filter {CELL_NAME=~"u0/spi_inst0/wb_ila_0"}]]
INFO: [Labtools 27-1966] The ILA core 'hw_ila_1' triggered at 2023-Aug-21 03:07:00
INFO: [Labtools 27-3304] ILA Waveform data saved to file /home/binhkieudo/Workspace/XRPIX/serial_riscv/deploy/Arty_A7/Arty_A7.hw/backup/hw_ila_data_1.ila. Use Tcl command 'read_hw_ila_data' or Vivado File->Import->Import ILA Data menu item to import the previously saved data.
add_wave -into {hw_ila_data_1.wcfg} -radix hex { {u0/spi_inst0/spi_seq} }
save_wave_config {/home/binhkieudo/Workspace/XRPIX/serial_riscv/deploy/Arty_A7/Arty_A7.hw/hw_1/wave/hw_ila_data_1/hw_ila_data_1.wcfg}
close_hw_manager
WARNING: [IP_Flow 19-4067] Ignoring invalid widget type specified checkbox.Providing a default widget
set_property CONFIG.C_NUM_OF_PROBES {11} [get_ips wb_ila]
generate_target all [get_files  /home/binhkieudo/Workspace/XRPIX/serial_riscv/deploy/Arty_A7/Arty_A7.srcs/sources_1/ip/wb_ila/wb_ila.xci]
INFO: [IP_Flow 19-1686] Generating 'Instantiation Template' target for IP 'wb_ila'...
INFO: [IP_Flow 19-1686] Generating 'Synthesis' target for IP 'wb_ila'...
WARNING: [IP_Flow 19-4994] Overwriting existing constraint file '/home/binhkieudo/Workspace/XRPIX/serial_riscv/deploy/Arty_A7/Arty_A7.gen/sources_1/ip/wb_ila/wb_ila_ooc.xdc'
INFO: [IP_Flow 19-1686] Generating 'Simulation' target for IP 'wb_ila'...
INFO: [IP_Flow 19-1686] Generating 'Implementation' target for IP 'wb_ila'...
INFO: [IP_Flow 19-1686] Generating 'Change Log' target for IP 'wb_ila'...
catch { config_ip_cache -export [get_ips -all wb_ila] }
INFO: [IP_Flow 19-6924] IPCACHE: Running cache check for IP inst: wb_ila
export_ip_user_files -of_objects [get_files /home/binhkieudo/Workspace/XRPIX/serial_riscv/deploy/Arty_A7/Arty_A7.srcs/sources_1/ip/wb_ila/wb_ila.xci] -no_script -sync -force -quiet
reset_run wb_ila_synth_1
launch_runs wb_ila_synth_1 -jobs 16
INFO: [IP_Flow 19-6924] IPCACHE: Running cache check for IP inst: wb_ila
[Mon Aug 21 03:12:21 2023] Launched wb_ila_synth_1...
Run output will be captured here: /home/binhkieudo/Workspace/XRPIX/serial_riscv/deploy/Arty_A7/Arty_A7.runs/wb_ila_synth_1/runme.log
launch_runs: Time (s): cpu = 00:00:10 ; elapsed = 00:00:11 . Memory (MB): peak = 10741.324 ; gain = 0.000 ; free physical = 12802 ; free virtual = 83058
export_simulation -of_objects [get_files /home/binhkieudo/Workspace/XRPIX/serial_riscv/deploy/Arty_A7/Arty_A7.srcs/sources_1/ip/wb_ila/wb_ila.xci] -directory /home/binhkieudo/Workspace/XRPIX/serial_riscv/deploy/Arty_A7/Arty_A7.ip_user_files/sim_scripts -ip_user_files_dir /home/binhkieudo/Workspace/XRPIX/serial_riscv/deploy/Arty_A7/Arty_A7.ip_user_files -ipstatic_source_dir /home/binhkieudo/Workspace/XRPIX/serial_riscv/deploy/Arty_A7/Arty_A7.ip_user_files/ipstatic -lib_map_path [list {modelsim=/home/binhkieudo/Workspace/XRPIX/serial_riscv/deploy/Arty_A7/Arty_A7.cache/compile_simlib/modelsim} {questa=/home/binhkieudo/Workspace/XRPIX/serial_riscv/deploy/Arty_A7/Arty_A7.cache/compile_simlib/questa} {xcelium=/home/binhkieudo/Workspace/XRPIX/serial_riscv/deploy/Arty_A7/Arty_A7.cache/compile_simlib/xcelium} {vcs=/home/binhkieudo/Workspace/XRPIX/serial_riscv/deploy/Arty_A7/Arty_A7.cache/compile_simlib/vcs} {riviera=/home/binhkieudo/Workspace/XRPIX/serial_riscv/deploy/Arty_A7/Arty_A7.cache/compile_simlib/riviera}] -use_ip_compiled_libs -force -quiet
reset_run synth_1
INFO: [Project 1-1161] Replacing file /home/binhkieudo/Workspace/XRPIX/serial_riscv/deploy/Arty_A7/Arty_A7.srcs/utils_1/imports/synth_1/clock_gen.dcp with file /home/binhkieudo/Workspace/XRPIX/serial_riscv/deploy/Arty_A7/Arty_A7.runs/synth_1/top_artya7.dcp
launch_runs impl_1 -to_step write_bitstream -jobs 16
[Mon Aug 21 03:13:50 2023] Launched synth_1...
Run output will be captured here: /home/binhkieudo/Workspace/XRPIX/serial_riscv/deploy/Arty_A7/Arty_A7.runs/synth_1/runme.log
[Mon Aug 21 03:13:50 2023] Launched impl_1...
Run output will be captured here: /home/binhkieudo/Workspace/XRPIX/serial_riscv/deploy/Arty_A7/Arty_A7.runs/impl_1/runme.log
launch_runs: Time (s): cpu = 00:00:22 ; elapsed = 00:00:18 . Memory (MB): peak = 10754.324 ; gain = 13.000 ; free physical = 12803 ; free virtual = 83059
open_hw_manager
connect_hw_server -allow_non_jtag
INFO: [Labtools 27-2285] Connecting to hw_server url TCP:localhost:3121
INFO: [Labtools 27-2222] Launching hw_server...
INFO: [Labtools 27-2221] Launch Output:

****** Xilinx hw_server v2022.2
  **** Build date : Oct 14 2022 at 05:10:28
    ** Copyright 1986-2022 Xilinx, Inc. All Rights Reserved.


INFO: [Labtools 27-3415] Connecting to cs_server url TCP:localhost:0
INFO: [Labtools 27-3417] Launching cs_server...
INFO: [Labtools 27-2221] Launch Output:


******** Xilinx cs_server v2022.2.0
  ****** Build date   : Oct 05 2022-08:25:37
    **** Build number : 2022.2.1664925937
      ** Copyright 2017-2023 Xilinx, Inc. All Rights Reserved.



open_hw_target
INFO: [Labtoolstcl 44-466] Opening hw_target localhost:3121/xilinx_tcf/Digilent/210319B4A283A
set_property PROGRAM.FILE {/home/binhkieudo/Workspace/XRPIX/serial_riscv/deploy/Arty_A7/Arty_A7.runs/impl_1/top_artya7.bit} [get_hw_devices xc7a35t_0]
set_property PROBES.FILE {/home/binhkieudo/Workspace/XRPIX/serial_riscv/deploy/Arty_A7/Arty_A7.runs/impl_1/top_artya7.ltx} [get_hw_devices xc7a35t_0]
set_property FULL_PROBES.FILE {/home/binhkieudo/Workspace/XRPIX/serial_riscv/deploy/Arty_A7/Arty_A7.runs/impl_1/top_artya7.ltx} [get_hw_devices xc7a35t_0]
current_hw_device [get_hw_devices xc7a35t_0]
refresh_hw_device [lindex [get_hw_devices xc7a35t_0] 0]
INFO: [Labtools 27-2302] Device xc7a35t (JTAG device index = 0) is programmed with a design that has 1 ILA core(s).
WARNING: [Labtools 27-3222] Mismatch between the design programmed into the device xc7a35t (JTAG device index = 0) and the probes file(s) /home/binhkieudo/Workspace/XRPIX/serial_riscv/deploy/Arty_A7/Arty_A7.runs/impl_1/top_artya7.ltx.
 The hw_probe  in the probes file has port index 8. This port does not exist in the ILA core at location (uuid_3D2C9B23D8CE54FCBBBFDCCF3E967892).
set_property PROBES.FILE {/home/binhkieudo/Workspace/XRPIX/serial_riscv/deploy/Arty_A7/Arty_A7.runs/impl_1/top_artya7.ltx} [get_hw_devices xc7a35t_0]
set_property FULL_PROBES.FILE {/home/binhkieudo/Workspace/XRPIX/serial_riscv/deploy/Arty_A7/Arty_A7.runs/impl_1/top_artya7.ltx} [get_hw_devices xc7a35t_0]
set_property PROGRAM.FILE {/home/binhkieudo/Workspace/XRPIX/serial_riscv/deploy/Arty_A7/Arty_A7.runs/impl_1/top_artya7.bit} [get_hw_devices xc7a35t_0]
program_hw_devices [get_hw_devices xc7a35t_0]
INFO: [Labtools 27-3164] End of startup status: HIGH
refresh_hw_device [lindex [get_hw_devices xc7a35t_0] 0]
INFO: [Labtools 27-2302] Device xc7a35t (JTAG device index = 0) is programmed with a design that has 1 ILA core(s).
display_hw_ila_data [ get_hw_ila_data hw_ila_data_1 -of_objects [get_hw_ilas -of_objects [get_hw_devices xc7a35t_0] -filter {CELL_NAME=~"u0/spi_inst0/wb_ila_0"}]]
add_wave -into {hw_ila_data_1.wcfg} -radix hex { {u0/spi_inst0/SCK} {u0/spi_inst0/MISO} {u0/spi_inst0/MOSI} {u0/spi_inst0/CSn} }
set_property TRIGGER_COMPARE_VALUE eq1'bR [get_hw_probes u0/spi_inst0/i_wb_cyc -of_objects [get_hw_ilas -of_objects [get_hw_devices xc7a35t_0] -filter {CELL_NAME=~"u0/spi_inst0/wb_ila_0"}]]
set_property TRIGGER_COMPARE_VALUE eq30'h3000_0001 [get_hw_probes u0/spi_inst0/i_wb_adr -of_objects [get_hw_ilas -of_objects [get_hw_devices xc7a35t_0] -filter {CELL_NAME=~"u0/spi_inst0/wb_ila_0"}]]
set_property CONTROL.TRIGGER_POSITION 1 [get_hw_ilas -of_objects [get_hw_devices xc7a35t_0] -filter {CELL_NAME=~"u0/spi_inst0/wb_ila_0"}]
run_hw_ila [get_hw_ilas -of_objects [get_hw_devices xc7a35t_0] -filter {CELL_NAME=~"u0/spi_inst0/wb_ila_0"}]
INFO: [Labtools 27-1964] The ILA core 'hw_ila_1' trigger was armed at 2023-Aug-21 03:17:43
wait_on_hw_ila [get_hw_ilas -of_objects [get_hw_devices xc7a35t_0] -filter {CELL_NAME=~"u0/spi_inst0/wb_ila_0"}]
display_hw_ila_data [upload_hw_ila_data [get_hw_ilas -of_objects [get_hw_devices xc7a35t_0] -filter {CELL_NAME=~"u0/spi_inst0/wb_ila_0"}]]
INFO: [Labtools 27-1966] The ILA core 'hw_ila_1' triggered at 2023-Aug-21 03:17:48
INFO: [Labtools 27-3304] ILA Waveform data saved to file /home/binhkieudo/Workspace/XRPIX/serial_riscv/deploy/Arty_A7/Arty_A7.hw/backup/hw_ila_data_1.ila. Use Tcl command 'read_hw_ila_data' or Vivado File->Import->Import ILA Data menu item to import the previously saved data.
save_wave_config {/home/binhkieudo/Workspace/XRPIX/serial_riscv/deploy/Arty_A7/Arty_A7.hw/hw_1/wave/hw_ila_data_1/hw_ila_data_1.wcfg}
close_hw_manager
reset_run synth_1
INFO: [Project 1-1161] Replacing file /home/binhkieudo/Workspace/XRPIX/serial_riscv/deploy/Arty_A7/Arty_A7.srcs/utils_1/imports/synth_1/clock_gen.dcp with file /home/binhkieudo/Workspace/XRPIX/serial_riscv/deploy/Arty_A7/Arty_A7.runs/synth_1/top_artya7.dcp
launch_runs impl_1 -to_step write_bitstream -jobs 16
[Mon Aug 21 03:28:51 2023] Launched synth_1...
Run output will be captured here: /home/binhkieudo/Workspace/XRPIX/serial_riscv/deploy/Arty_A7/Arty_A7.runs/synth_1/runme.log
[Mon Aug 21 03:28:51 2023] Launched impl_1...
Run output will be captured here: /home/binhkieudo/Workspace/XRPIX/serial_riscv/deploy/Arty_A7/Arty_A7.runs/impl_1/runme.log
launch_runs: Time (s): cpu = 00:00:13 ; elapsed = 00:00:12 . Memory (MB): peak = 10808.312 ; gain = 0.000 ; free physical = 12539 ; free virtual = 82857
open_hw_manager
connect_hw_server -allow_non_jtag
INFO: [Labtools 27-2285] Connecting to hw_server url TCP:localhost:3121
INFO: [Labtools 27-2222] Launching hw_server...
INFO: [Labtools 27-2221] Launch Output:

****** Xilinx hw_server v2022.2
  **** Build date : Oct 14 2022 at 05:10:28
    ** Copyright 1986-2022 Xilinx, Inc. All Rights Reserved.


INFO: [Labtools 27-3415] Connecting to cs_server url TCP:localhost:0
INFO: [Labtools 27-3417] Launching cs_server...
INFO: [Labtools 27-2221] Launch Output:


******** Xilinx cs_server v2022.2.0
  ****** Build date   : Oct 05 2022-08:25:37
    **** Build number : 2022.2.1664925937
      ** Copyright 2017-2023 Xilinx, Inc. All Rights Reserved.



open_hw_target
INFO: [Labtoolstcl 44-466] Opening hw_target localhost:3121/xilinx_tcf/Digilent/210319B4A283A
set_property PROGRAM.FILE {/home/binhkieudo/Workspace/XRPIX/serial_riscv/deploy/Arty_A7/Arty_A7.runs/impl_1/top_artya7.bit} [get_hw_devices xc7a35t_0]
set_property PROBES.FILE {/home/binhkieudo/Workspace/XRPIX/serial_riscv/deploy/Arty_A7/Arty_A7.runs/impl_1/top_artya7.ltx} [get_hw_devices xc7a35t_0]
set_property FULL_PROBES.FILE {/home/binhkieudo/Workspace/XRPIX/serial_riscv/deploy/Arty_A7/Arty_A7.runs/impl_1/top_artya7.ltx} [get_hw_devices xc7a35t_0]
current_hw_device [get_hw_devices xc7a35t_0]
refresh_hw_device [lindex [get_hw_devices xc7a35t_0] 0]
INFO: [Labtools 27-2302] Device xc7a35t (JTAG device index = 0) is programmed with a design that has 1 ILA core(s).
display_hw_ila_data [ get_hw_ila_data hw_ila_data_1 -of_objects [get_hw_ilas -of_objects [get_hw_devices xc7a35t_0] -filter {CELL_NAME=~"u0/spi_inst0/wb_ila_0"}]]
set_property PROBES.FILE {/home/binhkieudo/Workspace/XRPIX/serial_riscv/deploy/Arty_A7/Arty_A7.runs/impl_1/top_artya7.ltx} [get_hw_devices xc7a35t_0]
set_property FULL_PROBES.FILE {/home/binhkieudo/Workspace/XRPIX/serial_riscv/deploy/Arty_A7/Arty_A7.runs/impl_1/top_artya7.ltx} [get_hw_devices xc7a35t_0]
set_property PROGRAM.FILE {/home/binhkieudo/Workspace/XRPIX/serial_riscv/deploy/Arty_A7/Arty_A7.runs/impl_1/top_artya7.bit} [get_hw_devices xc7a35t_0]
program_hw_devices [get_hw_devices xc7a35t_0]
INFO: [Labtools 27-3164] End of startup status: HIGH
refresh_hw_device [lindex [get_hw_devices xc7a35t_0] 0]
INFO: [Labtools 27-2302] Device xc7a35t (JTAG device index = 0) is programmed with a design that has 1 ILA core(s).
set_property TRIGGER_COMPARE_VALUE eq1'bR [get_hw_probes u0/spi_inst0/i_wb_cyc -of_objects [get_hw_ilas -of_objects [get_hw_devices xc7a35t_0] -filter {CELL_NAME=~"u0/spi_inst0/wb_ila_0"}]]
set_property TRIGGER_COMPARE_VALUE eq30'h3000_0001 [get_hw_probes u0/spi_inst0/i_wb_adr -of_objects [get_hw_ilas -of_objects [get_hw_devices xc7a35t_0] -filter {CELL_NAME=~"u0/spi_inst0/wb_ila_0"}]]
run_hw_ila [get_hw_ilas -of_objects [get_hw_devices xc7a35t_0] -filter {CELL_NAME=~"u0/spi_inst0/wb_ila_0"}]
INFO: [Labtools 27-1964] The ILA core 'hw_ila_1' trigger was armed at 2023-Aug-21 03:32:16
wait_on_hw_ila [get_hw_ilas -of_objects [get_hw_devices xc7a35t_0] -filter {CELL_NAME=~"u0/spi_inst0/wb_ila_0"}]
display_hw_ila_data [upload_hw_ila_data [get_hw_ilas -of_objects [get_hw_devices xc7a35t_0] -filter {CELL_NAME=~"u0/spi_inst0/wb_ila_0"}]]
INFO: [Labtools 27-1966] The ILA core 'hw_ila_1' triggered at 2023-Aug-21 03:32:21
INFO: [Labtools 27-3304] ILA Waveform data saved to file /home/binhkieudo/Workspace/XRPIX/serial_riscv/deploy/Arty_A7/Arty_A7.hw/backup/hw_ila_data_1.ila. Use Tcl command 'read_hw_ila_data' or Vivado File->Import->Import ILA Data menu item to import the previously saved data.
save_wave_config {/home/binhkieudo/Workspace/XRPIX/serial_riscv/deploy/Arty_A7/Arty_A7.hw/hw_1/wave/hw_ila_data_1/hw_ila_data_1.wcfg}
close_hw_manager
reset_run synth_1
INFO: [Project 1-1161] Replacing file /home/binhkieudo/Workspace/XRPIX/serial_riscv/deploy/Arty_A7/Arty_A7.srcs/utils_1/imports/synth_1/clock_gen.dcp with file /home/binhkieudo/Workspace/XRPIX/serial_riscv/deploy/Arty_A7/Arty_A7.runs/synth_1/top_artya7.dcp
launch_runs impl_1 -to_step write_bitstream -jobs 16
[Mon Aug 21 03:34:48 2023] Launched synth_1...
Run output will be captured here: /home/binhkieudo/Workspace/XRPIX/serial_riscv/deploy/Arty_A7/Arty_A7.runs/synth_1/runme.log
[Mon Aug 21 03:34:48 2023] Launched impl_1...
Run output will be captured here: /home/binhkieudo/Workspace/XRPIX/serial_riscv/deploy/Arty_A7/Arty_A7.runs/impl_1/runme.log
launch_runs: Time (s): cpu = 00:00:10 ; elapsed = 00:00:08 . Memory (MB): peak = 10827.320 ; gain = 0.000 ; free physical = 13110 ; free virtual = 83355
open_hw_manager
connect_hw_server -allow_non_jtag
INFO: [Labtools 27-2285] Connecting to hw_server url TCP:localhost:3121
INFO: [Labtools 27-2222] Launching hw_server...
INFO: [Labtools 27-2221] Launch Output:

****** Xilinx hw_server v2022.2
  **** Build date : Oct 14 2022 at 05:10:28
    ** Copyright 1986-2022 Xilinx, Inc. All Rights Reserved.


INFO: [Labtools 27-3415] Connecting to cs_server url TCP:localhost:0
INFO: [Labtools 27-3417] Launching cs_server...
INFO: [Labtools 27-2221] Launch Output:


******** Xilinx cs_server v2022.2.0
  ****** Build date   : Oct 05 2022-08:25:37
    **** Build number : 2022.2.1664925937
      ** Copyright 2017-2023 Xilinx, Inc. All Rights Reserved.



open_hw_target
INFO: [Labtoolstcl 44-466] Opening hw_target localhost:3121/xilinx_tcf/Digilent/210319B4A283A
set_property PROGRAM.FILE {/home/binhkieudo/Workspace/XRPIX/serial_riscv/deploy/Arty_A7/Arty_A7.runs/impl_1/top_artya7.bit} [get_hw_devices xc7a35t_0]
set_property PROBES.FILE {/home/binhkieudo/Workspace/XRPIX/serial_riscv/deploy/Arty_A7/Arty_A7.runs/impl_1/top_artya7.ltx} [get_hw_devices xc7a35t_0]
set_property FULL_PROBES.FILE {/home/binhkieudo/Workspace/XRPIX/serial_riscv/deploy/Arty_A7/Arty_A7.runs/impl_1/top_artya7.ltx} [get_hw_devices xc7a35t_0]
current_hw_device [get_hw_devices xc7a35t_0]
refresh_hw_device [lindex [get_hw_devices xc7a35t_0] 0]
INFO: [Labtools 27-2302] Device xc7a35t (JTAG device index = 0) is programmed with a design that has 1 ILA core(s).
display_hw_ila_data [ get_hw_ila_data hw_ila_data_1 -of_objects [get_hw_ilas -of_objects [get_hw_devices xc7a35t_0] -filter {CELL_NAME=~"u0/spi_inst0/wb_ila_0"}]]
set_property PROBES.FILE {/home/binhkieudo/Workspace/XRPIX/serial_riscv/deploy/Arty_A7/Arty_A7.runs/impl_1/top_artya7.ltx} [get_hw_devices xc7a35t_0]
set_property FULL_PROBES.FILE {/home/binhkieudo/Workspace/XRPIX/serial_riscv/deploy/Arty_A7/Arty_A7.runs/impl_1/top_artya7.ltx} [get_hw_devices xc7a35t_0]
set_property PROGRAM.FILE {/home/binhkieudo/Workspace/XRPIX/serial_riscv/deploy/Arty_A7/Arty_A7.runs/impl_1/top_artya7.bit} [get_hw_devices xc7a35t_0]
program_hw_devices [get_hw_devices xc7a35t_0]
INFO: [Labtools 27-3164] End of startup status: HIGH
refresh_hw_device [lindex [get_hw_devices xc7a35t_0] 0]
INFO: [Labtools 27-2302] Device xc7a35t (JTAG device index = 0) is programmed with a design that has 1 ILA core(s).
set_property TRIGGER_COMPARE_VALUE eq1'bR [get_hw_probes u0/spi_inst0/i_wb_cyc -of_objects [get_hw_ilas -of_objects [get_hw_devices xc7a35t_0] -filter {CELL_NAME=~"u0/spi_inst0/wb_ila_0"}]]
set_property TRIGGER_COMPARE_VALUE eq30'h3000_0001 [get_hw_probes u0/spi_inst0/i_wb_adr -of_objects [get_hw_ilas -of_objects [get_hw_devices xc7a35t_0] -filter {CELL_NAME=~"u0/spi_inst0/wb_ila_0"}]]
run_hw_ila [get_hw_ilas -of_objects [get_hw_devices xc7a35t_0] -filter {CELL_NAME=~"u0/spi_inst0/wb_ila_0"}]
INFO: [Labtools 27-1964] The ILA core 'hw_ila_1' trigger was armed at 2023-Aug-21 03:38:09
wait_on_hw_ila [get_hw_ilas -of_objects [get_hw_devices xc7a35t_0] -filter {CELL_NAME=~"u0/spi_inst0/wb_ila_0"}]
display_hw_ila_data [upload_hw_ila_data [get_hw_ilas -of_objects [get_hw_devices xc7a35t_0] -filter {CELL_NAME=~"u0/spi_inst0/wb_ila_0"}]]
INFO: [Labtools 27-1966] The ILA core 'hw_ila_1' triggered at 2023-Aug-21 03:38:14
INFO: [Labtools 27-3304] ILA Waveform data saved to file /home/binhkieudo/Workspace/XRPIX/serial_riscv/deploy/Arty_A7/Arty_A7.hw/backup/hw_ila_data_1.ila. Use Tcl command 'read_hw_ila_data' or Vivado File->Import->Import ILA Data menu item to import the previously saved data.
save_wave_config {/home/binhkieudo/Workspace/XRPIX/serial_riscv/deploy/Arty_A7/Arty_A7.hw/hw_1/wave/hw_ila_data_1/hw_ila_data_1.wcfg}
close_hw_manager
WARNING: [IP_Flow 19-4067] Ignoring invalid widget type specified checkbox.Providing a default widget
set_property -dict [list \
  CONFIG.C_NUM_OF_PROBES {13} \
  CONFIG.C_PROBE11_WIDTH {3} \
] [get_ips wb_ila]
generate_target all [get_files  /home/binhkieudo/Workspace/XRPIX/serial_riscv/deploy/Arty_A7/Arty_A7.srcs/sources_1/ip/wb_ila/wb_ila.xci]
INFO: [IP_Flow 19-1686] Generating 'Instantiation Template' target for IP 'wb_ila'...
INFO: [IP_Flow 19-1686] Generating 'Synthesis' target for IP 'wb_ila'...
WARNING: [IP_Flow 19-4994] Overwriting existing constraint file '/home/binhkieudo/Workspace/XRPIX/serial_riscv/deploy/Arty_A7/Arty_A7.gen/sources_1/ip/wb_ila/wb_ila_ooc.xdc'
INFO: [IP_Flow 19-1686] Generating 'Simulation' target for IP 'wb_ila'...
INFO: [IP_Flow 19-1686] Generating 'Implementation' target for IP 'wb_ila'...
INFO: [IP_Flow 19-1686] Generating 'Change Log' target for IP 'wb_ila'...
catch { config_ip_cache -export [get_ips -all wb_ila] }
INFO: [IP_Flow 19-6924] IPCACHE: Running cache check for IP inst: wb_ila
export_ip_user_files -of_objects [get_files /home/binhkieudo/Workspace/XRPIX/serial_riscv/deploy/Arty_A7/Arty_A7.srcs/sources_1/ip/wb_ila/wb_ila.xci] -no_script -sync -force -quiet
reset_run wb_ila_synth_1
launch_runs wb_ila_synth_1 -jobs 16
INFO: [IP_Flow 19-6924] IPCACHE: Running cache check for IP inst: wb_ila
[Mon Aug 21 03:41:32 2023] Launched wb_ila_synth_1...
Run output will be captured here: /home/binhkieudo/Workspace/XRPIX/serial_riscv/deploy/Arty_A7/Arty_A7.runs/wb_ila_synth_1/runme.log
launch_runs: Time (s): cpu = 00:00:10 ; elapsed = 00:00:12 . Memory (MB): peak = 10843.328 ; gain = 0.000 ; free physical = 13160 ; free virtual = 83430
export_simulation -of_objects [get_files /home/binhkieudo/Workspace/XRPIX/serial_riscv/deploy/Arty_A7/Arty_A7.srcs/sources_1/ip/wb_ila/wb_ila.xci] -directory /home/binhkieudo/Workspace/XRPIX/serial_riscv/deploy/Arty_A7/Arty_A7.ip_user_files/sim_scripts -ip_user_files_dir /home/binhkieudo/Workspace/XRPIX/serial_riscv/deploy/Arty_A7/Arty_A7.ip_user_files -ipstatic_source_dir /home/binhkieudo/Workspace/XRPIX/serial_riscv/deploy/Arty_A7/Arty_A7.ip_user_files/ipstatic -lib_map_path [list {modelsim=/home/binhkieudo/Workspace/XRPIX/serial_riscv/deploy/Arty_A7/Arty_A7.cache/compile_simlib/modelsim} {questa=/home/binhkieudo/Workspace/XRPIX/serial_riscv/deploy/Arty_A7/Arty_A7.cache/compile_simlib/questa} {xcelium=/home/binhkieudo/Workspace/XRPIX/serial_riscv/deploy/Arty_A7/Arty_A7.cache/compile_simlib/xcelium} {vcs=/home/binhkieudo/Workspace/XRPIX/serial_riscv/deploy/Arty_A7/Arty_A7.cache/compile_simlib/vcs} {riviera=/home/binhkieudo/Workspace/XRPIX/serial_riscv/deploy/Arty_A7/Arty_A7.cache/compile_simlib/riviera}] -use_ip_compiled_libs -force -quiet
reset_run synth_1
INFO: [Project 1-1161] Replacing file /home/binhkieudo/Workspace/XRPIX/serial_riscv/deploy/Arty_A7/Arty_A7.srcs/utils_1/imports/synth_1/clock_gen.dcp with file /home/binhkieudo/Workspace/XRPIX/serial_riscv/deploy/Arty_A7/Arty_A7.runs/synth_1/top_artya7.dcp
launch_runs impl_1 -to_step write_bitstream -jobs 16
[Mon Aug 21 03:42:28 2023] Launched wb_ila_synth_1, synth_1...
Run output will be captured here:
wb_ila_synth_1: /home/binhkieudo/Workspace/XRPIX/serial_riscv/deploy/Arty_A7/Arty_A7.runs/wb_ila_synth_1/runme.log
synth_1: /home/binhkieudo/Workspace/XRPIX/serial_riscv/deploy/Arty_A7/Arty_A7.runs/synth_1/runme.log
[Mon Aug 21 03:42:29 2023] Launched impl_1...
Run output will be captured here: /home/binhkieudo/Workspace/XRPIX/serial_riscv/deploy/Arty_A7/Arty_A7.runs/impl_1/runme.log
launch_runs: Time (s): cpu = 00:00:11 ; elapsed = 00:00:10 . Memory (MB): peak = 10843.328 ; gain = 0.000 ; free physical = 11135 ; free virtual = 81398
open_hw_manager
connect_hw_server -allow_non_jtag
INFO: [Labtools 27-2285] Connecting to hw_server url TCP:localhost:3121
INFO: [Labtools 27-2222] Launching hw_server...
INFO: [Labtools 27-2221] Launch Output:

****** Xilinx hw_server v2022.2
  **** Build date : Oct 14 2022 at 05:10:28
    ** Copyright 1986-2022 Xilinx, Inc. All Rights Reserved.


INFO: [Labtools 27-3415] Connecting to cs_server url TCP:localhost:0
INFO: [Labtools 27-3417] Launching cs_server...
INFO: [Labtools 27-2221] Launch Output:


******** Xilinx cs_server v2022.2.0
  ****** Build date   : Oct 05 2022-08:25:37
    **** Build number : 2022.2.1664925937
      ** Copyright 2017-2023 Xilinx, Inc. All Rights Reserved.



open_hw_target
INFO: [Labtoolstcl 44-466] Opening hw_target localhost:3121/xilinx_tcf/Digilent/210319B4A283A
set_property PROGRAM.FILE {/home/binhkieudo/Workspace/XRPIX/serial_riscv/deploy/Arty_A7/Arty_A7.runs/impl_1/top_artya7.bit} [get_hw_devices xc7a35t_0]
set_property PROBES.FILE {/home/binhkieudo/Workspace/XRPIX/serial_riscv/deploy/Arty_A7/Arty_A7.runs/impl_1/top_artya7.ltx} [get_hw_devices xc7a35t_0]
set_property FULL_PROBES.FILE {/home/binhkieudo/Workspace/XRPIX/serial_riscv/deploy/Arty_A7/Arty_A7.runs/impl_1/top_artya7.ltx} [get_hw_devices xc7a35t_0]
current_hw_device [get_hw_devices xc7a35t_0]
refresh_hw_device [lindex [get_hw_devices xc7a35t_0] 0]
INFO: [Labtools 27-2302] Device xc7a35t (JTAG device index = 0) is programmed with a design that has 1 ILA core(s).
WARNING: [Labtools 27-3222] Mismatch between the design programmed into the device xc7a35t (JTAG device index = 0) and the probes file(s) /home/binhkieudo/Workspace/XRPIX/serial_riscv/deploy/Arty_A7/Arty_A7.runs/impl_1/top_artya7.ltx.
 The hw_probe  in the probes file has port index 12. This port does not exist in the ILA core at location (uuid_3D2C9B23D8CE54FCBBBFDCCF3E967892).
set_property PROBES.FILE {/home/binhkieudo/Workspace/XRPIX/serial_riscv/deploy/Arty_A7/Arty_A7.runs/impl_1/top_artya7.ltx} [get_hw_devices xc7a35t_0]
set_property FULL_PROBES.FILE {/home/binhkieudo/Workspace/XRPIX/serial_riscv/deploy/Arty_A7/Arty_A7.runs/impl_1/top_artya7.ltx} [get_hw_devices xc7a35t_0]
set_property PROGRAM.FILE {/home/binhkieudo/Workspace/XRPIX/serial_riscv/deploy/Arty_A7/Arty_A7.runs/impl_1/top_artya7.bit} [get_hw_devices xc7a35t_0]
program_hw_devices [get_hw_devices xc7a35t_0]
INFO: [Labtools 27-3164] End of startup status: HIGH
refresh_hw_device [lindex [get_hw_devices xc7a35t_0] 0]
INFO: [Labtools 27-2302] Device xc7a35t (JTAG device index = 0) is programmed with a design that has 1 ILA core(s).
display_hw_ila_data [ get_hw_ila_data hw_ila_data_1 -of_objects [get_hw_ilas -of_objects [get_hw_devices xc7a35t_0] -filter {CELL_NAME=~"u0/spi_inst0/wb_ila_0"}]]
set_property TRIGGER_COMPARE_VALUE eq1'bR [get_hw_probes u0/spi_inst0/i_wb_cyc -of_objects [get_hw_ilas -of_objects [get_hw_devices xc7a35t_0] -filter {CELL_NAME=~"u0/spi_inst0/wb_ila_0"}]]
set_property TRIGGER_COMPARE_VALUE eq30'h3000_0001 [get_hw_probes u0/spi_inst0/i_wb_adr -of_objects [get_hw_ilas -of_objects [get_hw_devices xc7a35t_0] -filter {CELL_NAME=~"u0/spi_inst0/wb_ila_0"}]]
add_wave -into {hw_ila_data_1.wcfg} -radix hex { {u0/spi_inst0/bc} }
add_wave -into {hw_ila_data_1.wcfg} -radix hex { {u0/spi_inst0/bba} }
run_hw_ila [get_hw_ilas -of_objects [get_hw_devices xc7a35t_0] -filter {CELL_NAME=~"u0/spi_inst0/wb_ila_0"}]
INFO: [Labtools 27-1964] The ILA core 'hw_ila_1' trigger was armed at 2023-Aug-21 03:46:59
wait_on_hw_ila [get_hw_ilas -of_objects [get_hw_devices xc7a35t_0] -filter {CELL_NAME=~"u0/spi_inst0/wb_ila_0"}]
display_hw_ila_data [upload_hw_ila_data [get_hw_ilas -of_objects [get_hw_devices xc7a35t_0] -filter {CELL_NAME=~"u0/spi_inst0/wb_ila_0"}]]
INFO: [Labtools 27-1966] The ILA core 'hw_ila_1' triggered at 2023-Aug-21 03:47:03
INFO: [Labtools 27-3304] ILA Waveform data saved to file /home/binhkieudo/Workspace/XRPIX/serial_riscv/deploy/Arty_A7/Arty_A7.hw/backup/hw_ila_data_1.ila. Use Tcl command 'read_hw_ila_data' or Vivado File->Import->Import ILA Data menu item to import the previously saved data.
save_wave_config {/home/binhkieudo/Workspace/XRPIX/serial_riscv/deploy/Arty_A7/Arty_A7.hw/hw_1/wave/hw_ila_data_1/hw_ila_data_1.wcfg}
close_hw_manager
reset_run synth_1
INFO: [Project 1-1161] Replacing file /home/binhkieudo/Workspace/XRPIX/serial_riscv/deploy/Arty_A7/Arty_A7.srcs/utils_1/imports/synth_1/clock_gen.dcp with file /home/binhkieudo/Workspace/XRPIX/serial_riscv/deploy/Arty_A7/Arty_A7.runs/synth_1/top_artya7.dcp
launch_runs impl_1 -to_step write_bitstream -jobs 16
[Mon Aug 21 03:48:28 2023] Launched synth_1...
Run output will be captured here: /home/binhkieudo/Workspace/XRPIX/serial_riscv/deploy/Arty_A7/Arty_A7.runs/synth_1/runme.log
[Mon Aug 21 03:48:29 2023] Launched impl_1...
Run output will be captured here: /home/binhkieudo/Workspace/XRPIX/serial_riscv/deploy/Arty_A7/Arty_A7.runs/impl_1/runme.log
open_hw_manager
connect_hw_server -allow_non_jtag
INFO: [Labtools 27-2285] Connecting to hw_server url TCP:localhost:3121
INFO: [Labtools 27-2222] Launching hw_server...
INFO: [Labtools 27-2221] Launch Output:

****** Xilinx hw_server v2022.2
  **** Build date : Oct 14 2022 at 05:10:28
    ** Copyright 1986-2022 Xilinx, Inc. All Rights Reserved.


INFO: [Labtools 27-3415] Connecting to cs_server url TCP:localhost:0
INFO: [Labtools 27-3417] Launching cs_server...
INFO: [Labtools 27-2221] Launch Output:


******** Xilinx cs_server v2022.2.0
  ****** Build date   : Oct 05 2022-08:25:37
    **** Build number : 2022.2.1664925937
      ** Copyright 2017-2023 Xilinx, Inc. All Rights Reserved.



open_hw_target
INFO: [Labtoolstcl 44-466] Opening hw_target localhost:3121/xilinx_tcf/Digilent/210319B4A283A
set_property PROGRAM.FILE {/home/binhkieudo/Workspace/XRPIX/serial_riscv/deploy/Arty_A7/Arty_A7.runs/impl_1/top_artya7.bit} [get_hw_devices xc7a35t_0]
set_property PROBES.FILE {/home/binhkieudo/Workspace/XRPIX/serial_riscv/deploy/Arty_A7/Arty_A7.runs/impl_1/top_artya7.ltx} [get_hw_devices xc7a35t_0]
set_property FULL_PROBES.FILE {/home/binhkieudo/Workspace/XRPIX/serial_riscv/deploy/Arty_A7/Arty_A7.runs/impl_1/top_artya7.ltx} [get_hw_devices xc7a35t_0]
current_hw_device [get_hw_devices xc7a35t_0]
refresh_hw_device [lindex [get_hw_devices xc7a35t_0] 0]
INFO: [Labtools 27-2302] Device xc7a35t (JTAG device index = 0) is programmed with a design that has 1 ILA core(s).
display_hw_ila_data [ get_hw_ila_data hw_ila_data_1 -of_objects [get_hw_ilas -of_objects [get_hw_devices xc7a35t_0] -filter {CELL_NAME=~"u0/spi_inst0/wb_ila_0"}]]
set_property PROBES.FILE {/home/binhkieudo/Workspace/XRPIX/serial_riscv/deploy/Arty_A7/Arty_A7.runs/impl_1/top_artya7.ltx} [get_hw_devices xc7a35t_0]
set_property FULL_PROBES.FILE {/home/binhkieudo/Workspace/XRPIX/serial_riscv/deploy/Arty_A7/Arty_A7.runs/impl_1/top_artya7.ltx} [get_hw_devices xc7a35t_0]
set_property PROGRAM.FILE {/home/binhkieudo/Workspace/XRPIX/serial_riscv/deploy/Arty_A7/Arty_A7.runs/impl_1/top_artya7.bit} [get_hw_devices xc7a35t_0]
program_hw_devices [get_hw_devices xc7a35t_0]
INFO: [Labtools 27-3164] End of startup status: HIGH
refresh_hw_device [lindex [get_hw_devices xc7a35t_0] 0]
INFO: [Labtools 27-2302] Device xc7a35t (JTAG device index = 0) is programmed with a design that has 1 ILA core(s).
set_property TRIGGER_COMPARE_VALUE eq30'h3000_0001 [get_hw_probes u0/spi_inst0/i_wb_adr -of_objects [get_hw_ilas -of_objects [get_hw_devices xc7a35t_0] -filter {CELL_NAME=~"u0/spi_inst0/wb_ila_0"}]]
run_hw_ila [get_hw_ilas -of_objects [get_hw_devices xc7a35t_0] -filter {CELL_NAME=~"u0/spi_inst0/wb_ila_0"}]
INFO: [Labtools 27-1964] The ILA core 'hw_ila_1' trigger was armed at 2023-Aug-21 03:51:50
wait_on_hw_ila [get_hw_ilas -of_objects [get_hw_devices xc7a35t_0] -filter {CELL_NAME=~"u0/spi_inst0/wb_ila_0"}]
display_hw_ila_data [upload_hw_ila_data [get_hw_ilas -of_objects [get_hw_devices xc7a35t_0] -filter {CELL_NAME=~"u0/spi_inst0/wb_ila_0"}]]
INFO: [Labtools 27-1966] The ILA core 'hw_ila_1' triggered at 2023-Aug-21 03:51:55
INFO: [Labtools 27-3304] ILA Waveform data saved to file /home/binhkieudo/Workspace/XRPIX/serial_riscv/deploy/Arty_A7/Arty_A7.hw/backup/hw_ila_data_1.ila. Use Tcl command 'read_hw_ila_data' or Vivado File->Import->Import ILA Data menu item to import the previously saved data.
save_wave_config {/home/binhkieudo/Workspace/XRPIX/serial_riscv/deploy/Arty_A7/Arty_A7.hw/hw_1/wave/hw_ila_data_1/hw_ila_data_1.wcfg}
close_hw_manager
reset_run synth_1
INFO: [Project 1-1161] Replacing file /home/binhkieudo/Workspace/XRPIX/serial_riscv/deploy/Arty_A7/Arty_A7.srcs/utils_1/imports/synth_1/clock_gen.dcp with file /home/binhkieudo/Workspace/XRPIX/serial_riscv/deploy/Arty_A7/Arty_A7.runs/synth_1/top_artya7.dcp
launch_runs impl_1 -to_step write_bitstream -jobs 16
[Mon Aug 21 03:55:43 2023] Launched synth_1...
Run output will be captured here: /home/binhkieudo/Workspace/XRPIX/serial_riscv/deploy/Arty_A7/Arty_A7.runs/synth_1/runme.log
[Mon Aug 21 03:55:43 2023] Launched impl_1...
Run output will be captured here: /home/binhkieudo/Workspace/XRPIX/serial_riscv/deploy/Arty_A7/Arty_A7.runs/impl_1/runme.log
launch_runs: Time (s): cpu = 00:00:11 ; elapsed = 00:00:10 . Memory (MB): peak = 10960.277 ; gain = 14.004 ; free physical = 12695 ; free virtual = 82991
open_hw_manager
connect_hw_server -allow_non_jtag
INFO: [Labtools 27-2285] Connecting to hw_server url TCP:localhost:3121
INFO: [Labtools 27-2222] Launching hw_server...
INFO: [Labtools 27-2221] Launch Output:

****** Xilinx hw_server v2022.2
  **** Build date : Oct 14 2022 at 05:10:28
    ** Copyright 1986-2022 Xilinx, Inc. All Rights Reserved.


INFO: [Labtools 27-3415] Connecting to cs_server url TCP:localhost:0
INFO: [Labtools 27-3417] Launching cs_server...
INFO: [Labtools 27-2221] Launch Output:


******** Xilinx cs_server v2022.2.0
  ****** Build date   : Oct 05 2022-08:25:37
    **** Build number : 2022.2.1664925937
      ** Copyright 2017-2023 Xilinx, Inc. All Rights Reserved.



open_hw_target
INFO: [Labtoolstcl 44-466] Opening hw_target localhost:3121/xilinx_tcf/Digilent/210319B4A283A
set_property PROGRAM.FILE {/home/binhkieudo/Workspace/XRPIX/serial_riscv/deploy/Arty_A7/Arty_A7.runs/impl_1/top_artya7.bit} [get_hw_devices xc7a35t_0]
set_property PROBES.FILE {/home/binhkieudo/Workspace/XRPIX/serial_riscv/deploy/Arty_A7/Arty_A7.runs/impl_1/top_artya7.ltx} [get_hw_devices xc7a35t_0]
set_property FULL_PROBES.FILE {/home/binhkieudo/Workspace/XRPIX/serial_riscv/deploy/Arty_A7/Arty_A7.runs/impl_1/top_artya7.ltx} [get_hw_devices xc7a35t_0]
current_hw_device [get_hw_devices xc7a35t_0]
refresh_hw_device [lindex [get_hw_devices xc7a35t_0] 0]
INFO: [Labtools 27-2302] Device xc7a35t (JTAG device index = 0) is programmed with a design that has 1 ILA core(s).
display_hw_ila_data [ get_hw_ila_data hw_ila_data_1 -of_objects [get_hw_ilas -of_objects [get_hw_devices xc7a35t_0] -filter {CELL_NAME=~"u0/spi_inst0/wb_ila_0"}]]
set_property PROBES.FILE {/home/binhkieudo/Workspace/XRPIX/serial_riscv/deploy/Arty_A7/Arty_A7.runs/impl_1/top_artya7.ltx} [get_hw_devices xc7a35t_0]
set_property FULL_PROBES.FILE {/home/binhkieudo/Workspace/XRPIX/serial_riscv/deploy/Arty_A7/Arty_A7.runs/impl_1/top_artya7.ltx} [get_hw_devices xc7a35t_0]
set_property PROGRAM.FILE {/home/binhkieudo/Workspace/XRPIX/serial_riscv/deploy/Arty_A7/Arty_A7.runs/impl_1/top_artya7.bit} [get_hw_devices xc7a35t_0]
program_hw_devices [get_hw_devices xc7a35t_0]
INFO: [Labtools 27-3164] End of startup status: HIGH
refresh_hw_device [lindex [get_hw_devices xc7a35t_0] 0]
INFO: [Labtools 27-2302] Device xc7a35t (JTAG device index = 0) is programmed with a design that has 1 ILA core(s).
set_property TRIGGER_COMPARE_VALUE eq30'h3000_0001 [get_hw_probes u0/spi_inst0/i_wb_adr -of_objects [get_hw_ilas -of_objects [get_hw_devices xc7a35t_0] -filter {CELL_NAME=~"u0/spi_inst0/wb_ila_0"}]]
run_hw_ila [get_hw_ilas -of_objects [get_hw_devices xc7a35t_0] -filter {CELL_NAME=~"u0/spi_inst0/wb_ila_0"}]
INFO: [Labtools 27-1964] The ILA core 'hw_ila_1' trigger was armed at 2023-Aug-21 03:59:16
wait_on_hw_ila [get_hw_ilas -of_objects [get_hw_devices xc7a35t_0] -filter {CELL_NAME=~"u0/spi_inst0/wb_ila_0"}]
display_hw_ila_data [upload_hw_ila_data [get_hw_ilas -of_objects [get_hw_devices xc7a35t_0] -filter {CELL_NAME=~"u0/spi_inst0/wb_ila_0"}]]
INFO: [Labtools 27-1966] The ILA core 'hw_ila_1' triggered at 2023-Aug-21 03:59:27
INFO: [Labtools 27-3304] ILA Waveform data saved to file /home/binhkieudo/Workspace/XRPIX/serial_riscv/deploy/Arty_A7/Arty_A7.hw/backup/hw_ila_data_1.ila. Use Tcl command 'read_hw_ila_data' or Vivado File->Import->Import ILA Data menu item to import the previously saved data.
run_hw_ila [get_hw_ilas -of_objects [get_hw_devices xc7a35t_0] -filter {CELL_NAME=~"u0/spi_inst0/wb_ila_0"}]
INFO: [Labtools 27-1964] The ILA core 'hw_ila_1' trigger was armed at 2023-Aug-21 04:04:15
wait_on_hw_ila [get_hw_ilas -of_objects [get_hw_devices xc7a35t_0] -filter {CELL_NAME=~"u0/spi_inst0/wb_ila_0"}]
display_hw_ila_data [upload_hw_ila_data [get_hw_ilas -of_objects [get_hw_devices xc7a35t_0] -filter {CELL_NAME=~"u0/spi_inst0/wb_ila_0"}]]
INFO: [Labtools 27-1966] The ILA core 'hw_ila_1' triggered at 2023-Aug-21 04:04:36
INFO: [Labtools 27-3304] ILA Waveform data saved to file /home/binhkieudo/Workspace/XRPIX/serial_riscv/deploy/Arty_A7/Arty_A7.hw/backup/hw_ila_data_1.ila. Use Tcl command 'read_hw_ila_data' or Vivado File->Import->Import ILA Data menu item to import the previously saved data.
run_hw_ila [get_hw_ilas -of_objects [get_hw_devices xc7a35t_0] -filter {CELL_NAME=~"u0/spi_inst0/wb_ila_0"}]
INFO: [Labtools 27-1964] The ILA core 'hw_ila_1' trigger was armed at 2023-Aug-21 04:04:40
wait_on_hw_ila [get_hw_ilas -of_objects [get_hw_devices xc7a35t_0] -filter {CELL_NAME=~"u0/spi_inst0/wb_ila_0"}]
display_hw_ila_data [upload_hw_ila_data [get_hw_ilas -of_objects [get_hw_devices xc7a35t_0] -filter {CELL_NAME=~"u0/spi_inst0/wb_ila_0"}]]
INFO: [Labtools 27-1966] The ILA core 'hw_ila_1' triggered at 2023-Aug-21 04:05:15
INFO: [Labtools 27-3304] ILA Waveform data saved to file /home/binhkieudo/Workspace/XRPIX/serial_riscv/deploy/Arty_A7/Arty_A7.hw/backup/hw_ila_data_1.ila. Use Tcl command 'read_hw_ila_data' or Vivado File->Import->Import ILA Data menu item to import the previously saved data.
run_hw_ila [get_hw_ilas -of_objects [get_hw_devices xc7a35t_0] -filter {CELL_NAME=~"u0/spi_inst0/wb_ila_0"}]
INFO: [Labtools 27-1964] The ILA core 'hw_ila_1' trigger was armed at 2023-Aug-21 04:05:18
wait_on_hw_ila [get_hw_ilas -of_objects [get_hw_devices xc7a35t_0] -filter {CELL_NAME=~"u0/spi_inst0/wb_ila_0"}]
display_hw_ila_data [upload_hw_ila_data [get_hw_ilas -of_objects [get_hw_devices xc7a35t_0] -filter {CELL_NAME=~"u0/spi_inst0/wb_ila_0"}]]
INFO: [Labtools 27-1966] The ILA core 'hw_ila_1' triggered at 2023-Aug-21 04:06:01
INFO: [Labtools 27-3304] ILA Waveform data saved to file /home/binhkieudo/Workspace/XRPIX/serial_riscv/deploy/Arty_A7/Arty_A7.hw/backup/hw_ila_data_1.ila. Use Tcl command 'read_hw_ila_data' or Vivado File->Import->Import ILA Data menu item to import the previously saved data.
run_hw_ila [get_hw_ilas -of_objects [get_hw_devices xc7a35t_0] -filter {CELL_NAME=~"u0/spi_inst0/wb_ila_0"}]
INFO: [Labtools 27-1964] The ILA core 'hw_ila_1' trigger was armed at 2023-Aug-21 04:06:05
save_wave_config {/home/binhkieudo/Workspace/XRPIX/serial_riscv/deploy/Arty_A7/Arty_A7.hw/hw_1/wave/hw_ila_data_1/hw_ila_data_1.wcfg}
close_hw_manager
reset_run synth_1
INFO: [Project 1-1161] Replacing file /home/binhkieudo/Workspace/XRPIX/serial_riscv/deploy/Arty_A7/Arty_A7.srcs/utils_1/imports/synth_1/clock_gen.dcp with file /home/binhkieudo/Workspace/XRPIX/serial_riscv/deploy/Arty_A7/Arty_A7.runs/synth_1/top_artya7.dcp
launch_runs impl_1 -to_step write_bitstream -jobs 16
[Mon Aug 21 10:04:37 2023] Launched synth_1...
Run output will be captured here: /home/binhkieudo/Workspace/XRPIX/serial_riscv/deploy/Arty_A7/Arty_A7.runs/synth_1/runme.log
[Mon Aug 21 10:04:37 2023] Launched impl_1...
Run output will be captured here: /home/binhkieudo/Workspace/XRPIX/serial_riscv/deploy/Arty_A7/Arty_A7.runs/impl_1/runme.log
launch_runs: Time (s): cpu = 00:00:10 ; elapsed = 00:00:10 . Memory (MB): peak = 11341.461 ; gain = 8.004 ; free physical = 12192 ; free virtual = 82570
open_hw_manager
connect_hw_server -allow_non_jtag
INFO: [Labtools 27-2285] Connecting to hw_server url TCP:localhost:3121
INFO: [Labtools 27-2222] Launching hw_server...
INFO: [Labtools 27-2221] Launch Output:

****** Xilinx hw_server v2022.2
  **** Build date : Oct 14 2022 at 05:10:28
    ** Copyright 1986-2022 Xilinx, Inc. All Rights Reserved.


INFO: [Labtools 27-3415] Connecting to cs_server url TCP:localhost:0
INFO: [Labtools 27-3417] Launching cs_server...
INFO: [Labtools 27-2221] Launch Output:


******** Xilinx cs_server v2022.2.0
  ****** Build date   : Oct 05 2022-08:25:37
    **** Build number : 2022.2.1664925937
      ** Copyright 2017-2023 Xilinx, Inc. All Rights Reserved.



open_hw_target
INFO: [Labtoolstcl 44-466] Opening hw_target localhost:3121/xilinx_tcf/Digilent/210319B4A283A
set_property PROGRAM.FILE {/home/binhkieudo/Workspace/XRPIX/serial_riscv/deploy/Arty_A7/Arty_A7.runs/impl_1/top_artya7.bit} [get_hw_devices xc7a35t_0]
set_property PROBES.FILE {/home/binhkieudo/Workspace/XRPIX/serial_riscv/deploy/Arty_A7/Arty_A7.runs/impl_1/top_artya7.ltx} [get_hw_devices xc7a35t_0]
set_property FULL_PROBES.FILE {/home/binhkieudo/Workspace/XRPIX/serial_riscv/deploy/Arty_A7/Arty_A7.runs/impl_1/top_artya7.ltx} [get_hw_devices xc7a35t_0]
current_hw_device [get_hw_devices xc7a35t_0]
refresh_hw_device [lindex [get_hw_devices xc7a35t_0] 0]
INFO: [Labtools 27-2302] Device xc7a35t (JTAG device index = 0) is programmed with a design that has 1 ILA core(s).
display_hw_ila_data [ get_hw_ila_data hw_ila_data_1 -of_objects [get_hw_ilas -of_objects [get_hw_devices xc7a35t_0] -filter {CELL_NAME=~"u0/spi_inst0/wb_ila_0"}]]
set_property PROBES.FILE {/home/binhkieudo/Workspace/XRPIX/serial_riscv/deploy/Arty_A7/Arty_A7.runs/impl_1/top_artya7.ltx} [get_hw_devices xc7a35t_0]
set_property FULL_PROBES.FILE {/home/binhkieudo/Workspace/XRPIX/serial_riscv/deploy/Arty_A7/Arty_A7.runs/impl_1/top_artya7.ltx} [get_hw_devices xc7a35t_0]
set_property PROGRAM.FILE {/home/binhkieudo/Workspace/XRPIX/serial_riscv/deploy/Arty_A7/Arty_A7.runs/impl_1/top_artya7.bit} [get_hw_devices xc7a35t_0]
program_hw_devices [get_hw_devices xc7a35t_0]
INFO: [Labtools 27-3164] End of startup status: HIGH
refresh_hw_device [lindex [get_hw_devices xc7a35t_0] 0]
INFO: [Labtools 27-2302] Device xc7a35t (JTAG device index = 0) is programmed with a design that has 1 ILA core(s).
set_property TRIGGER_COMPARE_VALUE eq30'h3000_0001 [get_hw_probes u0/spi_inst0/i_wb_adr -of_objects [get_hw_ilas -of_objects [get_hw_devices xc7a35t_0] -filter {CELL_NAME=~"u0/spi_inst0/wb_ila_0"}]]
run_hw_ila [get_hw_ilas -of_objects [get_hw_devices xc7a35t_0] -filter {CELL_NAME=~"u0/spi_inst0/wb_ila_0"}]
INFO: [Labtools 27-1964] The ILA core 'hw_ila_1' trigger was armed at 2023-Aug-21 10:10:29
wait_on_hw_ila [get_hw_ilas -of_objects [get_hw_devices xc7a35t_0] -filter {CELL_NAME=~"u0/spi_inst0/wb_ila_0"}]
display_hw_ila_data [upload_hw_ila_data [get_hw_ilas -of_objects [get_hw_devices xc7a35t_0] -filter {CELL_NAME=~"u0/spi_inst0/wb_ila_0"}]]
INFO: [Labtools 27-1966] The ILA core 'hw_ila_1' triggered at 2023-Aug-21 10:10:41
INFO: [Labtools 27-3304] ILA Waveform data saved to file /home/binhkieudo/Workspace/XRPIX/serial_riscv/deploy/Arty_A7/Arty_A7.hw/backup/hw_ila_data_1.ila. Use Tcl command 'read_hw_ila_data' or Vivado File->Import->Import ILA Data menu item to import the previously saved data.
save_wave_config {/home/binhkieudo/Workspace/XRPIX/serial_riscv/deploy/Arty_A7/Arty_A7.hw/hw_1/wave/hw_ila_data_1/hw_ila_data_1.wcfg}
close_hw_manager
reset_run synth_1
INFO: [Project 1-1161] Replacing file /home/binhkieudo/Workspace/XRPIX/serial_riscv/deploy/Arty_A7/Arty_A7.srcs/utils_1/imports/synth_1/clock_gen.dcp with file /home/binhkieudo/Workspace/XRPIX/serial_riscv/deploy/Arty_A7/Arty_A7.runs/synth_1/top_artya7.dcp
launch_runs impl_1 -to_step write_bitstream -jobs 16
[Mon Aug 21 10:13:03 2023] Launched synth_1...
Run output will be captured here: /home/binhkieudo/Workspace/XRPIX/serial_riscv/deploy/Arty_A7/Arty_A7.runs/synth_1/runme.log
[Mon Aug 21 10:13:03 2023] Launched impl_1...
Run output will be captured here: /home/binhkieudo/Workspace/XRPIX/serial_riscv/deploy/Arty_A7/Arty_A7.runs/impl_1/runme.log
launch_runs: Time (s): cpu = 00:00:10 ; elapsed = 00:00:10 . Memory (MB): peak = 11404.500 ; gain = 0.000 ; free physical = 12744 ; free virtual = 83076
open_hw_manager
connect_hw_server -allow_non_jtag
INFO: [Labtools 27-2285] Connecting to hw_server url TCP:localhost:3121
INFO: [Labtools 27-2222] Launching hw_server...
INFO: [Labtools 27-2221] Launch Output:

****** Xilinx hw_server v2022.2
  **** Build date : Oct 14 2022 at 05:10:28
    ** Copyright 1986-2022 Xilinx, Inc. All Rights Reserved.


INFO: [Labtools 27-3415] Connecting to cs_server url TCP:localhost:0
INFO: [Labtools 27-3417] Launching cs_server...
INFO: [Labtools 27-2221] Launch Output:


******** Xilinx cs_server v2022.2.0
  ****** Build date   : Oct 05 2022-08:25:37
    **** Build number : 2022.2.1664925937
      ** Copyright 2017-2023 Xilinx, Inc. All Rights Reserved.



open_hw_target
INFO: [Labtoolstcl 44-466] Opening hw_target localhost:3121/xilinx_tcf/Digilent/210319B4A283A
set_property PROGRAM.FILE {/home/binhkieudo/Workspace/XRPIX/serial_riscv/deploy/Arty_A7/Arty_A7.runs/impl_1/top_artya7.bit} [get_hw_devices xc7a35t_0]
set_property PROBES.FILE {/home/binhkieudo/Workspace/XRPIX/serial_riscv/deploy/Arty_A7/Arty_A7.runs/impl_1/top_artya7.ltx} [get_hw_devices xc7a35t_0]
set_property FULL_PROBES.FILE {/home/binhkieudo/Workspace/XRPIX/serial_riscv/deploy/Arty_A7/Arty_A7.runs/impl_1/top_artya7.ltx} [get_hw_devices xc7a35t_0]
current_hw_device [get_hw_devices xc7a35t_0]
refresh_hw_device [lindex [get_hw_devices xc7a35t_0] 0]
INFO: [Labtools 27-2302] Device xc7a35t (JTAG device index = 0) is programmed with a design that has 1 ILA core(s).
display_hw_ila_data [ get_hw_ila_data hw_ila_data_1 -of_objects [get_hw_ilas -of_objects [get_hw_devices xc7a35t_0] -filter {CELL_NAME=~"u0/spi_inst0/wb_ila_0"}]]
set_property PROBES.FILE {/home/binhkieudo/Workspace/XRPIX/serial_riscv/deploy/Arty_A7/Arty_A7.runs/impl_1/top_artya7.ltx} [get_hw_devices xc7a35t_0]
set_property FULL_PROBES.FILE {/home/binhkieudo/Workspace/XRPIX/serial_riscv/deploy/Arty_A7/Arty_A7.runs/impl_1/top_artya7.ltx} [get_hw_devices xc7a35t_0]
set_property PROGRAM.FILE {/home/binhkieudo/Workspace/XRPIX/serial_riscv/deploy/Arty_A7/Arty_A7.runs/impl_1/top_artya7.bit} [get_hw_devices xc7a35t_0]
program_hw_devices [get_hw_devices xc7a35t_0]
INFO: [Labtools 27-3164] End of startup status: HIGH
refresh_hw_device [lindex [get_hw_devices xc7a35t_0] 0]
INFO: [Labtools 27-2302] Device xc7a35t (JTAG device index = 0) is programmed with a design that has 1 ILA core(s).
set_property TRIGGER_COMPARE_VALUE eq30'h3000_0001 [get_hw_probes u0/spi_inst0/i_wb_adr -of_objects [get_hw_ilas -of_objects [get_hw_devices xc7a35t_0] -filter {CELL_NAME=~"u0/spi_inst0/wb_ila_0"}]]
run_hw_ila [get_hw_ilas -of_objects [get_hw_devices xc7a35t_0] -filter {CELL_NAME=~"u0/spi_inst0/wb_ila_0"}]
INFO: [Labtools 27-1964] The ILA core 'hw_ila_1' trigger was armed at 2023-Aug-21 10:17:01
wait_on_hw_ila [get_hw_ilas -of_objects [get_hw_devices xc7a35t_0] -filter {CELL_NAME=~"u0/spi_inst0/wb_ila_0"}]
display_hw_ila_data [upload_hw_ila_data [get_hw_ilas -of_objects [get_hw_devices xc7a35t_0] -filter {CELL_NAME=~"u0/spi_inst0/wb_ila_0"}]]
INFO: [Labtools 27-1966] The ILA core 'hw_ila_1' triggered at 2023-Aug-21 10:17:05
INFO: [Labtools 27-3304] ILA Waveform data saved to file /home/binhkieudo/Workspace/XRPIX/serial_riscv/deploy/Arty_A7/Arty_A7.hw/backup/hw_ila_data_1.ila. Use Tcl command 'read_hw_ila_data' or Vivado File->Import->Import ILA Data menu item to import the previously saved data.
run_hw_ila [get_hw_ilas -of_objects [get_hw_devices xc7a35t_0] -filter {CELL_NAME=~"u0/spi_inst0/wb_ila_0"}]
INFO: [Labtools 27-1964] The ILA core 'hw_ila_1' trigger was armed at 2023-Aug-21 10:18:28
wait_on_hw_ila [get_hw_ilas -of_objects [get_hw_devices xc7a35t_0] -filter {CELL_NAME=~"u0/spi_inst0/wb_ila_0"}]
display_hw_ila_data [upload_hw_ila_data [get_hw_ilas -of_objects [get_hw_devices xc7a35t_0] -filter {CELL_NAME=~"u0/spi_inst0/wb_ila_0"}]]
INFO: [Labtools 27-1966] The ILA core 'hw_ila_1' triggered at 2023-Aug-21 10:18:44
INFO: [Labtools 27-3304] ILA Waveform data saved to file /home/binhkieudo/Workspace/XRPIX/serial_riscv/deploy/Arty_A7/Arty_A7.hw/backup/hw_ila_data_1.ila. Use Tcl command 'read_hw_ila_data' or Vivado File->Import->Import ILA Data menu item to import the previously saved data.
save_wave_config {/home/binhkieudo/Workspace/XRPIX/serial_riscv/deploy/Arty_A7/Arty_A7.hw/hw_1/wave/hw_ila_data_1/hw_ila_data_1.wcfg}
exit
INFO: [Common 17-206] Exiting Vivado at Mon Aug 21 10:20:16 2023...
