Copyright 1986-2022 Xilinx, Inc. All Rights Reserved.
-----------------------------------------------------------------------------------------------------------------------------------------------------------------
| Tool Version : Vivado v.2022.2 (lin64) Build 3671981 Fri Oct 14 04:59:54 MDT 2022
| Date         : Sun Aug 27 15:47:26 2023
| Host         : binhkieudo-hotswap running 64-bit Ubuntu 20.04.6 LTS
| Command      : report_methodology -file top_vc707_methodology_drc_routed.rpt -pb top_vc707_methodology_drc_routed.pb -rpx top_vc707_methodology_drc_routed.rpx
| Design       : top_vc707
| Device       : xc7vx485tffg1761-2
| Speed File   : -2
| Design State : Fully Routed
-----------------------------------------------------------------------------------------------------------------------------------------------------------------

Report Methodology

Table of Contents
-----------------
1. REPORT SUMMARY
2. REPORT DETAILS

1. REPORT SUMMARY
-----------------
            Netlist: netlist
          Floorplan: design_1
      Design limits: <entire design considered>
             Max violations: <unlimited>
             Violations found: 20
+-----------+----------+-------------------------------------------------------------+------------+
| Rule      | Severity | Description                                                 | Violations |
+-----------+----------+-------------------------------------------------------------+------------+
| TIMING-18 | Warning  | Missing input or output delay                               | 15         |
| TIMING-20 | Warning  | Non-clocked latch                                           | 2          |
| XDCB-4    | Warning  | create_clock constraint set on both sides of diff pair port | 1          |
| XDCC-4    | Warning  | User Clock constraint overwritten with the same name        | 1          |
| LATCH-1   | Advisory | Existing latches in the design                              | 1          |
+-----------+----------+-------------------------------------------------------------+------------+

2. REPORT DETAILS
-----------------
TIMING-18#1 Warning
Missing input or output delay  
An input delay is missing on MISO relative to clock(s) sys_clk_pin
Related violations: <none>

TIMING-18#2 Warning
Missing input or output delay  
An input delay is missing on boot_mode relative to clock(s) sys_clk_pin
Related violations: <none>

TIMING-18#3 Warning
Missing input or output delay  
An input delay is missing on i_rst relative to clock(s) sys_clk_pin
Related violations: <none>

TIMING-18#4 Warning
Missing input or output delay  
An input delay is missing on jtag_tck relative to clock(s) sys_clk_pin
Related violations: <none>

TIMING-18#5 Warning
Missing input or output delay  
An input delay is missing on jtag_tdi relative to clock(s) sys_clk_pin
Related violations: <none>

TIMING-18#6 Warning
Missing input or output delay  
An input delay is missing on jtag_tms relative to clock(s) sys_clk_pin
Related violations: <none>

TIMING-18#7 Warning
Missing input or output delay  
An input delay is missing on jtag_trst relative to clock(s) sys_clk_pin
Related violations: <none>

TIMING-18#8 Warning
Missing input or output delay  
An input delay is missing on prog_mode relative to clock(s) sys_clk_pin
Related violations: <none>

TIMING-18#9 Warning
Missing input or output delay  
An output delay is missing on CSn relative to clock(s) sys_clk_pin
Related violations: <none>

TIMING-18#10 Warning
Missing input or output delay  
An output delay is missing on MOSI relative to clock(s) sys_clk_pin
Related violations: <none>

TIMING-18#11 Warning
Missing input or output delay  
An output delay is missing on SCK relative to clock(s) sys_clk_pin
Related violations: <none>

TIMING-18#12 Warning
Missing input or output delay  
An output delay is missing on jtag_tdo relative to clock(s) sys_clk_pin
Related violations: <none>

TIMING-18#13 Warning
Missing input or output delay  
An output delay is missing on o_prog_cmplt relative to clock(s) sys_clk_pin
Related violations: <none>

TIMING-18#14 Warning
Missing input or output delay  
An output delay is missing on o_prog_flash relative to clock(s) sys_clk_pin
Related violations: <none>

TIMING-18#15 Warning
Missing input or output delay  
An output delay is missing on q relative to clock(s) sys_clk_pin
Related violations: <none>

TIMING-20#1 Warning
Non-clocked latch  
The latch u0/spi_inst0/FSM_sequential_spi_seq_next_reg[0] cannot be properly analyzed as its control pin u0/spi_inst0/FSM_sequential_spi_seq_next_reg[0]/G is not reached by a timing clock
Related violations: <none>

TIMING-20#2 Warning
Non-clocked latch  
The latch u0/spi_inst0/FSM_sequential_spi_seq_next_reg[1] cannot be properly analyzed as its control pin u0/spi_inst0/FSM_sequential_spi_seq_next_reg[1]/G is not reached by a timing clock
Related violations: <none>

XDCB-4#1 Warning
create_clock constraint set on both sides of diff pair port  
Two clock definitions sys_clk_pin and sys_clk_pin found on differential ports SYSCLK_P and SYSCLK_N. It is recommended to only create a clock on port P.
create_clock -period 5.000 -name sys_clk_pin -waveform {0.000 2.500} -add [get_ports SYSCLK_P]
/home/binhkieudo/Workspace/XRPIX/serial_riscv/deploy/vc707/vc707/vc707.srcs/constrs_1/imports/xdc/VC707_gpio.xdc (Line: 12)
create_clock -period 5.000 -name sys_clk_pin -waveform {0.000 2.500} -add [get_ports SYSCLK_N]
/home/binhkieudo/Workspace/XRPIX/serial_riscv/deploy/vc707/vc707/vc707.srcs/constrs_1/imports/xdc/VC707_gpio.xdc (Line: 13)
Related violations: <none>

XDCC-4#1 Warning
User Clock constraint overwritten with the same name  
A new clock constraint create_clock overrides a previous user clock constraint with the same name.
New: create_clock -period 5.000 -name sys_clk_pin -waveform {0.000 2.500} -add [get_ports SYSCLK_N] (Source: /home/binhkieudo/Workspace/XRPIX/serial_riscv/deploy/vc707/vc707/vc707.srcs/constrs_1/imports/xdc/VC707_gpio.xdc (Line: 13))
Previous: create_clock -period 5.000 -name sys_clk_pin -waveform {0.000 2.500} -add [get_ports SYSCLK_P] (Source: /home/binhkieudo/Workspace/XRPIX/serial_riscv/deploy/vc707/vc707/vc707.srcs/constrs_1/imports/xdc/VC707_gpio.xdc (Line: 12))
Related violations: <none>

LATCH-1#1 Advisory
Existing latches in the design  
There are 2 latches found in the design. Inferred latches are often the result of HDL coding mistakes, such as incomplete if or case statements.
Related violations: <none>


