10:51:43 DEBUG : Logs will be stored at '/home/binhkieudo/Workspace/XRPIX/serial_riscv/deploy/Pynq-Z2/pynq/pynq.sw/IDE.log'.
10:51:44 INFO  : Launching XSCT server: xsct -n  -interactive /home/binhkieudo/Workspace/XRPIX/serial_riscv/deploy/Pynq-Z2/pynq/pynq.sw/temp_xsdb_launch_script.tcl
10:51:44 INFO  : Registering command handlers for Vitis TCF services
10:51:45 INFO  : Platform repository initialization has completed.
10:51:46 INFO  : XSCT server has started successfully.
10:51:46 INFO  : plnx-install-location is set to ''
10:51:47 INFO  : Successfully done setting XSCT server connection channel  
10:51:47 INFO  : Successfully done query RDI_DATADIR 
10:51:47 INFO  : Successfully done setting workspace for the tool. 
10:53:58 INFO  : Result from executing command 'getProjects': top_wrapper
10:53:58 INFO  : Result from executing command 'getPlatforms': xilinx_vck190_base_202220_1|/opt/Xilinx/Vitis/2022.2/base_platforms/xilinx_vck190_base_202220_1/xilinx_vck190_base_202220_1.xpfm;xilinx_vck190_base_dfx_202220_1|/opt/Xilinx/Vitis/2022.2/base_platforms/xilinx_vck190_base_dfx_202220_1/xilinx_vck190_base_dfx_202220_1.xpfm;xilinx_vmk180_base_202220_1|/opt/Xilinx/Vitis/2022.2/base_platforms/xilinx_vmk180_base_202220_1/xilinx_vmk180_base_202220_1.xpfm;xilinx_zcu102_base_202220_1|/opt/Xilinx/Vitis/2022.2/base_platforms/xilinx_zcu102_base_202220_1/xilinx_zcu102_base_202220_1.xpfm;xilinx_zcu102_base_dfx_202220_1|/opt/Xilinx/Vitis/2022.2/base_platforms/xilinx_zcu102_base_dfx_202220_1/xilinx_zcu102_base_dfx_202220_1.xpfm;xilinx_zcu104_base_202220_1|/opt/Xilinx/Vitis/2022.2/base_platforms/xilinx_zcu104_base_202220_1/xilinx_zcu104_base_202220_1.xpfm
10:53:58 WARN  : An unexpected exception occurred in the module 'platform project logging'
10:53:59 INFO  : Platform 'top_wrapper' is added to custom repositories.
10:54:08 INFO  : Platform 'top_wrapper' is added to custom repositories.
10:54:26 INFO  : Result from executing command 'getProjects': top_wrapper
10:54:26 INFO  : Result from executing command 'getPlatforms': top_wrapper|/home/binhkieudo/Workspace/XRPIX/serial_riscv/deploy/Pynq-Z2/pynq/pynq.sw/top_wrapper/export/top_wrapper/top_wrapper.xpfm;xilinx_vck190_base_202220_1|/opt/Xilinx/Vitis/2022.2/base_platforms/xilinx_vck190_base_202220_1/xilinx_vck190_base_202220_1.xpfm;xilinx_vck190_base_dfx_202220_1|/opt/Xilinx/Vitis/2022.2/base_platforms/xilinx_vck190_base_dfx_202220_1/xilinx_vck190_base_dfx_202220_1.xpfm;xilinx_vmk180_base_202220_1|/opt/Xilinx/Vitis/2022.2/base_platforms/xilinx_vmk180_base_202220_1/xilinx_vmk180_base_202220_1.xpfm;xilinx_zcu102_base_202220_1|/opt/Xilinx/Vitis/2022.2/base_platforms/xilinx_zcu102_base_202220_1/xilinx_zcu102_base_202220_1.xpfm;xilinx_zcu102_base_dfx_202220_1|/opt/Xilinx/Vitis/2022.2/base_platforms/xilinx_zcu102_base_dfx_202220_1/xilinx_zcu102_base_dfx_202220_1.xpfm;xilinx_zcu104_base_202220_1|/opt/Xilinx/Vitis/2022.2/base_platforms/xilinx_zcu104_base_202220_1/xilinx_zcu104_base_202220_1.xpfm
10:54:30 INFO  : Checking for BSP changes to sync application flags for project 'blink'...
10:55:24 INFO  : Connected to target on host '127.0.0.1' and port '3121'.
10:55:28 INFO  : Connected to target on host '127.0.0.1' and port '3121'.
10:55:47 INFO  : Connected to target on host '127.0.0.1' and port '3121'.
10:55:50 INFO  : Connected to target on host '127.0.0.1' and port '3121'.
10:55:58 INFO  : Connected to target on host '127.0.0.1' and port '3121'.
10:55:58 INFO  : 'targets -set -filter {jtag_cable_name =~ "Xilinx TUL 1234-tulA" && level==0 && jtag_device_ctx=="jsn-TUL-1234-tulA-23727093-0"}' command is executed.
10:56:00 INFO  : Device configured successfully with "/home/binhkieudo/Workspace/XRPIX/serial_riscv/deploy/Pynq-Z2/pynq/pynq.sw/blink/_ide/bitstream/top_wrapper.bit"
10:58:48 INFO  : Connected to target on host '127.0.0.1' and port '3121'.
10:58:49 INFO  : Jtag cable 'Xilinx TUL 1234-tulA' is selected.
10:58:49 INFO  : 'jtag frequency' command is executed.
10:58:49 INFO  : Context for 'APU' is selected.
10:58:49 INFO  : System reset is completed.
10:58:52 INFO  : 'after 3000' command is executed.
10:58:52 INFO  : 'targets -set -filter {jtag_cable_name =~ "Xilinx TUL 1234-tulA" && level==0 && jtag_device_ctx=="jsn-TUL-1234-tulA-23727093-0"}' command is executed.
10:58:54 INFO  : Device configured successfully with "/home/binhkieudo/Workspace/XRPIX/serial_riscv/deploy/Pynq-Z2/pynq/pynq.sw/blink/_ide/bitstream/top_wrapper.bit"
10:58:54 INFO  : Context for 'APU' is selected.
10:58:54 INFO  : Hardware design and registers information is loaded from '/home/binhkieudo/Workspace/XRPIX/serial_riscv/deploy/Pynq-Z2/pynq/pynq.sw/top_wrapper/export/top_wrapper/hw/top_wrapper.xsa'.
10:58:54 INFO  : 'configparams force-mem-access 1' command is executed.
10:58:54 INFO  : Context for 'APU' is selected.
10:58:54 INFO  : Sourcing of '/home/binhkieudo/Workspace/XRPIX/serial_riscv/deploy/Pynq-Z2/pynq/pynq.sw/blink/_ide/psinit/ps7_init.tcl' is done.
10:58:55 INFO  : 'ps7_init' command is executed.
10:58:55 INFO  : 'ps7_post_config' command is executed.
10:58:55 INFO  : Context for processor 'ps7_cortexa9_0' is selected.
10:58:55 INFO  : The application '/home/binhkieudo/Workspace/XRPIX/serial_riscv/deploy/Pynq-Z2/pynq/pynq.sw/blink/Debug/blink.elf' is downloaded to processor 'ps7_cortexa9_0'.
10:58:55 INFO  : 'configparams force-mem-access 0' command is executed.
10:58:55 INFO  : ----------------XSDB Script----------------
connect -url tcp:127.0.0.1:3121
targets -set -nocase -filter {name =~"APU*"}
rst -system
after 3000
targets -set -filter {jtag_cable_name =~ "Xilinx TUL 1234-tulA" && level==0 && jtag_device_ctx=="jsn-TUL-1234-tulA-23727093-0"}
fpga -file /home/binhkieudo/Workspace/XRPIX/serial_riscv/deploy/Pynq-Z2/pynq/pynq.sw/blink/_ide/bitstream/top_wrapper.bit
targets -set -nocase -filter {name =~"APU*"}
loadhw -hw /home/binhkieudo/Workspace/XRPIX/serial_riscv/deploy/Pynq-Z2/pynq/pynq.sw/top_wrapper/export/top_wrapper/hw/top_wrapper.xsa -mem-ranges [list {0x40000000 0xbfffffff}] -regs
configparams force-mem-access 1
targets -set -nocase -filter {name =~"APU*"}
source /home/binhkieudo/Workspace/XRPIX/serial_riscv/deploy/Pynq-Z2/pynq/pynq.sw/blink/_ide/psinit/ps7_init.tcl
ps7_init
ps7_post_config
targets -set -nocase -filter {name =~ "*A9*#0"}
dow /home/binhkieudo/Workspace/XRPIX/serial_riscv/deploy/Pynq-Z2/pynq/pynq.sw/blink/Debug/blink.elf
configparams force-mem-access 0
----------------End of Script----------------

11:03:03 DEBUG : Logs will be stored at '/home/binhkieudo/Workspace/XRPIX/serial_riscv/deploy/Pynq-Z2/pynq/pynq.sw/IDE.log'.
11:03:03 INFO  : Launching XSCT server: xsct -n  -interactive /home/binhkieudo/Workspace/XRPIX/serial_riscv/deploy/Pynq-Z2/pynq/pynq.sw/temp_xsdb_launch_script.tcl
11:03:05 INFO  : Registering command handlers for Vitis TCF services
11:03:05 INFO  : Platform repository initialization has completed.
11:03:05 INFO  : XSCT server has started successfully.
11:03:05 INFO  : Successfully done setting XSCT server connection channel  
11:03:05 INFO  : plnx-install-location is set to ''
11:03:05 INFO  : Successfully done setting workspace for the tool. 
11:03:05 INFO  : Successfully done query RDI_DATADIR 
11:09:04 INFO  : Result from executing command 'getProjects': top_wrapper
11:09:04 INFO  : Result from executing command 'getPlatforms': top_wrapper|/home/binhkieudo/Workspace/XRPIX/serial_riscv/deploy/Pynq-Z2/pynq/pynq.sw/top_wrapper/export/top_wrapper/top_wrapper.xpfm;xilinx_vck190_base_202220_1|/opt/Xilinx/Vitis/2022.2/base_platforms/xilinx_vck190_base_202220_1/xilinx_vck190_base_202220_1.xpfm;xilinx_vck190_base_dfx_202220_1|/opt/Xilinx/Vitis/2022.2/base_platforms/xilinx_vck190_base_dfx_202220_1/xilinx_vck190_base_dfx_202220_1.xpfm;xilinx_vmk180_base_202220_1|/opt/Xilinx/Vitis/2022.2/base_platforms/xilinx_vmk180_base_202220_1/xilinx_vmk180_base_202220_1.xpfm;xilinx_zcu102_base_202220_1|/opt/Xilinx/Vitis/2022.2/base_platforms/xilinx_zcu102_base_202220_1/xilinx_zcu102_base_202220_1.xpfm;xilinx_zcu102_base_dfx_202220_1|/opt/Xilinx/Vitis/2022.2/base_platforms/xilinx_zcu102_base_dfx_202220_1/xilinx_zcu102_base_dfx_202220_1.xpfm;xilinx_zcu104_base_202220_1|/opt/Xilinx/Vitis/2022.2/base_platforms/xilinx_zcu104_base_202220_1/xilinx_zcu104_base_202220_1.xpfm
11:09:08 INFO  : Checking for BSP changes to sync application flags for project 'blink'...
11:09:39 INFO  : Connected to target on host '127.0.0.1' and port '3121'.
11:09:40 INFO  : Jtag cable 'Xilinx TUL 1234-tulA' is selected.
11:09:40 INFO  : 'jtag frequency' command is executed.
11:09:40 INFO  : Context for 'APU' is selected.
11:09:40 INFO  : System reset is completed.
11:09:43 INFO  : 'after 3000' command is executed.
11:09:43 INFO  : 'targets -set -filter {jtag_cable_name =~ "Xilinx TUL 1234-tulA" && level==0 && jtag_device_ctx=="jsn-TUL-1234-tulA-23727093-0"}' command is executed.
11:09:45 INFO  : Device configured successfully with "/home/binhkieudo/Workspace/XRPIX/serial_riscv/deploy/Pynq-Z2/pynq/pynq.sw/blink/_ide/bitstream/top_wrapper.bit"
11:09:45 INFO  : Context for 'APU' is selected.
11:09:45 INFO  : Hardware design and registers information is loaded from '/home/binhkieudo/Workspace/XRPIX/serial_riscv/deploy/Pynq-Z2/pynq/pynq.sw/top_wrapper/export/top_wrapper/hw/top_wrapper.xsa'.
11:09:45 INFO  : 'configparams force-mem-access 1' command is executed.
11:09:45 INFO  : Context for 'APU' is selected.
11:09:45 INFO  : Sourcing of '/home/binhkieudo/Workspace/XRPIX/serial_riscv/deploy/Pynq-Z2/pynq/pynq.sw/blink/_ide/psinit/ps7_init.tcl' is done.
11:09:46 INFO  : 'ps7_init' command is executed.
11:09:46 INFO  : 'ps7_post_config' command is executed.
11:09:46 INFO  : Context for processor 'ps7_cortexa9_0' is selected.
11:09:46 INFO  : The application '/home/binhkieudo/Workspace/XRPIX/serial_riscv/deploy/Pynq-Z2/pynq/pynq.sw/blink/Debug/blink.elf' is downloaded to processor 'ps7_cortexa9_0'.
11:09:46 INFO  : 'configparams force-mem-access 0' command is executed.
11:09:46 INFO  : ----------------XSDB Script----------------
connect -url tcp:127.0.0.1:3121
targets -set -nocase -filter {name =~"APU*"}
rst -system
after 3000
targets -set -filter {jtag_cable_name =~ "Xilinx TUL 1234-tulA" && level==0 && jtag_device_ctx=="jsn-TUL-1234-tulA-23727093-0"}
fpga -file /home/binhkieudo/Workspace/XRPIX/serial_riscv/deploy/Pynq-Z2/pynq/pynq.sw/blink/_ide/bitstream/top_wrapper.bit
targets -set -nocase -filter {name =~"APU*"}
loadhw -hw /home/binhkieudo/Workspace/XRPIX/serial_riscv/deploy/Pynq-Z2/pynq/pynq.sw/top_wrapper/export/top_wrapper/hw/top_wrapper.xsa -mem-ranges [list {0x40000000 0xbfffffff}] -regs
configparams force-mem-access 1
targets -set -nocase -filter {name =~"APU*"}
source /home/binhkieudo/Workspace/XRPIX/serial_riscv/deploy/Pynq-Z2/pynq/pynq.sw/blink/_ide/psinit/ps7_init.tcl
ps7_init
ps7_post_config
targets -set -nocase -filter {name =~ "*A9*#0"}
dow /home/binhkieudo/Workspace/XRPIX/serial_riscv/deploy/Pynq-Z2/pynq/pynq.sw/blink/Debug/blink.elf
configparams force-mem-access 0
----------------End of Script----------------

11:09:46 INFO  : Context for processor 'ps7_cortexa9_0' is selected.
11:09:46 INFO  : 'con' command is executed.
11:09:46 INFO  : ----------------XSDB Script (After Launch)----------------
targets -set -nocase -filter {name =~ "*A9*#0"}
con
----------------End of Script----------------

11:09:46 INFO  : Disconnected from the channel tcfchan#3.
11:46:39 DEBUG : Logs will be stored at '/home/binhkieudo/Workspace/XRPIX/serial_riscv/deploy/Pynq-Z2/pynq/pynq.sw/IDE.log'.
11:46:39 INFO  : Launching XSCT server: xsct -n  -interactive /home/binhkieudo/Workspace/XRPIX/serial_riscv/deploy/Pynq-Z2/pynq/pynq.sw/temp_xsdb_launch_script.tcl
11:46:41 INFO  : Registering command handlers for Vitis TCF services
11:46:41 INFO  : Platform repository initialization has completed.
11:46:41 INFO  : XSCT server has started successfully.
11:46:41 INFO  : plnx-install-location is set to ''
11:46:41 INFO  : Successfully done setting XSCT server connection channel  
11:46:41 INFO  : Successfully done query RDI_DATADIR 
11:46:41 INFO  : Successfully done setting workspace for the tool. 
11:46:59 WARN  : An unexpected exception occurred in the module 'platform project logging'
11:47:45 INFO  : Result from executing command 'getProjects': top
11:47:45 INFO  : Result from executing command 'getPlatforms': xilinx_vck190_base_202220_1|/opt/Xilinx/Vitis/2022.2/base_platforms/xilinx_vck190_base_202220_1/xilinx_vck190_base_202220_1.xpfm;xilinx_vck190_base_dfx_202220_1|/opt/Xilinx/Vitis/2022.2/base_platforms/xilinx_vck190_base_dfx_202220_1/xilinx_vck190_base_dfx_202220_1.xpfm;xilinx_vmk180_base_202220_1|/opt/Xilinx/Vitis/2022.2/base_platforms/xilinx_vmk180_base_202220_1/xilinx_vmk180_base_202220_1.xpfm;xilinx_zcu102_base_202220_1|/opt/Xilinx/Vitis/2022.2/base_platforms/xilinx_zcu102_base_202220_1/xilinx_zcu102_base_202220_1.xpfm;xilinx_zcu102_base_dfx_202220_1|/opt/Xilinx/Vitis/2022.2/base_platforms/xilinx_zcu102_base_dfx_202220_1/xilinx_zcu102_base_dfx_202220_1.xpfm;xilinx_zcu104_base_202220_1|/opt/Xilinx/Vitis/2022.2/base_platforms/xilinx_zcu104_base_202220_1/xilinx_zcu104_base_202220_1.xpfm
11:47:46 WARN  : An unexpected exception occurred in the module 'platform project logging'
11:47:46 INFO  : Platform 'top' is added to custom repositories.
11:47:54 INFO  : Platform 'top' is added to custom repositories.
11:48:50 INFO  : Result from executing command 'getProjects': top
11:48:50 INFO  : Result from executing command 'getPlatforms': top|/home/binhkieudo/Workspace/XRPIX/serial_riscv/deploy/Pynq-Z2/pynq/pynq.sw/top/export/top/top.xpfm;xilinx_vck190_base_202220_1|/opt/Xilinx/Vitis/2022.2/base_platforms/xilinx_vck190_base_202220_1/xilinx_vck190_base_202220_1.xpfm;xilinx_vck190_base_dfx_202220_1|/opt/Xilinx/Vitis/2022.2/base_platforms/xilinx_vck190_base_dfx_202220_1/xilinx_vck190_base_dfx_202220_1.xpfm;xilinx_vmk180_base_202220_1|/opt/Xilinx/Vitis/2022.2/base_platforms/xilinx_vmk180_base_202220_1/xilinx_vmk180_base_202220_1.xpfm;xilinx_zcu102_base_202220_1|/opt/Xilinx/Vitis/2022.2/base_platforms/xilinx_zcu102_base_202220_1/xilinx_zcu102_base_202220_1.xpfm;xilinx_zcu102_base_dfx_202220_1|/opt/Xilinx/Vitis/2022.2/base_platforms/xilinx_zcu102_base_dfx_202220_1/xilinx_zcu102_base_dfx_202220_1.xpfm;xilinx_zcu104_base_202220_1|/opt/Xilinx/Vitis/2022.2/base_platforms/xilinx_zcu104_base_202220_1/xilinx_zcu104_base_202220_1.xpfm
11:48:53 INFO  : Checking for BSP changes to sync application flags for project 'blinky'...
11:49:16 INFO  : Connected to target on host '127.0.0.1' and port '3121'.
11:49:17 INFO  : 'targets -set -filter {jtag_cable_name =~ "Xilinx TUL 1234-tulA" && level==0 && jtag_device_ctx=="jsn-TUL-1234-tulA-23727093-0"}' command is executed.
11:49:19 INFO  : Device configured successfully with "/home/binhkieudo/Workspace/XRPIX/serial_riscv/deploy/Pynq-Z2/pynq/pynq.sw/blinky/_ide/bitstream/top.bit"
11:50:03 INFO  : Checking for BSP changes to sync application flags for project 'blinky'...
11:50:37 INFO  : Connected to target on host '127.0.0.1' and port '3121'.
11:50:37 INFO  : 'targets -set -filter {jtag_cable_name =~ "Xilinx TUL 1234-tulA" && level==0 && jtag_device_ctx=="jsn-TUL-1234-tulA-23727093-0"}' command is executed.
11:50:40 INFO  : Device configured successfully with "/home/binhkieudo/Workspace/XRPIX/serial_riscv/deploy/Pynq-Z2/pynq/pynq.sw/blinky/_ide/bitstream/top.bit"
12:30:21 DEBUG : Logs will be stored at '/home/binhkieudo/Workspace/XRPIX/serial_riscv/deploy/Pynq-Z2/pynq/pynq.sw/IDE.log'.
12:30:21 INFO  : Launching XSCT server: xsct -n  -interactive /home/binhkieudo/Workspace/XRPIX/serial_riscv/deploy/Pynq-Z2/pynq/pynq.sw/temp_xsdb_launch_script.tcl
12:30:23 INFO  : Registering command handlers for Vitis TCF services
12:30:23 INFO  : Platform repository initialization has completed.
12:30:23 INFO  : XSCT server has started successfully.
12:30:23 INFO  : Successfully done setting XSCT server connection channel  
12:30:23 INFO  : Successfully done setting workspace for the tool. 
12:30:23 INFO  : plnx-install-location is set to ''
12:30:23 INFO  : Successfully done query RDI_DATADIR 
12:30:34 INFO  : Connected to target on host '127.0.0.1' and port '3121'.
12:30:36 INFO  : Connected to target on host '127.0.0.1' and port '3121'.
12:30:36 INFO  : 'targets -set -filter {jtag_cable_name =~ "Xilinx TUL 1234-tulA" && level==0 && jtag_device_ctx=="jsn-TUL-1234-tulA-23727093-0"}' command is executed.
12:30:38 INFO  : Device configured successfully with "/home/binhkieudo/Workspace/XRPIX/serial_riscv/deploy/Pynq-Z2/pynq/pynq.sw/blinky/_ide/bitstream/top.bit"
12:32:16 INFO  : Connected to target on host '127.0.0.1' and port '3121'.
12:32:16 INFO  : 'targets -set -filter {jtag_cable_name =~ "Xilinx TUL 1234-tulA" && level==0 && jtag_device_ctx=="jsn-TUL-1234-tulA-23727093-0"}' command is executed.
12:32:18 INFO  : Device configured successfully with "/home/binhkieudo/Workspace/XRPIX/serial_riscv/deploy/Pynq-Z2/pynq/pynq.sw/blinky/_ide/bitstream/top.bit"
12:33:05 INFO  : Connected to target on host '127.0.0.1' and port '3121'.
12:33:05 INFO  : Jtag cable 'Xilinx TUL 1234-tulA' is selected.
12:33:05 INFO  : 'jtag frequency' command is executed.
12:33:05 INFO  : Context for 'APU' is selected.
12:33:05 INFO  : System reset is completed.
12:33:08 INFO  : 'after 3000' command is executed.
12:33:08 INFO  : 'targets -set -filter {jtag_cable_name =~ "Xilinx TUL 1234-tulA" && level==0 && jtag_device_ctx=="jsn-TUL-1234-tulA-23727093-0"}' command is executed.
12:33:10 INFO  : Device configured successfully with "/home/binhkieudo/Workspace/XRPIX/serial_riscv/deploy/Pynq-Z2/pynq/pynq.sw/blinky/_ide/bitstream/top.bit"
12:33:11 INFO  : Context for 'APU' is selected.
12:33:11 INFO  : Hardware design and registers information is loaded from '/home/binhkieudo/Workspace/XRPIX/serial_riscv/deploy/Pynq-Z2/pynq/pynq.sw/top/export/top/hw/top.xsa'.
12:33:11 INFO  : 'configparams force-mem-access 1' command is executed.
12:33:11 INFO  : Context for 'APU' is selected.
12:33:11 INFO  : Sourcing of '/home/binhkieudo/Workspace/XRPIX/serial_riscv/deploy/Pynq-Z2/pynq/pynq.sw/blinky/_ide/psinit/ps7_init.tcl' is done.
12:33:11 INFO  : 'ps7_init' command is executed.
12:33:11 INFO  : 'ps7_post_config' command is executed.
12:33:11 INFO  : Context for processor 'ps7_cortexa9_0' is selected.
12:33:11 INFO  : The application '/home/binhkieudo/Workspace/XRPIX/serial_riscv/deploy/Pynq-Z2/pynq/pynq.sw/blinky/Debug/blinky.elf' is downloaded to processor 'ps7_cortexa9_0'.
12:33:11 INFO  : 'configparams force-mem-access 0' command is executed.
12:33:11 INFO  : ----------------XSDB Script----------------
connect -url tcp:127.0.0.1:3121
targets -set -nocase -filter {name =~"APU*"}
rst -system
after 3000
targets -set -filter {jtag_cable_name =~ "Xilinx TUL 1234-tulA" && level==0 && jtag_device_ctx=="jsn-TUL-1234-tulA-23727093-0"}
fpga -file /home/binhkieudo/Workspace/XRPIX/serial_riscv/deploy/Pynq-Z2/pynq/pynq.sw/blinky/_ide/bitstream/top.bit
targets -set -nocase -filter {name =~"APU*"}
loadhw -hw /home/binhkieudo/Workspace/XRPIX/serial_riscv/deploy/Pynq-Z2/pynq/pynq.sw/top/export/top/hw/top.xsa -mem-ranges [list {0x40000000 0xbfffffff}] -regs
configparams force-mem-access 1
targets -set -nocase -filter {name =~"APU*"}
source /home/binhkieudo/Workspace/XRPIX/serial_riscv/deploy/Pynq-Z2/pynq/pynq.sw/blinky/_ide/psinit/ps7_init.tcl
ps7_init
ps7_post_config
targets -set -nocase -filter {name =~ "*A9*#0"}
dow /home/binhkieudo/Workspace/XRPIX/serial_riscv/deploy/Pynq-Z2/pynq/pynq.sw/blinky/Debug/blinky.elf
configparams force-mem-access 0
----------------End of Script----------------

12:33:22 INFO  : Disconnected from the channel tcfchan#1.
