
*** Running vivado
    with args -log top.vds -m64 -product Vivado -mode batch -messageDb vivado.pb -notrace -source top.tcl


****** Vivado v2022.2 (64-bit)
  **** SW Build 3671981 on Fri Oct 14 04:59:54 MDT 2022
  **** IP Build 3669848 on Fri Oct 14 08:30:02 MDT 2022
    ** Copyright 1986-2022 Xilinx, Inc. All Rights Reserved.

source top.tcl -notrace
Command: synth_design -top top -part xc7vx485tffg1761-2
Starting synth_design
Attempting to get a license for feature 'Synthesis' and/or device 'xc7vx485t'
INFO: [Common 17-349] Got license for feature 'Synthesis' and/or device 'xc7vx485t'
INFO: [Device 21-403] Loading part xc7vx485tffg1761-2
INFO: [Synth 8-7079] Multithreading enabled for synth_design using a maximum of 4 processes.
INFO: [Synth 8-7078] Launching helper process for spawning children vivado processes
INFO: [Synth 8-7075] Helper process launched with PID 17250
INFO: [Synth 8-11241] undeclared symbol 'REGCCE', assumed default net type 'wire' [/opt/Xilinx/Vivado/2022.2/data/verilog/src/unimacro/BRAM_SINGLE_MACRO.v:2170]
---------------------------------------------------------------------------------
Starting RTL Elaboration : Time (s): cpu = 00:00:03 ; elapsed = 00:00:03 . Memory (MB): peak = 2895.258 ; gain = 381.738 ; free physical = 15315 ; free virtual = 86701
Synthesis current peak Physical Memory [PSS] (MB): peak = 2314.855; parent = 2104.111; children = 210.744
Synthesis current peak Virtual Memory [VSS] (MB): peak = 3923.387; parent = 2895.262; children = 1028.125
---------------------------------------------------------------------------------
INFO: [Synth 8-6157] synthesizing module 'top' [/home/binhkieudo/Workspace/XRPIX/serial_riscv/deploy/vc707/vc707.srcs/sources_1/new/top.v:23]
INFO: [Synth 8-6157] synthesizing module 'IBUFDS' [/opt/Xilinx/Vivado/2022.2/scripts/rt/data/unisim_comp.v:71342]
	Parameter DIFF_TERM bound to: FALSE - type: string 
	Parameter IBUF_LOW_PWR bound to: TRUE - type: string 
	Parameter IOSTANDARD bound to: LVDS - type: string 
INFO: [Synth 8-6155] done synthesizing module 'IBUFDS' (0#1) [/opt/Xilinx/Vivado/2022.2/scripts/rt/data/unisim_comp.v:71342]
INFO: [Synth 8-6157] synthesizing module 'servant' [/home/binhkieudo/Workspace/XRPIX/serial_riscv/deploy/vc707/vc707.srcs/sources_1/imports/rtl/system/servant.v:1]
INFO: [Synth 8-6157] synthesizing module 'servant_arbiter' [/home/binhkieudo/Workspace/XRPIX/serial_riscv/deploy/vc707/vc707.srcs/sources_1/imports/rtl/system/servant_arbiter.v:4]
INFO: [Synth 8-6155] done synthesizing module 'servant_arbiter' (0#1) [/home/binhkieudo/Workspace/XRPIX/serial_riscv/deploy/vc707/vc707.srcs/sources_1/imports/rtl/system/servant_arbiter.v:4]
INFO: [Synth 8-6157] synthesizing module 'servant_mux' [/home/binhkieudo/Workspace/XRPIX/serial_riscv/deploy/vc707/vc707.srcs/sources_1/imports/rtl/system/servant_mux.v:7]
INFO: [Synth 8-6155] done synthesizing module 'servant_mux' (0#1) [/home/binhkieudo/Workspace/XRPIX/serial_riscv/deploy/vc707/vc707.srcs/sources_1/imports/rtl/system/servant_mux.v:7]
INFO: [Synth 8-6157] synthesizing module 'servant_ram' [/home/binhkieudo/Workspace/XRPIX/serial_riscv/deploy/vc707/vc707.srcs/sources_1/imports/rtl/system/servant_ram.v:1]
	Parameter depth bound to: 8192 - type: integer 
INFO: [Synth 8-6155] done synthesizing module 'servant_ram' (0#1) [/home/binhkieudo/Workspace/XRPIX/serial_riscv/deploy/vc707/vc707.srcs/sources_1/imports/rtl/system/servant_ram.v:1]
INFO: [Synth 8-6157] synthesizing module 'timer' [/home/binhkieudo/Workspace/XRPIX/serial_riscv/deploy/vc707/vc707.srcs/sources_1/imports/rtl/ip/timer.v:1]
	Parameter WIDTH bound to: 32 - type: integer 
INFO: [Synth 8-6155] done synthesizing module 'timer' (0#1) [/home/binhkieudo/Workspace/XRPIX/serial_riscv/deploy/vc707/vc707.srcs/sources_1/imports/rtl/ip/timer.v:1]
INFO: [Synth 8-6157] synthesizing module 'gpio' [/home/binhkieudo/Workspace/XRPIX/serial_riscv/deploy/vc707/vc707.srcs/sources_1/imports/rtl/ip/gpio.v:1]
INFO: [Synth 8-6155] done synthesizing module 'gpio' (0#1) [/home/binhkieudo/Workspace/XRPIX/serial_riscv/deploy/vc707/vc707.srcs/sources_1/imports/rtl/ip/gpio.v:1]
INFO: [Synth 8-6157] synthesizing module 'serv_rf_top' [/home/binhkieudo/Workspace/XRPIX/serial_riscv/deploy/vc707/vc707.srcs/sources_1/imports/rtl/core/serv_rf_top.v:1]
	Parameter RESET_PC bound to: 0 - type: integer 
	Parameter E_EXT bound to: 1'b1 
	Parameter RF_WIDTH bound to: 8 - type: integer 
	Parameter CSR_COUNT bound to: 8 - type: integer 
INFO: [Synth 8-6157] synthesizing module 'serv_top' [/home/binhkieudo/Workspace/XRPIX/serial_riscv/deploy/vc707/vc707.srcs/sources_1/imports/rtl/core/serv_top.v:1]
	Parameter RESET_PC bound to: 0 - type: integer 
	Parameter E_EXT bound to: 1'b1 
INFO: [Synth 8-6157] synthesizing module 'serv_state' [/home/binhkieudo/Workspace/XRPIX/serial_riscv/deploy/vc707/vc707.srcs/sources_1/imports/rtl/core/serv_state.v:1]
INFO: [Synth 8-6155] done synthesizing module 'serv_state' (0#1) [/home/binhkieudo/Workspace/XRPIX/serial_riscv/deploy/vc707/vc707.srcs/sources_1/imports/rtl/core/serv_state.v:1]
INFO: [Synth 8-6157] synthesizing module 'serv_decode' [/home/binhkieudo/Workspace/XRPIX/serial_riscv/deploy/vc707/vc707.srcs/sources_1/imports/rtl/core/serv_decode.v:2]
INFO: [Synth 8-6155] done synthesizing module 'serv_decode' (0#1) [/home/binhkieudo/Workspace/XRPIX/serial_riscv/deploy/vc707/vc707.srcs/sources_1/imports/rtl/core/serv_decode.v:2]
INFO: [Synth 8-6157] synthesizing module 'serv_immdec' [/home/binhkieudo/Workspace/XRPIX/serial_riscv/deploy/vc707/vc707.srcs/sources_1/imports/rtl/core/serv_immdec.v:1]
INFO: [Synth 8-6155] done synthesizing module 'serv_immdec' (0#1) [/home/binhkieudo/Workspace/XRPIX/serial_riscv/deploy/vc707/vc707.srcs/sources_1/imports/rtl/core/serv_immdec.v:1]
INFO: [Synth 8-6157] synthesizing module 'serv_bufreg' [/home/binhkieudo/Workspace/XRPIX/serial_riscv/deploy/vc707/vc707.srcs/sources_1/imports/rtl/core/serv_bufreg.v:1]
INFO: [Synth 8-6155] done synthesizing module 'serv_bufreg' (0#1) [/home/binhkieudo/Workspace/XRPIX/serial_riscv/deploy/vc707/vc707.srcs/sources_1/imports/rtl/core/serv_bufreg.v:1]
INFO: [Synth 8-6157] synthesizing module 'serv_bufreg2' [/home/binhkieudo/Workspace/XRPIX/serial_riscv/deploy/vc707/vc707.srcs/sources_1/imports/rtl/core/serv_bufreg2.v:1]
INFO: [Synth 8-6155] done synthesizing module 'serv_bufreg2' (0#1) [/home/binhkieudo/Workspace/XRPIX/serial_riscv/deploy/vc707/vc707.srcs/sources_1/imports/rtl/core/serv_bufreg2.v:1]
INFO: [Synth 8-6157] synthesizing module 'serv_ctrl' [/home/binhkieudo/Workspace/XRPIX/serial_riscv/deploy/vc707/vc707.srcs/sources_1/imports/rtl/core/serv_ctrl.v:1]
	Parameter RESET_PC bound to: 0 - type: integer 
INFO: [Synth 8-6155] done synthesizing module 'serv_ctrl' (0#1) [/home/binhkieudo/Workspace/XRPIX/serial_riscv/deploy/vc707/vc707.srcs/sources_1/imports/rtl/core/serv_ctrl.v:1]
INFO: [Synth 8-6157] synthesizing module 'serv_alu' [/home/binhkieudo/Workspace/XRPIX/serial_riscv/deploy/vc707/vc707.srcs/sources_1/imports/rtl/core/serv_alu.v:1]
INFO: [Synth 8-6155] done synthesizing module 'serv_alu' (0#1) [/home/binhkieudo/Workspace/XRPIX/serial_riscv/deploy/vc707/vc707.srcs/sources_1/imports/rtl/core/serv_alu.v:1]
INFO: [Synth 8-6157] synthesizing module 'serv_rf_if' [/home/binhkieudo/Workspace/XRPIX/serial_riscv/deploy/vc707/vc707.srcs/sources_1/imports/rtl/core/serv_rf_if.v:1]
	Parameter E_EXT bound to: 1'b1 
INFO: [Synth 8-6155] done synthesizing module 'serv_rf_if' (0#1) [/home/binhkieudo/Workspace/XRPIX/serial_riscv/deploy/vc707/vc707.srcs/sources_1/imports/rtl/core/serv_rf_if.v:1]
INFO: [Synth 8-6157] synthesizing module 'serv_mem_if' [/home/binhkieudo/Workspace/XRPIX/serial_riscv/deploy/vc707/vc707.srcs/sources_1/imports/rtl/core/serv_mem_if.v:1]
INFO: [Synth 8-6155] done synthesizing module 'serv_mem_if' (0#1) [/home/binhkieudo/Workspace/XRPIX/serial_riscv/deploy/vc707/vc707.srcs/sources_1/imports/rtl/core/serv_mem_if.v:1]
INFO: [Synth 8-6157] synthesizing module 'serv_csr' [/home/binhkieudo/Workspace/XRPIX/serial_riscv/deploy/vc707/vc707.srcs/sources_1/imports/rtl/core/serv_csr.v:1]
	Parameter E_EXT bound to: 1'b1 
INFO: [Synth 8-6155] done synthesizing module 'serv_csr' (0#1) [/home/binhkieudo/Workspace/XRPIX/serial_riscv/deploy/vc707/vc707.srcs/sources_1/imports/rtl/core/serv_csr.v:1]
INFO: [Synth 8-6155] done synthesizing module 'serv_top' (0#1) [/home/binhkieudo/Workspace/XRPIX/serial_riscv/deploy/vc707/vc707.srcs/sources_1/imports/rtl/core/serv_top.v:1]
INFO: [Synth 8-6157] synthesizing module 'serv_rf_ram_if' [/home/binhkieudo/Workspace/XRPIX/serial_riscv/deploy/vc707/vc707.srcs/sources_1/imports/rtl/core/serv_rf_ram_if.v:1]
	Parameter width bound to: 8 - type: integer 
	Parameter csr_regs bound to: 8 - type: integer 
	Parameter rf_count bound to: 16 - type: integer 
INFO: [Synth 8-6155] done synthesizing module 'serv_rf_ram_if' (0#1) [/home/binhkieudo/Workspace/XRPIX/serial_riscv/deploy/vc707/vc707.srcs/sources_1/imports/rtl/core/serv_rf_ram_if.v:1]
WARNING: [Synth 8-689] width (6) of port connection 'i_wreg0' does not match port width (5) of module 'serv_rf_ram_if' [/home/binhkieudo/Workspace/XRPIX/serial_riscv/deploy/vc707/vc707.srcs/sources_1/imports/rtl/core/serv_rf_top.v:108]
WARNING: [Synth 8-689] width (6) of port connection 'i_wreg1' does not match port width (5) of module 'serv_rf_ram_if' [/home/binhkieudo/Workspace/XRPIX/serial_riscv/deploy/vc707/vc707.srcs/sources_1/imports/rtl/core/serv_rf_top.v:109]
WARNING: [Synth 8-689] width (6) of port connection 'i_rreg0' does not match port width (5) of module 'serv_rf_ram_if' [/home/binhkieudo/Workspace/XRPIX/serial_riscv/deploy/vc707/vc707.srcs/sources_1/imports/rtl/core/serv_rf_top.v:114]
WARNING: [Synth 8-689] width (6) of port connection 'i_rreg1' does not match port width (5) of module 'serv_rf_ram_if' [/home/binhkieudo/Workspace/XRPIX/serial_riscv/deploy/vc707/vc707.srcs/sources_1/imports/rtl/core/serv_rf_top.v:115]
INFO: [Synth 8-6157] synthesizing module 'serv_rf_ram' [/home/binhkieudo/Workspace/XRPIX/serial_riscv/deploy/vc707/vc707.srcs/sources_1/imports/rtl/core/serv_rf_ram.v:1]
	Parameter width bound to: 8 - type: integer 
	Parameter rf_count bound to: 16 - type: integer 
	Parameter csr_count bound to: 8 - type: integer 
INFO: [Synth 8-6155] done synthesizing module 'serv_rf_ram' (0#1) [/home/binhkieudo/Workspace/XRPIX/serial_riscv/deploy/vc707/vc707.srcs/sources_1/imports/rtl/core/serv_rf_ram.v:1]
INFO: [Synth 8-6155] done synthesizing module 'serv_rf_top' (0#1) [/home/binhkieudo/Workspace/XRPIX/serial_riscv/deploy/vc707/vc707.srcs/sources_1/imports/rtl/core/serv_rf_top.v:1]
INFO: [Synth 8-6157] synthesizing module 'debug_dtm' [/home/binhkieudo/Workspace/XRPIX/serial_riscv/deploy/vc707/vc707.srcs/sources_1/imports/rtl/ip/debug_dtm.v:2]
INFO: [Synth 8-226] default block is never used [/home/binhkieudo/Workspace/XRPIX/serial_riscv/deploy/vc707/vc707.srcs/sources_1/imports/rtl/ip/debug_dtm.v:117]
INFO: [Synth 8-6155] done synthesizing module 'debug_dtm' (0#1) [/home/binhkieudo/Workspace/XRPIX/serial_riscv/deploy/vc707/vc707.srcs/sources_1/imports/rtl/ip/debug_dtm.v:2]
INFO: [Synth 8-6157] synthesizing module 'debug_dm' [/home/binhkieudo/Workspace/XRPIX/serial_riscv/deploy/vc707/vc707.srcs/sources_1/imports/rtl/ip/debug_dm.v:2]
INFO: [Synth 8-226] default block is never used [/home/binhkieudo/Workspace/XRPIX/serial_riscv/deploy/vc707/vc707.srcs/sources_1/imports/rtl/ip/debug_dm.v:627]
INFO: [Synth 8-226] default block is never used [/home/binhkieudo/Workspace/XRPIX/serial_riscv/deploy/vc707/vc707.srcs/sources_1/imports/rtl/ip/debug_dm.v:630]
INFO: [Synth 8-6155] done synthesizing module 'debug_dm' (0#1) [/home/binhkieudo/Workspace/XRPIX/serial_riscv/deploy/vc707/vc707.srcs/sources_1/imports/rtl/ip/debug_dm.v:2]
INFO: [Synth 8-6155] done synthesizing module 'servant' (0#1) [/home/binhkieudo/Workspace/XRPIX/serial_riscv/deploy/vc707/vc707.srcs/sources_1/imports/rtl/system/servant.v:1]
INFO: [Synth 8-6155] done synthesizing module 'top' (0#1) [/home/binhkieudo/Workspace/XRPIX/serial_riscv/deploy/vc707/vc707.srcs/sources_1/new/top.v:23]
WARNING: [Synth 8-6014] Unused sequential element op29_reg was removed.  [/home/binhkieudo/Workspace/XRPIX/serial_riscv/deploy/vc707/vc707.srcs/sources_1/imports/rtl/core/serv_decode.v:282]
WARNING: [Synth 8-6014] Unused sequential element op31_reg was removed.  [/home/binhkieudo/Workspace/XRPIX/serial_riscv/deploy/vc707/vc707.srcs/sources_1/imports/rtl/core/serv_decode.v:283]
WARNING: [Synth 8-6014] Unused sequential element count_enable_reg was removed.  [/home/binhkieudo/Workspace/XRPIX/serial_riscv/deploy/vc707/vc707.srcs/sources_1/imports/rtl/ip/debug_dtm.v:95]
WARNING: [Synth 8-6014] Unused sequential element count_reg was removed.  [/home/binhkieudo/Workspace/XRPIX/serial_riscv/deploy/vc707/vc707.srcs/sources_1/imports/rtl/ip/debug_dtm.v:103]
WARNING: [Synth 8-6014] Unused sequential element r_dmi_req_valid_reg was removed.  [/home/binhkieudo/Workspace/XRPIX/serial_riscv/deploy/vc707/vc707.srcs/sources_1/imports/rtl/ip/debug_dm.v:460]
WARNING: [Synth 8-3848] Net o_flash_SCK in module/entity servant does not have driver. [/home/binhkieudo/Workspace/XRPIX/serial_riscv/deploy/vc707/vc707.srcs/sources_1/imports/rtl/system/servant.v:20]
WARNING: [Synth 8-3848] Net o_flash_CSn in module/entity servant does not have driver. [/home/binhkieudo/Workspace/XRPIX/serial_riscv/deploy/vc707/vc707.srcs/sources_1/imports/rtl/system/servant.v:21]
WARNING: [Synth 8-3848] Net o_flash_MOSI in module/entity servant does not have driver. [/home/binhkieudo/Workspace/XRPIX/serial_riscv/deploy/vc707/vc707.srcs/sources_1/imports/rtl/system/servant.v:22]
WARNING: [Synth 8-3848] Net wb_flash_rdt in module/entity servant does not have driver. [/home/binhkieudo/Workspace/XRPIX/serial_riscv/deploy/vc707/vc707.srcs/sources_1/imports/rtl/system/servant.v:55]
WARNING: [Synth 8-3848] Net wb_flash_ack in module/entity servant does not have driver. [/home/binhkieudo/Workspace/XRPIX/serial_riscv/deploy/vc707/vc707.srcs/sources_1/imports/rtl/system/servant.v:56]
WARNING: [Synth 8-7129] Port i_dmi_rsp_ready in module debug_dm is either unconnected or has no load
WARNING: [Synth 8-7129] Port i_sbus_adr[1] in module debug_dm is either unconnected or has no load
WARNING: [Synth 8-7129] Port i_sbus_adr[0] in module debug_dm is either unconnected or has no load
WARNING: [Synth 8-7129] Port i_rst in module serv_rf_ram is either unconnected or has no load
WARNING: [Synth 8-7129] Port i_ren in module serv_rf_ram is either unconnected or has no load
WARNING: [Synth 8-7129] Port i_mhartid_en in module serv_csr is either unconnected or has no load
WARNING: [Synth 8-7129] Port i_dret in module serv_csr is either unconnected or has no load
WARNING: [Synth 8-7129] Port i_pcnext in module serv_rf_if is either unconnected or has no load
WARNING: [Synth 8-7129] Port i_rs2_raddr[4] in module serv_rf_if is either unconnected or has no load
WARNING: [Synth 8-7129] Port i_ebreak in module serv_ctrl is either unconnected or has no load
WARNING: [Synth 8-7129] Port i_wb_rdt[31] in module serv_decode is either unconnected or has no load
WARNING: [Synth 8-7129] Port i_wb_rdt[29] in module serv_decode is either unconnected or has no load
WARNING: [Synth 8-7129] Port i_wb_rdt[28] in module serv_decode is either unconnected or has no load
WARNING: [Synth 8-7129] Port i_wb_rdt[25] in module serv_decode is either unconnected or has no load
WARNING: [Synth 8-7129] Port i_wb_rdt[24] in module serv_decode is either unconnected or has no load
WARNING: [Synth 8-7129] Port i_wb_rdt[23] in module serv_decode is either unconnected or has no load
WARNING: [Synth 8-7129] Port i_wb_rdt[19] in module serv_decode is either unconnected or has no load
WARNING: [Synth 8-7129] Port i_wb_rdt[18] in module serv_decode is either unconnected or has no load
WARNING: [Synth 8-7129] Port i_wb_rdt[17] in module serv_decode is either unconnected or has no load
WARNING: [Synth 8-7129] Port i_wb_rdt[16] in module serv_decode is either unconnected or has no load
WARNING: [Synth 8-7129] Port i_wb_rdt[15] in module serv_decode is either unconnected or has no load
WARNING: [Synth 8-7129] Port i_wb_rdt[11] in module serv_decode is either unconnected or has no load
WARNING: [Synth 8-7129] Port i_wb_rdt[10] in module serv_decode is either unconnected or has no load
WARNING: [Synth 8-7129] Port i_wb_rdt[9] in module serv_decode is either unconnected or has no load
WARNING: [Synth 8-7129] Port i_wb_rdt[8] in module serv_decode is either unconnected or has no load
WARNING: [Synth 8-7129] Port i_wb_rdt[7] in module serv_decode is either unconnected or has no load
WARNING: [Synth 8-7129] Port i_ibus_rdt[1] in module serv_top is either unconnected or has no load
WARNING: [Synth 8-7129] Port i_ibus_rdt[0] in module serv_top is either unconnected or has no load
WARNING: [Synth 8-7129] Port i_wb_adr[31] in module servant_ram is either unconnected or has no load
WARNING: [Synth 8-7129] Port i_wb_adr[30] in module servant_ram is either unconnected or has no load
WARNING: [Synth 8-7129] Port i_wb_adr[29] in module servant_ram is either unconnected or has no load
WARNING: [Synth 8-7129] Port i_wb_adr[28] in module servant_ram is either unconnected or has no load
WARNING: [Synth 8-7129] Port i_wb_adr[27] in module servant_ram is either unconnected or has no load
WARNING: [Synth 8-7129] Port i_wb_adr[26] in module servant_ram is either unconnected or has no load
WARNING: [Synth 8-7129] Port i_wb_adr[25] in module servant_ram is either unconnected or has no load
WARNING: [Synth 8-7129] Port i_wb_adr[24] in module servant_ram is either unconnected or has no load
WARNING: [Synth 8-7129] Port i_wb_adr[23] in module servant_ram is either unconnected or has no load
WARNING: [Synth 8-7129] Port i_wb_adr[22] in module servant_ram is either unconnected or has no load
WARNING: [Synth 8-7129] Port i_wb_adr[21] in module servant_ram is either unconnected or has no load
WARNING: [Synth 8-7129] Port i_wb_adr[20] in module servant_ram is either unconnected or has no load
WARNING: [Synth 8-7129] Port i_wb_adr[19] in module servant_ram is either unconnected or has no load
WARNING: [Synth 8-7129] Port i_wb_adr[18] in module servant_ram is either unconnected or has no load
WARNING: [Synth 8-7129] Port i_wb_adr[17] in module servant_ram is either unconnected or has no load
WARNING: [Synth 8-7129] Port i_wb_adr[16] in module servant_ram is either unconnected or has no load
WARNING: [Synth 8-7129] Port i_wb_adr[15] in module servant_ram is either unconnected or has no load
WARNING: [Synth 8-7129] Port i_wb_adr[14] in module servant_ram is either unconnected or has no load
WARNING: [Synth 8-7129] Port i_wb_adr[13] in module servant_ram is either unconnected or has no load
WARNING: [Synth 8-7129] Port i_wb_flash_ack in module servant_mux is either unconnected or has no load
WARNING: [Synth 8-7129] Port o_flash_SCK in module servant is either unconnected or has no load
WARNING: [Synth 8-7129] Port o_flash_CSn in module servant is either unconnected or has no load
WARNING: [Synth 8-7129] Port o_flash_MOSI in module servant is either unconnected or has no load
WARNING: [Synth 8-7129] Port i_flash_MISO in module servant is either unconnected or has no load
---------------------------------------------------------------------------------
Finished RTL Elaboration : Time (s): cpu = 00:00:05 ; elapsed = 00:00:05 . Memory (MB): peak = 2973.227 ; gain = 459.707 ; free physical = 15387 ; free virtual = 86774
Synthesis current peak Physical Memory [PSS] (MB): peak = 2314.855; parent = 2104.111; children = 210.744
Synthesis current peak Virtual Memory [VSS] (MB): peak = 4001.355; parent = 2973.230; children = 1028.125
---------------------------------------------------------------------------------
---------------------------------------------------------------------------------
Start Handling Custom Attributes
---------------------------------------------------------------------------------
---------------------------------------------------------------------------------
Finished Handling Custom Attributes : Time (s): cpu = 00:00:05 ; elapsed = 00:00:05 . Memory (MB): peak = 2991.039 ; gain = 477.520 ; free physical = 15388 ; free virtual = 86774
Synthesis current peak Physical Memory [PSS] (MB): peak = 2314.855; parent = 2104.111; children = 210.744
Synthesis current peak Virtual Memory [VSS] (MB): peak = 4019.168; parent = 2991.043; children = 1028.125
---------------------------------------------------------------------------------
---------------------------------------------------------------------------------
Finished RTL Optimization Phase 1 : Time (s): cpu = 00:00:05 ; elapsed = 00:00:05 . Memory (MB): peak = 2991.039 ; gain = 477.520 ; free physical = 15387 ; free virtual = 86774
Synthesis current peak Physical Memory [PSS] (MB): peak = 2314.855; parent = 2104.111; children = 210.744
Synthesis current peak Virtual Memory [VSS] (MB): peak = 4019.168; parent = 2991.043; children = 1028.125
---------------------------------------------------------------------------------
Netlist sorting complete. Time (s): cpu = 00:00:00.02 ; elapsed = 00:00:00.02 . Memory (MB): peak = 2996.977 ; gain = 0.000 ; free physical = 15377 ; free virtual = 86763
INFO: [Netlist 29-17] Analyzing 1 Unisim elements for replacement
INFO: [Netlist 29-28] Unisim Transformation completed in 0 CPU seconds
INFO: [Project 1-570] Preparing netlist for logic optimization

Processing XDC Constraints
Initializing timing engine
Parsing XDC File [/home/binhkieudo/Workspace/XRPIX/serial_riscv/deploy/vc707/vc707.srcs/constrs_1/imports/xdc/VC707_gpio.xdc]
Finished Parsing XDC File [/home/binhkieudo/Workspace/XRPIX/serial_riscv/deploy/vc707/vc707.srcs/constrs_1/imports/xdc/VC707_gpio.xdc]
INFO: [Project 1-236] Implementation specific constraints were found while reading constraint file [/home/binhkieudo/Workspace/XRPIX/serial_riscv/deploy/vc707/vc707.srcs/constrs_1/imports/xdc/VC707_gpio.xdc]. These constraints will be ignored for synthesis but will be used in implementation. Impacted constraints are listed in the file [.Xil/top_propImpl.xdc].
Resolution: To avoid this warning, move constraints listed in [.Xil/top_propImpl.xdc] to another XDC file and exclude this new file from synthesis with the used_in_synthesis property (File Properties dialog in GUI) and re-run elaboration/synthesis.
Completed Processing XDC Constraints

Netlist sorting complete. Time (s): cpu = 00:00:00 ; elapsed = 00:00:00 . Memory (MB): peak = 3158.758 ; gain = 0.000 ; free physical = 15281 ; free virtual = 86678
INFO: [Project 1-111] Unisim Transformation Summary:
No Unisim elements were transformed.

Constraint Validation Runtime : Time (s): cpu = 00:00:00 ; elapsed = 00:00:00.01 . Memory (MB): peak = 3158.758 ; gain = 0.000 ; free physical = 15281 ; free virtual = 86678
INFO: [Synth 8-11241] undeclared symbol 'REGCCE', assumed default net type 'wire' [/opt/Xilinx/Vivado/2022.2/data/verilog/src/unimacro/BRAM_SINGLE_MACRO.v:2170]
---------------------------------------------------------------------------------
Finished Constraint Validation : Time (s): cpu = 00:00:12 ; elapsed = 00:00:13 . Memory (MB): peak = 3158.758 ; gain = 645.238 ; free physical = 15353 ; free virtual = 86750
Synthesis current peak Physical Memory [PSS] (MB): peak = 2318.902; parent = 2108.602; children = 210.744
Synthesis current peak Virtual Memory [VSS] (MB): peak = 4154.871; parent = 3126.746; children = 1028.125
---------------------------------------------------------------------------------
---------------------------------------------------------------------------------
Start Loading Part and Timing Information
---------------------------------------------------------------------------------
Loading part: xc7vx485tffg1761-2
---------------------------------------------------------------------------------
Finished Loading Part and Timing Information : Time (s): cpu = 00:00:12 ; elapsed = 00:00:13 . Memory (MB): peak = 3158.758 ; gain = 645.238 ; free physical = 15353 ; free virtual = 86750
Synthesis current peak Physical Memory [PSS] (MB): peak = 2318.902; parent = 2108.602; children = 210.744
Synthesis current peak Virtual Memory [VSS] (MB): peak = 4154.871; parent = 3126.746; children = 1028.125
---------------------------------------------------------------------------------
---------------------------------------------------------------------------------
Start Applying 'set_property' XDC Constraints
---------------------------------------------------------------------------------
---------------------------------------------------------------------------------
Finished applying 'set_property' XDC Constraints : Time (s): cpu = 00:00:12 ; elapsed = 00:00:13 . Memory (MB): peak = 3158.758 ; gain = 645.238 ; free physical = 15353 ; free virtual = 86750
Synthesis current peak Physical Memory [PSS] (MB): peak = 2318.902; parent = 2108.602; children = 210.744
Synthesis current peak Virtual Memory [VSS] (MB): peak = 4154.871; parent = 3126.746; children = 1028.125
---------------------------------------------------------------------------------
INFO: [Synth 8-802] inferred FSM for state register 'tap_ctrl_state_reg' in module 'debug_dtm'
INFO: [Synth 8-802] inferred FSM for state register 'dmi_ctrl_state_reg' in module 'debug_dtm'
INFO: [Synth 8-802] inferred FSM for state register 'dm_ctrl_state_reg' in module 'debug_dm'
INFO: [Synth 8-802] inferred FSM for state register 'dm_ctrl_cmderr_reg' in module 'debug_dm'
INFO: [Synth 8-802] inferred FSM for state register 'dm_ctrl_hart_resume_state_reg' in module 'debug_dm'
---------------------------------------------------------------------------------------------------
                   State |                     New Encoding |                Previous Encoding 
---------------------------------------------------------------------------------------------------
          DMI_STATE_Idle |                              000 |                              000
     DMI_STATE_read_wait |                              110 |                              001
          DMI_STATE_read |                              101 |                              010
     DMI_STATE_read_busy |                              100 |                              011
    DMI_STATE_write_wait |                              011 |                              100
         DMI_STATE_write |                              010 |                              101
    DMI_STATE_write_busy |                              001 |                              110
---------------------------------------------------------------------------------------------------
INFO: [Synth 8-3354] encoded FSM with state register 'dmi_ctrl_state_reg' using encoding 'sequential' in module 'debug_dtm'
---------------------------------------------------------------------------------------------------
                   State |                     New Encoding |                Previous Encoding 
---------------------------------------------------------------------------------------------------
  STATE_test_logic_reset |                 0000000000000001 |                             1111
     STATE_run_test_idle |                 0000000000000010 |                             1100
    STATE_select_dr_scan |                 0000000000000100 |                             0111
    STATE_select_ir_scan |                 0000000000001000 |                             0100
        STATE_capture_ir |                 0000000000010000 |                             1110
          STATE_shift_ir |                 0000000000100000 |                             1010
          STATE_exit1_ir |                 0000000001000000 |                             1001
          STATE_pause_ir |                 0000000010000000 |                             1011
          STATE_exit2_ir |                 0000000100000000 |                             1000
         STATE_update_ir |                 0000001000000000 |                             1101
        STATE_capture_dr |                 0000010000000000 |                             0110
          STATE_shift_dr |                 0000100000000000 |                             0010
          STATE_exit1_dr |                 0001000000000000 |                             0001
          STATE_pause_dr |                 0010000000000000 |                             0011
          STATE_exit2_dr |                 0100000000000000 |                             0000
         STATE_update_dr |                 1000000000000000 |                             0101
---------------------------------------------------------------------------------------------------
INFO: [Synth 8-3354] encoded FSM with state register 'tap_ctrl_state_reg' using encoding 'one-hot' in module 'debug_dtm'
---------------------------------------------------------------------------------------------------
                   State |                     New Encoding |                Previous Encoding 
---------------------------------------------------------------------------------------------------
                 iSTATE1 |                              001 |                               00
                  iSTATE |                              010 |                               01
                 iSTATE0 |                              100 |                               10
---------------------------------------------------------------------------------------------------
INFO: [Synth 8-3354] encoded FSM with state register 'dm_ctrl_hart_resume_state_reg' using encoding 'one-hot' in module 'debug_dm'
---------------------------------------------------------------------------------------------------
                   State |                     New Encoding |                Previous Encoding 
---------------------------------------------------------------------------------------------------
                CMD_IDLE |                              000 |                              000
           CMD_EXE_CHECK |                              101 |                              001
         CMD_EXE_PREAPRE |                              100 |                              010
         CMD_EXE_TRIGGER |                              011 |                              011
            CMD_EXE_BUSY |                              010 |                              100
           CMD_EXE_ERROR |                              001 |                              101
---------------------------------------------------------------------------------------------------
INFO: [Synth 8-3354] encoded FSM with state register 'dm_ctrl_state_reg' using encoding 'sequential' in module 'debug_dm'
---------------------------------------------------------------------------------------------------
                   State |                     New Encoding |                Previous Encoding 
---------------------------------------------------------------------------------------------------
                  iSTATE |                              000 |                              000
                 iSTATE0 |                              001 |                              100
                 iSTATE1 |                              010 |                              011
                 iSTATE3 |                              011 |                              010
                 iSTATE2 |                              100 |                              001
*
---------------------------------------------------------------------------------------------------
INFO: [Synth 8-3354] encoded FSM with state register 'dm_ctrl_cmderr_reg' using encoding 'sequential' in module 'debug_dm'
---------------------------------------------------------------------------------
Finished RTL Optimization Phase 2 : Time (s): cpu = 00:00:13 ; elapsed = 00:00:14 . Memory (MB): peak = 3158.758 ; gain = 645.238 ; free physical = 15334 ; free virtual = 86732
Synthesis current peak Physical Memory [PSS] (MB): peak = 2318.902; parent = 2108.602; children = 210.744
Synthesis current peak Virtual Memory [VSS] (MB): peak = 4154.871; parent = 3126.746; children = 1028.125
---------------------------------------------------------------------------------
---------------------------------------------------------------------------------
Start RTL Component Statistics 
---------------------------------------------------------------------------------
Detailed RTL Component Info : 
+---Adders : 
	   2 Input    6 Bit       Adders := 1     
	   2 Input    5 Bit       Adders := 2     
	   2 Input    3 Bit       Adders := 1     
	   3 Input    2 Bit       Adders := 5     
	   4 Input    1 Bit       Adders := 1     
+---XORs : 
	   2 Input      1 Bit         XORs := 3     
+---Registers : 
	               72 Bit    Registers := 1     
	               32 Bit    Registers := 16    
	               30 Bit    Registers := 1     
	                9 Bit    Registers := 2     
	                8 Bit    Registers := 3     
	                7 Bit    Registers := 1     
	                6 Bit    Registers := 2     
	                5 Bit    Registers := 5     
	                4 Bit    Registers := 3     
	                3 Bit    Registers := 8     
	                2 Bit    Registers := 3     
	                1 Bit    Registers := 75    
+---RAMs : 
	              64K Bit	(2048 X 32 bit)          RAMs := 1     
	              768 Bit	(96 X 8 bit)          RAMs := 1     
+---Muxes : 
	   2 Input   72 Bit        Muxes := 3     
	   2 Input   70 Bit        Muxes := 1     
	   2 Input   32 Bit        Muxes := 25    
	   4 Input   32 Bit        Muxes := 2     
	   7 Input   32 Bit        Muxes := 1     
	  16 Input   32 Bit        Muxes := 1     
	   2 Input   29 Bit        Muxes := 2     
	  16 Input   16 Bit        Muxes := 1     
	   2 Input   16 Bit        Muxes := 16    
	   2 Input    9 Bit        Muxes := 1     
	   2 Input    8 Bit        Muxes := 3     
	   2 Input    7 Bit        Muxes := 3     
	   2 Input    6 Bit        Muxes := 5     
	   2 Input    5 Bit        Muxes := 5     
	   3 Input    5 Bit        Muxes := 2     
	   4 Input    3 Bit        Muxes := 1     
	   7 Input    3 Bit        Muxes := 2     
	   2 Input    3 Bit        Muxes := 12    
	   3 Input    3 Bit        Muxes := 1     
	   6 Input    3 Bit        Muxes := 1     
	   2 Input    2 Bit        Muxes := 1     
	   3 Input    2 Bit        Muxes := 1     
	   2 Input    1 Bit        Muxes := 65    
	   5 Input    1 Bit        Muxes := 1     
	   3 Input    1 Bit        Muxes := 6     
	   7 Input    1 Bit        Muxes := 1     
	   6 Input    1 Bit        Muxes := 1     
---------------------------------------------------------------------------------
Finished RTL Component Statistics 
---------------------------------------------------------------------------------
---------------------------------------------------------------------------------
Start Part Resource Summary
---------------------------------------------------------------------------------
Part Resources:
DSPs: 2800 (col length:140)
BRAMs: 2060 (col length: RAMB18 140 RAMB36 70)
---------------------------------------------------------------------------------
Finished Part Resource Summary
---------------------------------------------------------------------------------
---------------------------------------------------------------------------------
Start Cross Boundary and Area Optimization
---------------------------------------------------------------------------------
WARNING: [Synth 8-7080] Parallel synthesis criteria is not met
WARNING: [Synth 8-7129] Port i_dmi_rsp_ready in module debug_dm is either unconnected or has no load
WARNING: [Synth 8-7129] Port i_sbus_adr[1] in module debug_dm is either unconnected or has no load
WARNING: [Synth 8-7129] Port i_sbus_adr[0] in module debug_dm is either unconnected or has no load
WARNING: [Synth 8-7129] Port i_ibus_rdt[1] in module serv_rf_top is either unconnected or has no load
WARNING: [Synth 8-7129] Port i_ibus_rdt[0] in module serv_rf_top is either unconnected or has no load
WARNING: [Synth 8-7129] Port i_wb_adr[31] in module servant_ram is either unconnected or has no load
WARNING: [Synth 8-7129] Port i_wb_adr[30] in module servant_ram is either unconnected or has no load
WARNING: [Synth 8-7129] Port i_wb_adr[29] in module servant_ram is either unconnected or has no load
WARNING: [Synth 8-7129] Port i_wb_adr[28] in module servant_ram is either unconnected or has no load
WARNING: [Synth 8-7129] Port i_wb_adr[27] in module servant_ram is either unconnected or has no load
WARNING: [Synth 8-7129] Port i_wb_adr[26] in module servant_ram is either unconnected or has no load
WARNING: [Synth 8-7129] Port i_wb_adr[25] in module servant_ram is either unconnected or has no load
WARNING: [Synth 8-7129] Port i_wb_adr[24] in module servant_ram is either unconnected or has no load
WARNING: [Synth 8-7129] Port i_wb_adr[23] in module servant_ram is either unconnected or has no load
WARNING: [Synth 8-7129] Port i_wb_adr[22] in module servant_ram is either unconnected or has no load
WARNING: [Synth 8-7129] Port i_wb_adr[21] in module servant_ram is either unconnected or has no load
WARNING: [Synth 8-7129] Port i_wb_adr[20] in module servant_ram is either unconnected or has no load
WARNING: [Synth 8-7129] Port i_wb_adr[19] in module servant_ram is either unconnected or has no load
WARNING: [Synth 8-7129] Port i_wb_adr[18] in module servant_ram is either unconnected or has no load
WARNING: [Synth 8-7129] Port i_wb_adr[17] in module servant_ram is either unconnected or has no load
WARNING: [Synth 8-7129] Port i_wb_adr[16] in module servant_ram is either unconnected or has no load
WARNING: [Synth 8-7129] Port i_wb_adr[15] in module servant_ram is either unconnected or has no load
WARNING: [Synth 8-7129] Port i_wb_adr[14] in module servant_ram is either unconnected or has no load
WARNING: [Synth 8-7129] Port i_wb_adr[13] in module servant_ram is either unconnected or has no load
WARNING: [Synth 8-7129] Port i_wb_flash_ack in module servant_mux is either unconnected or has no load
WARNING: [Synth 8-7129] Port o_flash_SCK in module servant is either unconnected or has no load
WARNING: [Synth 8-7129] Port o_flash_CSn in module servant is either unconnected or has no load
WARNING: [Synth 8-7129] Port o_flash_MOSI in module servant is either unconnected or has no load
WARNING: [Synth 8-7129] Port i_flash_MISO in module servant is either unconnected or has no load
---------------------------------------------------------------------------------
Finished Cross Boundary and Area Optimization : Time (s): cpu = 00:00:17 ; elapsed = 00:00:18 . Memory (MB): peak = 3158.758 ; gain = 645.238 ; free physical = 15309 ; free virtual = 86713
Synthesis current peak Physical Memory [PSS] (MB): peak = 2318.902; parent = 2108.602; children = 210.744
Synthesis current peak Virtual Memory [VSS] (MB): peak = 4154.871; parent = 3126.746; children = 1028.125
---------------------------------------------------------------------------------
---------------------------------------------------------------------------------
Start ROM, RAM, DSP, Shift Register and Retiming Reporting
---------------------------------------------------------------------------------

Block RAM: Preliminary Mapping Report (see note below)
+------------+--------------------------+------------------------+---+---+------------------------+---+---+------------------+--------+--------+
|Module Name | RTL Object               | PORT A (Depth x Width) | W | R | PORT B (Depth x Width) | W | R | Ports driving FF | RAMB18 | RAMB36 | 
+------------+--------------------------+------------------------+---+---+------------------------+---+---+------------------+--------+--------+
|top         | u0/ram/mem_reg           | 2 K x 32(READ_FIRST)   | W | R |                        |   |   | Port A           | 0      | 2      | 
|top         | u0/cpu/rf_ram/memory_reg | 96 x 8(READ_FIRST)     | W |   | 96 x 8(WRITE_FIRST)    |   | R | Port A and B     | 1      | 0      | 
+------------+--------------------------+------------------------+---+---+------------------------+---+---+------------------+--------+--------+

Note: The table above is a preliminary report that shows the Block RAMs at the current stage of the synthesis flow. Some Block RAMs may be reimplemented as non Block RAM primitives later in the synthesis flow. Multiple instantiated Block RAMs are reported only once. 
---------------------------------------------------------------------------------
Finished ROM, RAM, DSP, Shift Register and Retiming Reporting
---------------------------------------------------------------------------------
---------------------------------------------------------------------------------
Start Applying XDC Timing Constraints
---------------------------------------------------------------------------------
WARNING: [Synth 8-565] redefining clock 'sys_clk_pin'
---------------------------------------------------------------------------------
Finished Applying XDC Timing Constraints : Time (s): cpu = 00:00:21 ; elapsed = 00:00:22 . Memory (MB): peak = 3158.758 ; gain = 645.238 ; free physical = 15197 ; free virtual = 86608
Synthesis current peak Physical Memory [PSS] (MB): peak = 2428.464; parent = 2218.286; children = 210.744
Synthesis current peak Virtual Memory [VSS] (MB): peak = 4154.871; parent = 3126.746; children = 1028.125
---------------------------------------------------------------------------------
---------------------------------------------------------------------------------
Start Timing Optimization
---------------------------------------------------------------------------------
INFO: [Synth 8-5584] The signal "top/u0/cpu/rf_ram/memory_reg" is implemented as distributed LUT RAM for the following reason(s): The timing constraints suggest that the chosen mapping will yield better timing results.
---------------------------------------------------------------------------------
Finished Timing Optimization : Time (s): cpu = 00:00:24 ; elapsed = 00:00:25 . Memory (MB): peak = 3158.758 ; gain = 645.238 ; free physical = 15144 ; free virtual = 86555
Synthesis current peak Physical Memory [PSS] (MB): peak = 2472.817; parent = 2262.640; children = 210.744
Synthesis current peak Virtual Memory [VSS] (MB): peak = 4154.871; parent = 3126.746; children = 1028.125
---------------------------------------------------------------------------------
---------------------------------------------------------------------------------
Start ROM, RAM, DSP, Shift Register and Retiming Reporting
---------------------------------------------------------------------------------

Block RAM: Final Mapping Report
+------------+----------------+------------------------+---+---+------------------------+---+---+------------------+--------+--------+
|Module Name | RTL Object     | PORT A (Depth x Width) | W | R | PORT B (Depth x Width) | W | R | Ports driving FF | RAMB18 | RAMB36 | 
+------------+----------------+------------------------+---+---+------------------------+---+---+------------------+--------+--------+
|top         | u0/ram/mem_reg | 2 K x 32(READ_FIRST)   | W | R |                        |   |   | Port A           | 0      | 2      | 
+------------+----------------+------------------------+---+---+------------------------+---+---+------------------+--------+--------+


Distributed RAM: Final Mapping Report
-------NONE-------
---------------------------------------------------------------------------------
Finished ROM, RAM, DSP, Shift Register and Retiming Reporting
---------------------------------------------------------------------------------
---------------------------------------------------------------------------------
Start Technology Mapping
---------------------------------------------------------------------------------
INFO: [Synth 8-7052] The timing for the instance u0/ram/mem_reg_0 (implemented as a Block RAM) might be sub-optimal as no optional output register could be merged into the ram block. Providing additional output register may help in improving timing.
INFO: [Synth 8-7052] The timing for the instance u0/ram/mem_reg_1 (implemented as a Block RAM) might be sub-optimal as no optional output register could be merged into the ram block. Providing additional output register may help in improving timing.
---------------------------------------------------------------------------------
Finished Technology Mapping : Time (s): cpu = 00:00:24 ; elapsed = 00:00:25 . Memory (MB): peak = 3158.758 ; gain = 645.238 ; free physical = 15123 ; free virtual = 86540
Synthesis current peak Physical Memory [PSS] (MB): peak = 2472.817; parent = 2262.640; children = 210.744
Synthesis current peak Virtual Memory [VSS] (MB): peak = 4154.871; parent = 3126.746; children = 1028.125
---------------------------------------------------------------------------------
---------------------------------------------------------------------------------
Start IO Insertion
---------------------------------------------------------------------------------
---------------------------------------------------------------------------------
Start Flattening Before IO Insertion
---------------------------------------------------------------------------------
---------------------------------------------------------------------------------
Finished Flattening Before IO Insertion
---------------------------------------------------------------------------------
---------------------------------------------------------------------------------
Start Final Netlist Cleanup
---------------------------------------------------------------------------------
---------------------------------------------------------------------------------
Finished Final Netlist Cleanup
---------------------------------------------------------------------------------
---------------------------------------------------------------------------------
Finished IO Insertion : Time (s): cpu = 00:00:27 ; elapsed = 00:00:28 . Memory (MB): peak = 3158.758 ; gain = 645.238 ; free physical = 15080 ; free virtual = 86502
Synthesis current peak Physical Memory [PSS] (MB): peak = 2472.817; parent = 2262.640; children = 210.744
Synthesis current peak Virtual Memory [VSS] (MB): peak = 4154.871; parent = 3126.746; children = 1028.125
---------------------------------------------------------------------------------
---------------------------------------------------------------------------------
Start Renaming Generated Instances
---------------------------------------------------------------------------------
---------------------------------------------------------------------------------
Finished Renaming Generated Instances : Time (s): cpu = 00:00:27 ; elapsed = 00:00:28 . Memory (MB): peak = 3158.758 ; gain = 645.238 ; free physical = 15080 ; free virtual = 86502
Synthesis current peak Physical Memory [PSS] (MB): peak = 2472.817; parent = 2262.640; children = 210.744
Synthesis current peak Virtual Memory [VSS] (MB): peak = 4154.871; parent = 3126.746; children = 1028.125
---------------------------------------------------------------------------------
---------------------------------------------------------------------------------
Start Rebuilding User Hierarchy
---------------------------------------------------------------------------------
---------------------------------------------------------------------------------
Finished Rebuilding User Hierarchy : Time (s): cpu = 00:00:27 ; elapsed = 00:00:29 . Memory (MB): peak = 3158.758 ; gain = 645.238 ; free physical = 15080 ; free virtual = 86502
Synthesis current peak Physical Memory [PSS] (MB): peak = 2472.817; parent = 2262.640; children = 210.744
Synthesis current peak Virtual Memory [VSS] (MB): peak = 4154.871; parent = 3126.746; children = 1028.125
---------------------------------------------------------------------------------
---------------------------------------------------------------------------------
Start Renaming Generated Ports
---------------------------------------------------------------------------------
---------------------------------------------------------------------------------
Finished Renaming Generated Ports : Time (s): cpu = 00:00:27 ; elapsed = 00:00:29 . Memory (MB): peak = 3158.758 ; gain = 645.238 ; free physical = 15080 ; free virtual = 86502
Synthesis current peak Physical Memory [PSS] (MB): peak = 2472.817; parent = 2262.640; children = 210.744
Synthesis current peak Virtual Memory [VSS] (MB): peak = 4154.871; parent = 3126.746; children = 1028.125
---------------------------------------------------------------------------------
---------------------------------------------------------------------------------
Start Handling Custom Attributes
---------------------------------------------------------------------------------
---------------------------------------------------------------------------------
Finished Handling Custom Attributes : Time (s): cpu = 00:00:27 ; elapsed = 00:00:29 . Memory (MB): peak = 3158.758 ; gain = 645.238 ; free physical = 15080 ; free virtual = 86502
Synthesis current peak Physical Memory [PSS] (MB): peak = 2472.817; parent = 2262.640; children = 210.744
Synthesis current peak Virtual Memory [VSS] (MB): peak = 4154.871; parent = 3126.746; children = 1028.125
---------------------------------------------------------------------------------
---------------------------------------------------------------------------------
Start Renaming Generated Nets
---------------------------------------------------------------------------------
---------------------------------------------------------------------------------
Finished Renaming Generated Nets : Time (s): cpu = 00:00:27 ; elapsed = 00:00:29 . Memory (MB): peak = 3158.758 ; gain = 645.238 ; free physical = 15080 ; free virtual = 86502
Synthesis current peak Physical Memory [PSS] (MB): peak = 2472.817; parent = 2262.640; children = 210.744
Synthesis current peak Virtual Memory [VSS] (MB): peak = 4154.871; parent = 3126.746; children = 1028.125
---------------------------------------------------------------------------------
---------------------------------------------------------------------------------
Start ROM, RAM, DSP, Shift Register and Retiming Reporting
---------------------------------------------------------------------------------

Static Shift Register Report:
+------------+------------------------------------+--------+-------+--------------+--------------------+-------------------+--------+---------+
|Module Name | RTL Name                           | Length | Width | Reset Signal | Pull out first Reg | Pull out last Reg | SRL16E | SRLC32E | 
+------------+------------------------------------+--------+-------+--------------+--------------------+-------------------+--------+---------+
|top         | wb_rstn_reg[0]                     | 4      | 1     | NO           | NO                 | YES               | 1      | 0       | 
|top         | u0/serv_dtm/tap_reg_dmi_reg[57]    | 4      | 2     | YES          | NO                 | YES               | 2      | 0       | 
|top         | u0/serv_dtm/tap_reg_dmi_reg[45]    | 5      | 1     | YES          | NO                 | YES               | 1      | 0       | 
|top         | u0/serv_dtm/tap_reg_idcode_reg[13] | 15     | 1     | YES          | NO                 | YES               | 1      | 0       | 
|top         | u0/serv_dtm/tap_reg_idcode_reg[5]  | 4      | 1     | YES          | NO                 | YES               | 1      | 0       | 
+------------+------------------------------------+--------+-------+--------------+--------------------+-------------------+--------+---------+

---------------------------------------------------------------------------------
Finished ROM, RAM, DSP, Shift Register and Retiming Reporting
---------------------------------------------------------------------------------
---------------------------------------------------------------------------------
Start Writing Synthesis Report
---------------------------------------------------------------------------------

Report BlackBoxes: 
+-+--------------+----------+
| |BlackBox name |Instances |
+-+--------------+----------+
+-+--------------+----------+

Report Cell Usage: 
+------+---------+------+
|      |Cell     |Count |
+------+---------+------+
|1     |BUFG     |     1|
|2     |CARRY4   |     8|
|3     |LUT1     |     2|
|4     |LUT2     |    80|
|5     |LUT3     |   136|
|6     |LUT4     |   121|
|7     |LUT5     |   181|
|8     |LUT6     |   277|
|9     |MUXF7    |     3|
|10    |RAM64M   |     6|
|11    |RAMB36E1 |     2|
|13    |SRL16E   |     6|
|14    |FDRE     |   732|
|15    |FDSE     |    18|
|16    |IBUF     |     4|
|17    |IBUFDS   |     1|
|18    |OBUF     |     2|
+------+---------+------+
---------------------------------------------------------------------------------
Finished Writing Synthesis Report : Time (s): cpu = 00:00:27 ; elapsed = 00:00:29 . Memory (MB): peak = 3158.758 ; gain = 645.238 ; free physical = 15080 ; free virtual = 86502
Synthesis current peak Physical Memory [PSS] (MB): peak = 2472.817; parent = 2262.640; children = 210.744
Synthesis current peak Virtual Memory [VSS] (MB): peak = 4154.871; parent = 3126.746; children = 1028.125
---------------------------------------------------------------------------------
Synthesis finished with 0 errors, 0 critical warnings and 31 warnings.
Synthesis Optimization Runtime : Time (s): cpu = 00:00:24 ; elapsed = 00:00:25 . Memory (MB): peak = 3158.758 ; gain = 477.520 ; free physical = 15132 ; free virtual = 86554
Synthesis Optimization Complete : Time (s): cpu = 00:00:27 ; elapsed = 00:00:29 . Memory (MB): peak = 3158.758 ; gain = 645.238 ; free physical = 15132 ; free virtual = 86554
INFO: [Project 1-571] Translating synthesized netlist
Netlist sorting complete. Time (s): cpu = 00:00:00.01 ; elapsed = 00:00:00.01 . Memory (MB): peak = 3158.758 ; gain = 0.000 ; free physical = 15235 ; free virtual = 86657
INFO: [Netlist 29-17] Analyzing 20 Unisim elements for replacement
INFO: [Netlist 29-28] Unisim Transformation completed in 0 CPU seconds
INFO: [Project 1-570] Preparing netlist for logic optimization
INFO: [Opt 31-138] Pushed 0 inverter(s) to 0 load pin(s).
Netlist sorting complete. Time (s): cpu = 00:00:00 ; elapsed = 00:00:00 . Memory (MB): peak = 3158.758 ; gain = 0.000 ; free physical = 15159 ; free virtual = 86583
INFO: [Project 1-111] Unisim Transformation Summary:
  A total of 6 instances were transformed.
  RAM64M => RAM64M (RAMD64E(x4)): 6 instances

Synth Design complete, checksum: f0f29d32
INFO: [Common 17-83] Releasing license: Synthesis
83 Infos, 97 Warnings, 0 Critical Warnings and 0 Errors encountered.
synth_design completed successfully
synth_design: Time (s): cpu = 00:00:39 ; elapsed = 00:00:39 . Memory (MB): peak = 3158.758 ; gain = 1148.609 ; free physical = 15404 ; free virtual = 86829
INFO: [Common 17-1381] The checkpoint '/home/binhkieudo/Workspace/XRPIX/serial_riscv/deploy/vc707/vc707.runs/synth_1/top.dcp' has been generated.
INFO: [runtcl-4] Executing : report_utilization -file top_utilization_synth.rpt -pb top_utilization_synth.pb
INFO: [Common 17-206] Exiting Vivado at Sat Aug 19 00:42:19 2023...
